[
    {
        "id": "9e82e9b0-9b43-4a78-af43-d5d5ef848a2f",
        "timestamp": "2025-12-26T01:26:41.177789",
        "agent": "System",
        "model": "unknown",
        "action": "STARTUP",
        "details": "Target: ./sandbox",
        "status": "INFO"
    },
    {
        "id": "f58bc15d-e316-46d2-8a38-407f96649ef3",
        "timestamp": "2026-01-06T22:28:27.895360",
        "agent": "Auditor",
        "model": "gemini-1.5-flash",
        "action": "CODE_ANALYSIS",
        "details": {
            "input_prompt": "AUDIT FAILED BEFORE PROMPT COMPLETION",
            "output_response": "400 API key not valid. Please pass a valid API key. [reason: \"API_KEY_INVALID\"\ndomain: \"googleapis.com\"\nmetadata {\n  key: \"service\"\n  value: \"generativelanguage.googleapis.com\"\n}\n, locale: \"en-US\"\nmessage: \"API key not valid. Please pass a valid API key.\"\n]",
            "file_path": "sandbox/buggy_code.py"
        },
        "status": "FAILURE"
    },
    {
        "id": "bd09bf9a-3c7e-4179-905a-a4794954d355",
        "timestamp": "2026-01-06T22:28:50.799681",
        "agent": "Auditor",
        "model": "gemini-1.5-flash",
        "action": "CODE_ANALYSIS",
        "details": {
            "input_prompt": "AUDIT FAILED BEFORE PROMPT COMPLETION",
            "output_response": "400 API key not valid. Please pass a valid API key. [reason: \"API_KEY_INVALID\"\ndomain: \"googleapis.com\"\nmetadata {\n  key: \"service\"\n  value: \"generativelanguage.googleapis.com\"\n}\n, locale: \"en-US\"\nmessage: \"API key not valid. Please pass a valid API key.\"\n]",
            "file_path": "sandbox/buggy_code.py"
        },
        "status": "FAILURE"
    },
    {
        "id": "4b0d1455-2448-49f6-86b6-704a955b7f27",
        "timestamp": "2026-01-06T23:12:41.352711",
        "agent": "Auditor",
        "model": "gemini-1.5-flash",
        "action": "CODE_ANALYSIS",
        "details": {
            "input_prompt": "AUDIT FAILED BEFORE PROMPT COMPLETION",
            "output_response": "404 models/gemini-1.5-flash is not found for API version v1beta, or is not supported for generateContent. Call ListModels to see the list of available models and their supported methods.",
            "file_path": "sandbox/buggy_code.py"
        },
        "status": "FAILURE"
    },
    {
        "id": "f38b0e07-3c0d-4068-b3da-458126ee2305",
        "timestamp": "2026-01-06T23:15:28.692214",
        "agent": "Auditor",
        "model": "gemini-1.5-flash",
        "action": "CODE_ANALYSIS",
        "details": {
            "input_prompt": "AUDIT FAILED BEFORE PROMPT COMPLETION",
            "output_response": "404 models/gemini-1.5-flash is not found for API version v1beta, or is not supported for generateContent. Call ListModels to see the list of available models and their supported methods.",
            "file_path": "sandbox/buggy_code.py"
        },
        "status": "FAILURE"
    },
    {
        "id": "3fdade72-555c-4bdc-9660-efa8c47b4d66",
        "timestamp": "2026-01-06T23:18:30.255153",
        "agent": "Auditor",
        "model": "gemini-2.5-flash",
        "action": "CODE_ANALYSIS",
        "details": {
            "input_prompt": "AUDIT FAILED BEFORE PROMPT COMPLETION",
            "output_response": "429 You exceeded your current quota, please check your plan and billing details. For more information on this error, head to: https://ai.google.dev/gemini-api/docs/rate-limits. To monitor your current usage, head to: https://ai.dev/usage?tab=rate-limit. ",
            "file_path": "sandbox/buggy_code.py"
        },
        "status": "FAILURE"
    },
    {
        "id": "2e239ea9-be05-45ef-a74a-40269a7094bc",
        "timestamp": "2026-01-07T12:46:09.559535",
        "agent": "Auditor",
        "model": "gemini-2.5-flash",
        "action": "CODE_ANALYSIS",
        "details": {
            "input_prompt": "AUDIT FAILED BEFORE PROMPT COMPLETION",
            "output_response": "429 You exceeded your current quota, please check your plan and billing details. For more information on this error, head to: https://ai.google.dev/gemini-api/docs/rate-limits. To monitor your current usage, head to: https://ai.dev/usage?tab=rate-limit. ",
            "file_path": "sandbox/buggy_code.py"
        },
        "status": "FAILURE"
    },
    {
        "id": "323672c3-04af-4a4c-8231-f3830342ca6c",
        "timestamp": "2026-01-07T12:46:25.445447",
        "agent": "Auditor",
        "model": "gemini-2.5-flash",
        "action": "CODE_ANALYSIS",
        "details": {
            "input_prompt": "AUDIT FAILED BEFORE PROMPT COMPLETION",
            "output_response": "429 You exceeded your current quota, please check your plan and billing details. For more information on this error, head to: https://ai.google.dev/gemini-api/docs/rate-limits. To monitor your current usage, head to: https://ai.dev/usage?tab=rate-limit. ",
            "file_path": "sandbox/buggy_code.py"
        },
        "status": "FAILURE"
    },
    {
        "id": "01098122-04dc-4943-a246-7bf575bd8561",
        "timestamp": "2026-01-07T18:27:50.486019",
        "agent": "Auditor",
        "model": "gemini-2.5-flash",
        "action": "CODE_ANALYSIS",
        "details": {
            "input_prompt": "AUDIT FAILED BEFORE PROMPT COMPLETION",
            "output_response": "429 You exceeded your current quota, please check your plan and billing details. For more information on this error, head to: https://ai.google.dev/gemini-api/docs/rate-limits. To monitor your current usage, head to: https://ai.dev/usage?tab=rate-limit. ",
            "file_path": "sandbox/buggy_code.py"
        },
        "status": "FAILURE"
    },
    {
        "id": "5058cb6d-3c7c-4dca-84d3-d5a62a96a7d1",
        "timestamp": "2026-01-07T18:53:20.792721",
        "agent": "Auditor",
        "model": "meta-llama/llama-4-scout-17b-16e-instruct",
        "action": "CODE_ANALYSIS",
        "details": {
            "file_path": "sandbox/buggy_code.py",
            "pylint_report": "************* Module buggy_code\nsandbox\\buggy_code.py:2:0: W0311: Bad indentation. Found 1 spaces, expected 4 (bad-indentation)\nsandbox\\buggy_code.py:1:0: C0114: Missing module docstring (missing-module-docstring)\nsandbox\\buggy_code.py:1:0: C0116: Missing function or method docstring (missing-function-docstring)\n\n------------------------------------------------------------------\nYour code has been rated at 0.00/10 (previous run: 0.00/10, +0.00)\n\n",
            "input_prompt": "Fichier analys√© : sandbox/buggy_code.py\n\nRapport Pylint :\n************* Module buggy_code\nsandbox\\buggy_code.py:2:0: W0311: Bad indentation. Found 1 spaces, expected 4 (bad-indentation)\nsandbox\\buggy_code.py:1:0: C0114: Missing module docstring (missing-module-docstring)\nsandbox\\buggy_code.py:1:0: C0116: Missing function or method docstring (missing-function-docstring)\n\n------------------------------------------------------------------\nYour code has been rated at 0.00/10 (previous run: 0.00/10, +0.00)\n\n\n\nG√©n√®re un plan de refactoring d√©taill√© bas√© sur les probl√®mes identifi√©s.",
            "output_response": "## 1. Analyse des Probl√®mes\nLe rapport Pylint pour le fichier `sandbox/buggy_code.py` r√©v√®le trois probl√®mes principaux :\n- Une indentation incorrecte au niveau de la ligne 2, o√π 1 espace est utilis√© au lieu des 4 attendus.\n- Un docstring de module manquant √† la ligne 1.\n- Un docstring de fonction ou m√©thode manquant √† la ligne 1.\n\n## 2. Plan de Correction\nVoici les √©tapes √† suivre pour corriger les probl√®mes identifi√©s :\n\n1. **Fichier concern√©** : sandbox/buggy_code.py\n   - **Probl√®me** : Indentation incorrecte √† la ligne 2.\n   - **Correction attendue** : Remplacer les 1 espace par 4 espaces pour aligner correctement le code.\n\n2. **Fichier concern√©** : sandbox/buggy_code.py\n   - **Probl√®me** : Docstring de module manquant √† la ligne 1.\n   - **Correction attendue** : Ajouter un docstring au d√©but du fichier pour d√©crire le contenu et l'objectif du module.\n\n3. **Fichier concern√©** : sandbox/buggy_code.py\n   - **Probl√®me** : Docstring de fonction ou m√©thode manquant √† la ligne 1.\n   - **Correction attendue** : Ajouter un docstring pour chaque fonction ou m√©thode pr√©sente dans le fichier pour en d√©crire l'objectif et les param√®tres.\n\n## 3. Remarques G√©n√©rales\n- Assurez-vous que toutes les indentations dans le fichier respectent la norme PEP8, qui recommande l'utilisation de 4 espaces pour l'indentation.\n- Les docstrings doivent √™tre plac√©s imm√©diatement apr√®s la d√©finition du module, de la fonction ou de la classe et doivent √™tre des cha√Ænes de caract√®res_literals qui apparaissent comme premier statement apr√®s la d√©finition.\n- Il est conseill√© de v√©rifier l'ensemble du fichier pour s'assurer qu'il n'y a pas d'autres probl√®mes d'indentation ou de documentation."
        },
        "status": "SUCCESS"
    },
    {
        "id": "bcb8c086-2031-40e4-9400-322eeba50940",
        "timestamp": "2026-01-07T19:28:17.978174",
        "agent": "Auditor",
        "model": "meta-llama/llama-4-scout-17b-16e-instruct",
        "action": "CODE_ANALYSIS",
        "details": {
            "file_path": "sandbox/buggy_code.py",
            "pylint_report": "************* Module buggy_code\nsandbox\\buggy_code.py:2:0: W0311: Bad indentation. Found 1 spaces, expected 4 (bad-indentation)\nsandbox\\buggy_code.py:1:0: C0114: Missing module docstring (missing-module-docstring)\nsandbox\\buggy_code.py:1:0: C0116: Missing function or method docstring (missing-function-docstring)\n\n------------------------------------------------------------------\nYour code has been rated at 0.00/10 (previous run: 0.00/10, +0.00)\n\n",
            "input_prompt": "Fichier analys√© : sandbox/buggy_code.py\n\nRapport Pylint :\n************* Module buggy_code\nsandbox\\buggy_code.py:2:0: W0311: Bad indentation. Found 1 spaces, expected 4 (bad-indentation)\nsandbox\\buggy_code.py:1:0: C0114: Missing module docstring (missing-module-docstring)\nsandbox\\buggy_code.py:1:0: C0116: Missing function or method docstring (missing-function-docstring)\n\n------------------------------------------------------------------\nYour code has been rated at 0.00/10 (previous run: 0.00/10, +0.00)\n\n\n\nG√©n√®re un plan de refactoring d√©taill√© bas√© sur les probl√®mes identifi√©s.",
            "output_response": "## 1. Analyse des Probl√®mes\nLe rapport Pylint pour le fichier `sandbox/buggy_code.py` r√©v√®le trois probl√®mes principaux :\n- Une indentation incorrecte au niveau de la ligne 2, o√π 1 espace est utilis√© au lieu des 4 attendus.\n- Un docstring de module manquant √† la ligne 1.\n- Un docstring de fonction ou m√©thode manquant √† la ligne 1.\n\n## 2. Plan de Correction\nVoici les √©tapes √† suivre pour corriger les probl√®mes identifi√©s :\n\n1. **Fichier concern√©** : sandbox/buggy_code.py\n   - **Probl√®me** : Indentation incorrecte √† la ligne 2.\n   - **Correction attendue** : Remplacer les 1 espace par 4 espaces pour aligner correctement le code.\n\n2. **Fichier concern√©** : sandbox/buggy_code.py\n   - **Probl√®me** : Docstring de module manquant √† la ligne 1.\n   - **Correction attendue** : Ajouter un docstring au d√©but du module pour d√©crire son contenu et son objectif.\n\n3. **Fichier concern√©** : sandbox/buggy_code.py\n   - **Probl√®me** : Docstring de fonction ou m√©thode manquant √† la ligne 1.\n   - **Correction attendue** : Ajouter un docstring √† la fonction ou m√©thode pour en d√©crire le but, les param√®tres et les valeurs de retour.\n\n## 3. Remarques G√©n√©rales\n- Assurer que l'indentation est coh√©rente dans tout le fichier en utilisant 4 espaces pour chaque niveau d'indentation, conform√©ment aux recommandations PEP8.\n- Les docstrings devraient √™tre r√©dig√©s de mani√®re claire et concise, en fournissant suffisamment d'informations pour que les utilisateurs comprennent comment utiliser le module, les fonctions ou les m√©thodes.\n- Consid√©rer l'ajout de commentaires suppl√©mentaires si certaines parties du code sont complexes ou non √©videntes, pour am√©liorer la lisibilit√© et la maintenabilit√© du code."
        },
        "status": "SUCCESS"
    },
    {
        "id": "141cfc83-c7c8-4e58-8259-4992e56171c7",
        "timestamp": "2026-01-07T19:44:50.950728",
        "agent": "Auditor",
        "model": "meta-llama/llama-4-scout-17b-16e-instruct",
        "action": "CODE_ANALYSIS",
        "details": {
            "file_path": "sandbox/buggy_calculator.py",
            "pylint_report": "************* Module buggy_calculator\nsandbox\\buggy_calculator.py:10:0: C0303: Trailing whitespace (trailing-whitespace)\nsandbox\\buggy_calculator.py:14:0: C0303: Trailing whitespace (trailing-whitespace)\nsandbox\\buggy_calculator.py:17:0: C0303: Trailing whitespace (trailing-whitespace)\nsandbox\\buggy_calculator.py:38:0: C0304: Final newline missing (missing-final-newline)\nsandbox\\buggy_calculator.py:1:0: C0114: Missing module docstring (missing-module-docstring)\nsandbox\\buggy_calculator.py:1:0: C0116: Missing function or method docstring (missing-function-docstring)\nsandbox\\buggy_calculator.py:7:0: C0115: Missing class docstring (missing-class-docstring)\nsandbox\\buggy_calculator.py:11:4: C0116: Missing function or method docstring (missing-function-docstring)\nsandbox\\buggy_calculator.py:15:4: C0116: Missing function or method docstring (missing-function-docstring)\nsandbox\\buggy_calculator.py:18:4: C0116: Missing function or method docstring (missing-function-docstring)\nsandbox\\buggy_calculator.py:20:12: W0612: Unused variable 'i' (unused-variable)\nsandbox\\buggy_calculator.py:24:0: C0116: Missing function or method docstring (missing-function-docstring)\nsandbox\\buggy_calculator.py:24:0: C0103: Function name \"processData\" doesn't conform to snake_case naming style (invalid-name)\nsandbox\\buggy_calculator.py:25:4: R1705: Unnecessary \"else\" after \"return\", remove the \"else\" and de-indent the code inside it (no-else-return)\nsandbox\\buggy_calculator.py:25:7: C0123: Use isinstance() rather than type() for a typecheck. (unidiomatic-typecheck)\nsandbox\\buggy_calculator.py:32:0: C0103: Constant name \"temp\" doesn't conform to UPPER_CASE naming style (invalid-name)\nsandbox\\buggy_calculator.py:34:0: C0116: Missing function or method docstring (missing-function-docstring)\nsandbox\\buggy_calculator.py:37:4: W0612: Unused variable 'z' (unused-variable)\n\n-----------------------------------\nYour code has been rated at 3.79/10\n\n",
            "input_prompt": "Fichier analys√© : sandbox/buggy_calculator.py\n\nRapport Pylint :\n************* Module buggy_calculator\nsandbox\\buggy_calculator.py:10:0: C0303: Trailing whitespace (trailing-whitespace)\nsandbox\\buggy_calculator.py:14:0: C0303: Trailing whitespace (trailing-whitespace)\nsandbox\\buggy_calculator.py:17:0: C0303: Trailing whitespace (trailing-whitespace)\nsandbox\\buggy_calculator.py:38:0: C0304: Final newline missing (missing-final-newline)\nsandbox\\buggy_calculator.py:1:0: C0114: Missing module docstring (missing-module-docstring)\nsandbox\\buggy_calculator.py:1:0: C0116: Missing function or method docstring (missing-function-docstring)\nsandbox\\buggy_calculator.py:7:0: C0115: Missing class docstring (missing-class-docstring)\nsandbox\\buggy_calculator.py:11:4: C0116: Missing function or method docstring (missing-function-docstring)\nsandbox\\buggy_calculator.py:15:4: C0116: Missing function or method docstring (missing-function-docstring)\nsandbox\\buggy_calculator.py:18:4: C0116: Missing function or method docstring (missing-function-docstring)\nsandbox\\buggy_calculator.py:20:12: W0612: Unused variable 'i' (unused-variable)\nsandbox\\buggy_calculator.py:24:0: C0116: Missing function or method docstring (missing-function-docstring)\nsandbox\\buggy_calculator.py:24:0: C0103: Function name \"processData\" doesn't conform to snake_case naming style (invalid-name)\nsandbox\\buggy_calculator.py:25:4: R1705: Unnecessary \"else\" after \"return\", remove the \"else\" and de-indent the code inside it (no-else-return)\nsandbox\\buggy_calculator.py:25:7: C0123: Use isinstance() rather than type() for a typecheck. (unidiomatic-typecheck)\nsandbox\\buggy_calculator.py:32:0: C0103: Constant name \"temp\" doesn't conform to UPPER_CASE naming style (invalid-name)\nsandbox\\buggy_calculator.py:34:0: C0116: Missing function or method docstring (missing-function-docstring)\nsandbox\\buggy_calculator.py:37:4: W0612: Unused variable 'z' (unused-variable)\n\n-----------------------------------\nYour code has been rated at 3.79/10\n\n\n\nG√©n√®re un plan de refactoring d√©taill√© bas√© sur les probl√®mes identifi√©s.",
            "output_response": "## 1. Analyse des Probl√®mes\nLe rapport Pylint pour le fichier `sandbox/buggy_calculator.py` r√©v√®le plusieurs probl√®mes, notamment :\n- Des espaces de fin de ligne inutiles (C0303) sur les lignes 10, 14 et 17.\n- L'absence d'une nouvelle ligne finale (C0304) √† la fin du fichier.\n- Des docstrings manquantes pour le module (C0114), les classes (C0115) et plusieurs fonctions/m√©thodes (C0116).\n- Un nom de fonction non conforme √† la convention snake_case (C0103) pour `processData`.\n- Des variables inutilis√©es (W0612) comme `i` et `z`.\n- Un contr√¥le de type non idiomatique (C0123) utilisant `type()` au lieu de `isinstance()`.\n- Un `else` inutile apr√®s un `return` (R1705).\n- Un nom de constante non conforme √† la convention UPPER_CASE (C0103) pour `temp`.\n\n## 2. Plan de Correction\nVoici les √©tapes √† suivre pour corriger les probl√®mes identifi√©s :\n\n1. **Supprimer les espaces de fin de ligne inutiles**\n   - Fichier : `sandbox/buggy_calculator.py`\n   - Probl√®me : C0303\n   - Lignes : 10, 14, 17\n   - Correction attendue : Supprimer les espaces √† la fin des lignes.\n\n2. **Ajouter une nouvelle ligne finale**\n   - Fichier : `sandbox/buggy_calculator.py`\n   - Probl√®me : C0304\n   - Ligne : 38\n   - Correction attendue : Ajouter une nouvelle ligne √† la fin du fichier.\n\n3. **Ajouter des docstrings**\n   - Fichier : `sandbox/buggy_calculator.py`\n   - Probl√®me : C0114, C0115, C0116\n   - Lignes/√©l√©ments concern√©s : \n     - Module (ligne 1)\n     - Classe (ligne 7)\n     - Fonctions/m√©thodes (lignes 11, 15, 18, 24, 34)\n   - Correction attendue : Ajouter des docstrings pour d√©crire le module, la classe et chaque fonction/m√©thode.\n\n4. **Renommer la fonction `processData`**\n   - Fichier : `sandbox/buggy_calculator.py`\n   - Probl√®me : C0103\n   - Ligne : 24\n   - Correction attendue : Renommer la fonction en `process_data` pour se conformer √† la convention snake_case.\n\n5. **Supprimer l'`else` inutile**\n   - Fichier : `sandbox/buggy_calculator.py`\n   - Probl√®me : R1705\n   - Ligne : 25\n   - Correction attendue : Supprimer le `else` apr√®s le `return` et d√©-indenter le code √† l'int√©rieur.\n\n6. **Utiliser `isinstance()` pour les contr√¥les de type**\n   - Fichier : `sandbox/buggy_calculator.py`\n   - Probl√®me : C0123\n   - Ligne : 25\n   - Correction attendue : Remplacer `type()` par `isinstance()` pour les contr√¥les de type.\n\n7. **Renommer la constante `temp`**\n   - Fichier : `sandbox/buggy_calculator.py`\n   - Probl√®me : C0103\n   - Ligne : 32\n   - Correction attendue : Renommer la constante en `TEMP` pour se conformer √† la convention UPPER_CASE.\n\n8. **Supprimer les variables inutilis√©es**\n   - Fichier : `sandbox/buggy_calculator.py`\n   - Probl√®me : W0612\n   - Lignes : 20 (variable `i`), 37 (variable `z`)\n   - Correction attendue : Supprimer ou utiliser les variables `i` et `z`.\n\n## 3. Remarques G√©n√©rales\n- Assurer la conformit√© aux conventions de nommage PEP8 (par exemple, utiliser snake_case pour les noms de variables et de fonctions, UPPER_CASE pour les constantes).\n- Utiliser des espaces de mani√®re coh√©rente autour des op√©rateurs et apr√®s les virgules.\n- Documenter toutes les fonctions, classes et modules avec des docstrings clairs et descriptifs.\n- √âviter les variables inutilis√©es pour garder le code propre et efficient."
        },
        "status": "SUCCESS"
    },
    {
        "id": "1349e664-1fc5-434f-8ce6-676084e78ed7",
        "timestamp": "2026-01-07T19:54:11.294800",
        "agent": "Auditor",
        "model": "meta-llama/llama-4-scout-17b-16e-instruct",
        "action": "CODE_ANALYSIS",
        "details": {
            "file_path": "sandbox/buggy_code.py",
            "code_length": 26,
            "pylint_report": "************* Module buggy_code\nsandbox\\buggy_code.py:2:0: W0311: Bad indentation. Found 1 spaces, expected 4 (bad-indentation)\nsandbox\\buggy_code.py:1:0: C0114: Missing module docstring (missing-module-docstring)\nsandbox\\buggy_code.py:1:0: C0116: Missing function or method docstring (missing-function-docstring)\n\n------------------------------------------------------------------\nYour code has been rated at 0.00/10 (previous run: 0.00/10, +0.00)\n\n",
            "input_prompt": "Fichier analys√© : sandbox/buggy_code.py\n\n--- CODE SOURCE ---\n```python\ndef add(a,b):\n return a-b\n\n```\n\n--- RAPPORT PYLINT ---\n************* Module buggy_code\nsandbox\\buggy_code.py:2:0: W0311: Bad indentation. Found 1 spaces, expected 4 (bad-indentation)\nsandbox\\buggy_code.py:1:0: C0114: Missing module docstring (missing-module-docstring)\nsandbox\\buggy_code.py:1:0: C0116: Missing function or method docstring (missing-function-docstring)\n\n------------------------------------------------------------------\nYour code has been rated at 0.00/10 (previous run: 0.00/10, +0.00)\n\n\n\nG√©n√®re un plan de refactoring d√©taill√© bas√© sur :\n1. Les probl√®mes identifi√©s par Pylint\n2. Les bugs logiques potentiels que tu d√©tectes dans le code\n3. Les probl√®mes de s√©curit√© (division par z√©ro, fichiers non ferm√©s, etc.)\n4. Les violations des bonnes pratiques Python",
            "output_response": "## 1. Analyse des Probl√®mes\nR√©sum√© clair et concis des erreurs d√©tect√©es.\n\n- üî¥ **Bugs Critiques** : 1 probl√®me trouv√©\n  - Bug logique dans la fonction `add(a, b)`.\n- üü° **Probl√®mes Importants** : 0 probl√®me trouv√©\n- üü¢ **Probl√®mes Mineurs** : 3 probl√®mes trouv√©s\n  - Bad indentation (1 espace au lieu de 4).\n  - Missing module docstring.\n  - Missing function or method docstring.\n\n## 2. Plan de Correction\n\n### üî¥ Priorit√© CRITIQUE\n1. **Bug logique dans la fonction `add(a, b)`**\n   - Fichier : `sandbox/buggy_code.py`\n   - Ligne : 2\n   - Probl√®me : La fonction `add(a, b)` soustrait `b` de `a` au lieu de les additionner.\n   - Impact : R√©sultats incorrects lors de l'utilisation de la fonction pour additionner des nombres.\n   - Correction attendue : Changer la ligne `return a-b` en `return a+b`.\n\n### üü¢ Priorit√© MINEURE\n1. **Bad indentation**\n   - Fichier : `sandbox/buggy_code.py`\n   - Ligne : 2\n   - Probl√®me : Utilisation de 1 espace pour l'indentation au lieu des 4 espaces attendus.\n   - Impact : Non-conformit√© au standard PEP8.\n   - Correction attendue : Remplacer les 1 espace par 4 espaces.\n\n2. **Missing module docstring**\n   - Fichier : `sandbox/buggy_code.py`\n   - Ligne : 1\n   - Probl√®me : Absence de docstring pour le module.\n   - Impact : Documentation incompl√®te.\n   - Correction attendue : Ajouter un docstring au d√©but du fichier pour d√©crire le module.\n\n3. **Missing function or method docstring**\n   - Fichier : `sandbox/buggy_code.py`\n   - Ligne : 1\n   - Probl√®me : Absence de docstring pour la fonction `add(a, b)`.\n   - Impact : Documentation incompl√®te.\n   - Correction attendue : Ajouter un docstring √† la fonction `add(a, b)` pour d√©crire son fonctionnement.\n\n## 3. Remarques G√©n√©rales\n- Conseils d'am√©lioration globale : \n  - Utiliser des noms de fonctions plus descriptifs.\n  - Consid√©rer l'ajout de validations pour les entr√©es de la fonction `add(a, b)`.\n- Suggestions d'architecture si pertinent : \n  - Aucune suggestion particuli√®re pour ce code simple.\n- Bonnes pratiques Python recommand√©es :\n  - Suivre les directives PEP8 pour le style du code.\n  - Utiliser des docstrings pour documenter les modules et les fonctions.\n- Score de qualit√© estim√© apr√®s corrections : 8/10 (am√©lioration attendue apr√®s correction des probl√®mes identifi√©s)."
        },
        "status": "SUCCESS"
    },
    {
        "id": "11c3c618-82c3-4cad-b0eb-4914bcd1a9c5",
        "timestamp": "2026-01-07T19:54:16.890443",
        "agent": "Auditor",
        "model": "meta-llama/llama-4-scout-17b-16e-instruct",
        "action": "CODE_ANALYSIS",
        "details": {
            "file_path": "sandbox/buggy_calculator.py",
            "code_length": 968,
            "pylint_report": "************* Module buggy_calculator\nsandbox\\buggy_calculator.py:10:0: C0303: Trailing whitespace (trailing-whitespace)\nsandbox\\buggy_calculator.py:14:0: C0303: Trailing whitespace (trailing-whitespace)\nsandbox\\buggy_calculator.py:17:0: C0303: Trailing whitespace (trailing-whitespace)\nsandbox\\buggy_calculator.py:38:0: C0304: Final newline missing (missing-final-newline)\nsandbox\\buggy_calculator.py:1:0: C0114: Missing module docstring (missing-module-docstring)\nsandbox\\buggy_calculator.py:1:0: C0116: Missing function or method docstring (missing-function-docstring)\nsandbox\\buggy_calculator.py:7:0: C0115: Missing class docstring (missing-class-docstring)\nsandbox\\buggy_calculator.py:11:4: C0116: Missing function or method docstring (missing-function-docstring)\nsandbox\\buggy_calculator.py:15:4: C0116: Missing function or method docstring (missing-function-docstring)\nsandbox\\buggy_calculator.py:18:4: C0116: Missing function or method docstring (missing-function-docstring)\nsandbox\\buggy_calculator.py:20:12: W0612: Unused variable 'i' (unused-variable)\nsandbox\\buggy_calculator.py:24:0: C0116: Missing function or method docstring (missing-function-docstring)\nsandbox\\buggy_calculator.py:24:0: C0103: Function name \"processData\" doesn't conform to snake_case naming style (invalid-name)\nsandbox\\buggy_calculator.py:25:4: R1705: Unnecessary \"else\" after \"return\", remove the \"else\" and de-indent the code inside it (no-else-return)\nsandbox\\buggy_calculator.py:25:7: C0123: Use isinstance() rather than type() for a typecheck. (unidiomatic-typecheck)\nsandbox\\buggy_calculator.py:32:0: C0103: Constant name \"temp\" doesn't conform to UPPER_CASE naming style (invalid-name)\nsandbox\\buggy_calculator.py:34:0: C0116: Missing function or method docstring (missing-function-docstring)\nsandbox\\buggy_calculator.py:37:4: W0612: Unused variable 'z' (unused-variable)\n\n------------------------------------------------------------------\nYour code has been rated at 3.79/10 (previous run: 3.79/10, +0.00)\n\n",
            "input_prompt": "Fichier analys√© : sandbox/buggy_calculator.py\n\n--- CODE SOURCE ---\n```python\ndef calculate_average(numbers):\n    total = 0\n    for i in numbers:\n        total += i\n    return total / len(numbers)  # Division by zero si liste vide\n\nclass Calculator:\n    def __init__(self):\n        self.result = 0\n    \n    def add(self,x,y):  # Pas d'espace apr√®s virgule\n        self.result=x+y  # Pas d'espaces autour des op√©rateurs\n        return self.result\n    \n    def divide(self, a, b):\n        return a/b  # Pas de v√©rification division par z√©ro\n    \n    def power(self,base,exponent):\n        result = 1\n        for i in range(exponent):\n            result = result * base\n        return result\n\ndef processData(data):  # Nom de fonction non conforme (camelCase)\n    if type(data) == list:  # Utilise type() au lieu de isinstance()\n        return sum(data)\n    else:\n        return 0\n\n# Variables globales non utilis√©es\nUNUSED_CONSTANT = 42\ntemp = \"test\"\n\ndef buggy_function():\n    x = 10\n    y = 20\n    z = 30  # Variable non utilis√©e\n    return x + y\n```\n\n--- RAPPORT PYLINT ---\n************* Module buggy_calculator\nsandbox\\buggy_calculator.py:10:0: C0303: Trailing whitespace (trailing-whitespace)\nsandbox\\buggy_calculator.py:14:0: C0303: Trailing whitespace (trailing-whitespace)\nsandbox\\buggy_calculator.py:17:0: C0303: Trailing whitespace (trailing-whitespace)\nsandbox\\buggy_calculator.py:38:0: C0304: Final newline missing (missing-final-newline)\nsandbox\\buggy_calculator.py:1:0: C0114: Missing module docstring (missing-module-docstring)\nsandbox\\buggy_calculator.py:1:0: C0116: Missing function or method docstring (missing-function-docstring)\nsandbox\\buggy_calculator.py:7:0: C0115: Missing class docstring (missing-class-docstring)\nsandbox\\buggy_calculator.py:11:4: C0116: Missing function or method docstring (missing-function-docstring)\nsandbox\\buggy_calculator.py:15:4: C0116: Missing function or method docstring (missing-function-docstring)\nsandbox\\buggy_calculator.py:18:4: C0116: Missing function or method docstring (missing-function-docstring)\nsandbox\\buggy_calculator.py:20:12: W0612: Unused variable 'i' (unused-variable)\nsandbox\\buggy_calculator.py:24:0: C0116: Missing function or method docstring (missing-function-docstring)\nsandbox\\buggy_calculator.py:24:0: C0103: Function name \"processData\" doesn't conform to snake_case naming style (invalid-name)\nsandbox\\buggy_calculator.py:25:4: R1705: Unnecessary \"else\" after \"return\", remove the \"else\" and de-indent the code inside it (no-else-return)\nsandbox\\buggy_calculator.py:25:7: C0123: Use isinstance() rather than type() for a typecheck. (unidiomatic-typecheck)\nsandbox\\buggy_calculator.py:32:0: C0103: Constant name \"temp\" doesn't conform to UPPER_CASE naming style (invalid-name)\nsandbox\\buggy_calculator.py:34:0: C0116: Missing function or method docstring (missing-function-docstring)\nsandbox\\buggy_calculator.py:37:4: W0612: Unused variable 'z' (unused-variable)\n\n------------------------------------------------------------------\nYour code has been rated at 3.79/10 (previous run: 3.79/10, +0.00)\n\n\n\nG√©n√®re un plan de refactoring d√©taill√© bas√© sur :\n1. Les probl√®mes identifi√©s par Pylint\n2. Les bugs logiques potentiels que tu d√©tectes dans le code\n3. Les probl√®mes de s√©curit√© (division par z√©ro, fichiers non ferm√©s, etc.)\n4. Les violations des bonnes pratiques Python",
            "output_response": "## 1. Analyse des Probl√®mes\n\n- **Bugs Critiques** : 2 probl√®mes trouv√©s\n  - Division par z√©ro potentielle dans `calculate_average` et `divide`.\n  - Variable non utilis√©e pouvant cacher un bug logique.\n\n- **Probl√®mes Importants** : 7 probl√®mes trouv√©s\n  - Mauvaises pratiques Python (style, nommage, etc.)\n  - Code non idiomatique\n  - Gestion d'erreurs manquante\n\n- **Probl√®mes Mineurs** : 8 probl√®mes trouv√©s\n  - Style PEP8 (espaces, nommage)\n  - Docstrings manquantes\n  - Variables inutilis√©es\n  - Imports inutiles (aucun import inutile d√©tect√©)\n\n## 2. Plan de Correction\n\n### üî¥ Priorit√© CRITIQUE\n\n1. **Division par z√©ro dans `calculate_average`**\n   - Fichier : `sandbox/buggy_calculator.py`\n   - Ligne : 5\n   - Probl√®me : La fonction ne v√©rifie pas si la liste `numbers` est vide avant de calculer la moyenne.\n   - Impact : Une division par z√©ro se produira si la liste est vide.\n   - Correction attendue : Ajouter une v√©rification pour lever une exception ou retourner une valeur par d√©faut si la liste est vide.\n\n2. **Division par z√©ro dans `divide`**\n   - Fichier : `sandbox/buggy_calculator.py`\n   - Ligne : 16\n   - Probl√®me : La fonction ne v√©rifie pas si le d√©nominateur `b` est z√©ro avant de diviser.\n   - Impact : Une division par z√©ro se produira si `b` est z√©ro.\n   - Correction attendue : Ajouter une v√©rification pour lever une exception ou retourner une valeur par d√©faut si `b` est z√©ro.\n\n### üü° Priorit√© IMPORTANTE\n\n1. **Nom de fonction non conforme dans `processData`**\n   - Fichier : `sandbox/buggy_calculator.py`\n   - Ligne : 24\n   - Probl√®me : Le nom de la fonction `processData` ne suit pas la convention snake_case de Python.\n   - Impact : Lecture et maintenance difficiles.\n   - Correction attendue : Renommer la fonction en `process_data`.\n\n2. **Utilisation de `type()` au lieu de `isinstance()` dans `processData`**\n   - Fichier : `sandbox/buggy_calculator.py`\n   - Ligne : 25\n   - Probl√®me : Utilisation de `type()` pour v√©rifier le type de `data`.\n   - Impact : Code non idiomatique et potentiellement moins flexible.\n   - Correction attendue : Remplacer `type(data) == list` par `isinstance(data, list)`.\n\n3. **Variable globale non utilis√©e `UNUSED_CONSTANT`**\n   - Fichier : `sandbox/buggy_calculator.py`\n   - Ligne : 32\n   - Probl√®me : La variable `UNUSED_CONSTANT` n'est pas utilis√©e.\n   - Impact : Encombrement inutile du code.\n   - Correction attendue : Supprimer la variable.\n\n4. **Variable globale non utilis√©e `temp`**\n   - Fichier : `sandbox/buggy_calculator.py`\n   - Ligne : 33\n   - Probl√®me : La variable `temp` n'est pas utilis√©e.\n   - Impact : Encombrement inutile du code.\n   - Correction attendue : Supprimer la variable.\n\n5. **Variable non utilis√©e `z` dans `buggy_function`**\n   - Fichier : `sandbox/buggy_calculator.py`\n   - Ligne : 37\n   - Probl√®me : La variable `z` est d√©clar√©e mais non utilis√©e.\n   - Impact : Code potentiellement trompeur.\n   - Correction attendue : Supprimer la variable ou l'utiliser.\n\n6. **Manque de docstrings**\n   - Fichier : Plusieurs lignes\n   - Probl√®me : Plusieurs fonctions et classes manquent de docstrings.\n   - Impact : Difficult√© √† comprendre l'utilisation et le fonctionnement du code.\n   - Correction attendue : Ajouter des docstrings descriptives.\n\n7. **Probl√®mes de style (espaces, etc.)**\n   - Fichier : Plusieurs lignes\n   - Probl√®me : Incoh√©rences dans l'espacement et le style.\n   - Impact : Lecture difficile.\n   - Correction attendue : Uniformiser le style selon PEP8.\n\n### üü¢ Priorit√© MINEURE\n\n1. **Ajouter des espaces autour des op√©rateurs dans `add`**\n   - Fichier : `sandbox/buggy_calculator.py`\n   - Ligne : 12\n   - Probl√®me : Manque d'espaces autour des op√©rateurs.\n   - Correction attendue : Ajouter des espaces.\n\n2. **Supprimer le trailing whitespace**\n   - Fichier : Plusieurs lignes\n   - Probl√®me : Pr√©sence de whitespace en fin de ligne.\n   - Correction attendue : Supprimer le whitespace.\n\n3. **Ajouter une newline finale**\n   - Fichier : `sandbox/buggy_calculator.py`\n   - Ligne : 38\n   - Probl√®me : Fichier manquant une newline finale.\n   - Correction attendue : Ajouter une ligne vide √† la fin du fichier.\n\n## 3. Remarques G√©n√©rales\n\n- **Score de qualit√© estim√© apr√®s corrections** : 8/10\n- **Conseils d'am√©lioration globale** :\n  - Utiliser des outils de formatage automatique comme `black` ou `autopep8` pour uniformiser le style.\n  - Consid√©rer l'utilisation de type hints pour am√©liorer la lisibilit√© et la maintenabilit√©.\n  - Effectuer des tests unitaires pour valider les corrections et s'assurer du bon fonctionnement du code.\n\nCe plan de refactoring d√©taille les √©tapes n√©cessaires pour am√©liorer la qualit√©, la s√©curit√© et la maintenabilit√© du code dans `buggy_calculator.py`. Chaque √©tape est con√ßue pour √™tre pr√©cise et actionable, permettant une mise en ≈ìuvre efficace."
        },
        "status": "SUCCESS"
    },
    {
        "id": "957285f2-700c-4f07-8475-8d3315522ed9",
        "timestamp": "2026-01-07T19:54:22.157084",
        "agent": "Auditor",
        "model": "meta-llama/llama-4-scout-17b-16e-instruct",
        "action": "CODE_ANALYSIS",
        "details": {
            "file_path": "sandbox/buggy_file_handler.py",
            "code_length": 656,
            "pylint_report": "************* Module buggy_file_handler\nsandbox\\buggy_file_handler.py:14:0: C0303: Trailing whitespace (trailing-whitespace)\nsandbox\\buggy_file_handler.py:17:0: C0303: Trailing whitespace (trailing-whitespace)\nsandbox\\buggy_file_handler.py:20:0: C0303: Trailing whitespace (trailing-whitespace)\nsandbox\\buggy_file_handler.py:27:0: C0304: Final newline missing (missing-final-newline)\nsandbox\\buggy_file_handler.py:1:0: C0114: Missing module docstring (missing-module-docstring)\nsandbox\\buggy_file_handler.py:1:0: C0116: Missing function or method docstring (missing-function-docstring)\nsandbox\\buggy_file_handler.py:2:8: W1514: Using open without explicitly specifying an encoding (unspecified-encoding)\nsandbox\\buggy_file_handler.py:2:8: R1732: Consider using 'with' for resource-allocating operations (consider-using-with)\nsandbox\\buggy_file_handler.py:6:0: C0116: Missing function or method docstring (missing-function-docstring)\nsandbox\\buggy_file_handler.py:7:9: W1514: Using open without explicitly specifying an encoding (unspecified-encoding)\nsandbox\\buggy_file_handler.py:10:0: C0115: Missing class docstring (missing-class-docstring)\nsandbox\\buggy_file_handler.py:15:4: C0116: Missing function or method docstring (missing-function-docstring)\nsandbox\\buggy_file_handler.py:18:4: C0116: Missing function or method docstring (missing-function-docstring)\nsandbox\\buggy_file_handler.py:21:4: C0116: Missing function or method docstring (missing-function-docstring)\nsandbox\\buggy_file_handler.py:24:0: C0116: Missing function or method docstring (missing-function-docstring)\n\n-----------------------------------\nYour code has been rated at 2.86/10\n\n",
            "input_prompt": "Fichier analys√© : sandbox/buggy_file_handler.py\n\n--- CODE SOURCE ---\n```python\ndef read_json_file(filename):\n    f = open(filename, 'r')  # Fichier jamais ferm√©\n    content = f.read()\n    return content\n\ndef write_data(filename, data):\n    with open(filename, 'w') as f:\n        f.write(str(data))\n\nclass DataProcessor:\n    def __init__(self, name):\n        self.name = name\n        self.data = []\n    \n    def add_item(self, item):\n        self.data.append(item)\n    \n    def get_total(self):\n        return sum(self.data)\n    \n    def clear_data(self):\n        self.data = []\n\ndef process(x,y,z):  # Trop de param√®tres, pas de docstring\n    result = x * y * z\n    print(\"Result:\", result)  # Print dans une fonction\n    return result\n```\n\n--- RAPPORT PYLINT ---\n************* Module buggy_file_handler\nsandbox\\buggy_file_handler.py:14:0: C0303: Trailing whitespace (trailing-whitespace)\nsandbox\\buggy_file_handler.py:17:0: C0303: Trailing whitespace (trailing-whitespace)\nsandbox\\buggy_file_handler.py:20:0: C0303: Trailing whitespace (trailing-whitespace)\nsandbox\\buggy_file_handler.py:27:0: C0304: Final newline missing (missing-final-newline)\nsandbox\\buggy_file_handler.py:1:0: C0114: Missing module docstring (missing-module-docstring)\nsandbox\\buggy_file_handler.py:1:0: C0116: Missing function or method docstring (missing-function-docstring)\nsandbox\\buggy_file_handler.py:2:8: W1514: Using open without explicitly specifying an encoding (unspecified-encoding)\nsandbox\\buggy_file_handler.py:2:8: R1732: Consider using 'with' for resource-allocating operations (consider-using-with)\nsandbox\\buggy_file_handler.py:6:0: C0116: Missing function or method docstring (missing-function-docstring)\nsandbox\\buggy_file_handler.py:7:9: W1514: Using open without explicitly specifying an encoding (unspecified-encoding)\nsandbox\\buggy_file_handler.py:10:0: C0115: Missing class docstring (missing-class-docstring)\nsandbox\\buggy_file_handler.py:15:4: C0116: Missing function or method docstring (missing-function-docstring)\nsandbox\\buggy_file_handler.py:18:4: C0116: Missing function or method docstring (missing-function-docstring)\nsandbox\\buggy_file_handler.py:21:4: C0116: Missing function or method docstring (missing-function-docstring)\nsandbox\\buggy_file_handler.py:24:0: C0116: Missing function or method docstring (missing-function-docstring)\n\n-----------------------------------\nYour code has been rated at 2.86/10\n\n\n\nG√©n√®re un plan de refactoring d√©taill√© bas√© sur :\n1. Les probl√®mes identifi√©s par Pylint\n2. Les bugs logiques potentiels que tu d√©tectes dans le code\n3. Les probl√®mes de s√©curit√© (division par z√©ro, fichiers non ferm√©s, etc.)\n4. Les violations des bonnes pratiques Python",
            "output_response": "## 1. Analyse des Probl√®mes\n\n- **Bugs Critiques** : 2 probl√®mes trouv√©s\n  - Fichier non ferm√© dans la fonction `read_json_file`\n  - Pas de gestion d'erreur pour les op√©rations de fichiers\n\n- **Probl√®mes Importants** : 5 probl√®mes trouv√©s\n  - Violations de bonnes pratiques (utilisation de `with` pour les op√©rations de fichiers)\n  - Manque de docstrings pour les fonctions et classes\n  - Utilisation de `print` dans une fonction\n  - Trop de param√®tres dans la fonction `process`\n  - Pas de v√©rification pour les donn√©es non num√©riques dans la classe `DataProcessor`\n\n- **Probl√®mes Mineurs** : 6 probl√®mes trouv√©s\n  - Espaces √† la fin des lignes\n  - Manque de ligne vide √† la fin du fichier\n  - Utilisation de `open` sans sp√©cifier l'encodage\n\n## 2. Plan de Correction\n\n### üî¥ Priorit√© CRITIQUE\n\n1. **Fichier non ferm√©**\n   - Fichier : `sandbox/buggy_file_handler.py`\n   - Ligne : 2\n   - Probl√®me : La fonction `read_json_file` ouvre un fichier sans le fermer.\n   - Impact : Perte de donn√©es ou comportement inattendu si le fichier est utilis√© ailleurs.\n   - Correction attendue : Utiliser un bloc `with` pour g√©rer l'ouverture du fichier.\n\n2. **Pas de gestion d'erreur pour les op√©rations de fichiers**\n   - Fichier : `sandbox/buggy_file_handler.py`\n   - Ligne : 2 et 10\n   - Probl√®me : Les fonctions `read_json_file` et `write_data` ne g√®rent pas les erreurs d'ouverture ou d'√©criture de fichiers.\n   - Impact : Plantage du programme en cas d'erreur.\n   - Correction attendue : Ajouter des blocs `try-except` pour g√©rer les erreurs.\n\n### üü° Priorit√© IMPORTANTE\n\n1. **Manque de docstrings**\n   - Fichier : `sandbox/buggy_file_handler.py`\n   - Ligne : 1, 6, 10, 15, 18, 21\n   - Probl√®me : Les fonctions et classes manquent de docstrings.\n   - Impact : Difficult√© √† comprendre l'utilisation et le fonctionnement du code.\n   - Correction attendue : Ajouter des docstrings pour d√©crire chaque fonction et classe.\n\n2. **Utilisation de `print` dans une fonction**\n   - Fichier : `sandbox/buggy_file_handler.py`\n   - Ligne : 27\n   - Probl√®me : La fonction `process` utilise `print` au lieu de retourner ou de logger l'information.\n   - Impact : Difficult√© √† r√©utiliser la fonction dans d'autres contextes.\n   - Correction attendue : Remplacer `print` par un m√©canisme de logging ou retourner l'information.\n\n3. **Trop de param√®tres dans la fonction `process`**\n   - Fichier : `sandbox/buggy_file_handler.py`\n   - Ligne : 24\n   - Probl√®me : La fonction `process` prend trois param√®tres.\n   - Impact : Rigidit√© et difficult√© √† ajouter de nouvelles fonctionnalit√©s.\n   - Correction attendue : Consid√©rer l'utilisation d'un objet ou d'un dictionnaire pour passer les param√®tres.\n\n4. **Pas de v√©rification pour les donn√©es non num√©riques dans la classe `DataProcessor`**\n   - Fichier : `sandbox/buggy_file_handler.py`\n   - Ligne : 15\n   - Probl√®me : La m√©thode `add_item` n'effectue pas de v√©rification sur les donn√©es ajout√©es.\n   - Impact : Erreurs lors du calcul du total.\n   - Correction attendue : Ajouter une v√©rification pour garantir que seules les donn√©es num√©riques sont ajout√©es.\n\n### üü¢ Priorit√© MINEURE\n\n1. **Espaces √† la fin des lignes**\n   - Fichier : `sandbox/buggy_file_handler.py`\n   - Ligne : Plusieurs lignes\n   - Probl√®me : Pr√©sence d'espaces √† la fin des lignes.\n   - Impact : Aucun, mais am√©lioration de la lisibilit√©.\n   - Correction attendue : Supprimer les espaces √† la fin des lignes.\n\n2. **Manque de ligne vide √† la fin du fichier**\n   - Fichier : `sandbox/buggy_file_handler.py`\n   - Ligne : Fin du fichier\n   - Probl√®me : Absence de ligne vide √† la fin du fichier.\n   - Impact : Aucun, mais am√©lioration de la conformit√© aux standards.\n   - Correction attendue : Ajouter une ligne vide √† la fin du fichier.\n\n## 3. Remarques G√©n√©rales\n\n- Am√©liorer la qualit√© du code en suivant les bonnes pratiques Python (PEP8).\n- Consid√©rer l'utilisation de type hints pour am√©liorer la lisibilit√© et la maintenabilit√© du code.\n- Ajouter des tests unitaires pour valider les fonctionnalit√©s et d√©tecter les r√©gressions.\n- Utiliser des outils de formatting automatique (comme Black) pour maintenir la coh√©rence du style de code.\n\nScore de qualit√© estim√© apr√®s corrections : 8/10."
        },
        "status": "SUCCESS"
    },
    {
        "id": "b736e0cd-3108-4340-ac21-b730cd9d4f8a",
        "timestamp": "2026-01-07T19:54:27.227623",
        "agent": "Auditor",
        "model": "meta-llama/llama-4-scout-17b-16e-instruct",
        "action": "CODE_ANALYSIS",
        "details": {
            "file_path": "sandbox/buggy_string_utils.py",
            "code_length": 915,
            "pylint_report": "************* Module buggy_string_utils\nsandbox\\buggy_string_utils.py:25:0: C0303: Trailing whitespace (trailing-whitespace)\nsandbox\\buggy_string_utils.py:32:0: C0303: Trailing whitespace (trailing-whitespace)\nsandbox\\buggy_string_utils.py:36:0: C0304: Final newline missing (missing-final-newline)\nsandbox\\buggy_string_utils.py:1:0: C0114: Missing module docstring (missing-module-docstring)\nsandbox\\buggy_string_utils.py:1:0: C0116: Missing function or method docstring (missing-function-docstring)\nsandbox\\buggy_string_utils.py:2:4: W0622: Redefining built-in 'reversed' (redefined-builtin)\nsandbox\\buggy_string_utils.py:3:4: C0200: Consider using enumerate instead of iterating with range and len (consider-using-enumerate)\nsandbox\\buggy_string_utils.py:7:0: C0116: Missing function or method docstring (missing-function-docstring)\nsandbox\\buggy_string_utils.py:15:0: C0116: Missing function or method docstring (missing-function-docstring)\nsandbox\\buggy_string_utils.py:18:0: C0116: Missing function or method docstring (missing-function-docstring)\nsandbox\\buggy_string_utils.py:22:0: C0115: Missing class docstring (missing-class-docstring)\nsandbox\\buggy_string_utils.py:26:4: C0116: Missing function or method docstring (missing-function-docstring)\nsandbox\\buggy_string_utils.py:33:4: C0116: Missing function or method docstring (missing-function-docstring)\n\n-----------------------------------\nYour code has been rated at 5.67/10\n\n",
            "input_prompt": "Fichier analys√© : sandbox/buggy_string_utils.py\n\n--- CODE SOURCE ---\n```python\ndef reverse_string(text):\n    reversed = \"\"\n    for i in range(len(text)):\n        reversed += text[i]  # Bug: ne reverse pas!\n    return reversed\n\ndef count_vowels(text):\n    vowels = \"aeiou\"\n    count = 0\n    for char in text:\n        if char in vowels:\n            count += 1\n    return count  # Ne compte pas les majuscules\n\ndef is_palindrome(word):\n    return word == word[::-1]  # Fonctionne mais pas de gestion de casse\n\ndef remove_spaces(text):\n    result = text.replace(\" \", \"\")\n    return result\n\nclass StringFormatter:\n    def __init__(self):\n        pass\n    \n    def capitalize_words(self, text):\n        words = text.split()\n        result = \"\"\n        for word in words:\n            result += word.capitalize() + \" \"\n        return result  # Espace en trop √† la fin\n    \n    def truncate(self, text, length):\n        if len(text) > length:\n            return text[:length] + \"...\"\n        return text\n```\n\n--- RAPPORT PYLINT ---\n************* Module buggy_string_utils\nsandbox\\buggy_string_utils.py:25:0: C0303: Trailing whitespace (trailing-whitespace)\nsandbox\\buggy_string_utils.py:32:0: C0303: Trailing whitespace (trailing-whitespace)\nsandbox\\buggy_string_utils.py:36:0: C0304: Final newline missing (missing-final-newline)\nsandbox\\buggy_string_utils.py:1:0: C0114: Missing module docstring (missing-module-docstring)\nsandbox\\buggy_string_utils.py:1:0: C0116: Missing function or method docstring (missing-function-docstring)\nsandbox\\buggy_string_utils.py:2:4: W0622: Redefining built-in 'reversed' (redefined-builtin)\nsandbox\\buggy_string_utils.py:3:4: C0200: Consider using enumerate instead of iterating with range and len (consider-using-enumerate)\nsandbox\\buggy_string_utils.py:7:0: C0116: Missing function or method docstring (missing-function-docstring)\nsandbox\\buggy_string_utils.py:15:0: C0116: Missing function or method docstring (missing-function-docstring)\nsandbox\\buggy_string_utils.py:18:0: C0116: Missing function or method docstring (missing-function-docstring)\nsandbox\\buggy_string_utils.py:22:0: C0115: Missing class docstring (missing-class-docstring)\nsandbox\\buggy_string_utils.py:26:4: C0116: Missing function or method docstring (missing-function-docstring)\nsandbox\\buggy_string_utils.py:33:4: C0116: Missing function or method docstring (missing-function-docstring)\n\n-----------------------------------\nYour code has been rated at 5.67/10\n\n\n\nG√©n√®re un plan de refactoring d√©taill√© bas√© sur :\n1. Les probl√®mes identifi√©s par Pylint\n2. Les bugs logiques potentiels que tu d√©tectes dans le code\n3. Les probl√®mes de s√©curit√© (division par z√©ro, fichiers non ferm√©s, etc.)\n4. Les violations des bonnes pratiques Python",
            "output_response": "## 1. Analyse des Probl√®mes\n\n### R√©sum√© des erreurs d√©tect√©es :\n\n- **Bugs Critiques** : 2 probl√®mes trouv√©s\n  - La fonction `reverse_string` ne reverse pas correctement la cha√Æne d'entr√©e.\n  - La fonction `count_vowels` ne compte pas les voyelles majuscules.\n\n- **Probl√®mes Importants** : 5 probl√®mes trouv√©s\n  - La fonction `is_palindrome` ne g√®re pas la casse.\n  - La m√©thode `capitalize_words` de la classe `StringFormatter` ajoute un espace √† la fin de la cha√Æne.\n  - Plusieurs fonctions et m√©thodes manquent de docstrings.\n  - Le nom de variable `reversed` est un nom de fonction built-in Python.\n  - Des espaces et un saut de ligne sont manquants ou en trop dans certains fichiers.\n\n- **Probl√®mes Mineurs** : 7 probl√®mes trouv√©s\n  - Le code utilise des constructions non idiomatiques (par exemple, `range(len(text))` au lieu de `enumerate`).\n  - Le score de qualit√© Pylint est de 5.67/10.\n\n## 2. Plan de Correction\n\n### üî¥ Priorit√© CRITIQUE\n\n1. **Correction de la fonction `reverse_string`**\n   - Fichier : `sandbox/buggy_string_utils.py`\n   - Ligne : 2-4\n   - Probl√®me : La fonction ne reverse pas correctement la cha√Æne d'entr√©e.\n   - Impact : Utilisation incorrecte de la fonction.\n   - Correction attendue : Utiliser slicing pour inverser la cha√Æne : `return text[::-1]`.\n\n2. **Correction de la fonction `count_vowels` pour inclure les majuscules**\n   - Fichier : `sandbox/buggy_string_utils.py`\n   - Ligne : 7-10\n   - Probl√®me : La fonction ne compte pas les voyelles majuscules.\n   - Impact : Comptage incorrect des voyelles.\n   - Correction attendue : Convertir la cha√Æne en minuscules avant de compter les voyelles : `vowels = \"aeiou\"; count = 0; for char in text.lower():`.\n\n### üü° Priorit√© IMPORTANTE\n\n1. **Gestion de la casse pour `is_palindrome`**\n   - Fichier : `sandbox/buggy_string_utils.py`\n   - Ligne : 15\n   - Probl√®me : La fonction ne g√®re pas la casse.\n   - Impact : R√©sultats incorrects pour les cha√Ænes avec des majuscules et des minuscules.\n   - Correction attendue : Convertir la cha√Æne en minuscules ou majuscules avant comparaison : `return word.casefold() == word.casefold()[::-1]`.\n\n2. **Suppression de l'espace en trop pour `capitalize_words`**\n   - Fichier : `sandbox/buggy_string_utils.py`\n   - Ligne : 26-29\n   - Probl√®me : La m√©thode ajoute un espace √† la fin de la cha√Æne.\n   - Impact : Cha√Æne de sortie incorrecte.\n   - Correction attendue : Utiliser `join` pour √©viter l'espace en trop : `return ' '.join(word.capitalize() for word in text.split())`.\n\n3. **Ajout de docstrings**\n   - Fichier : `sandbox/buggy_string_utils.py`\n   - Ligne : Diverses\n   - Probl√®me : Fonctions et m√©thodes manquent de docstrings.\n   - Impact : Difficult√© d'utilisation et de compr√©hension du code.\n   - Correction attendue : Ajouter des docstrings pour chaque fonction et m√©thode.\n\n4. **Changement de nom de variable `reversed`**\n   - Fichier : `sandbox/buggy_string_utils.py`\n   - Ligne : 2\n   - Probl√®me : Utilisation d'un nom de variable qui est aussi un nom de fonction built-in.\n   - Impact : Confusion potentielle.\n   - Correction attendue : Renommer la variable en quelque chose comme `reversed_text`.\n\n### üü¢ Priorit√© MINEURE\n\n1. **Utilisation de `enumerate`**\n   - Fichier : `sandbox/buggy_string_utils.py`\n   - Ligne : 3\n   - Probl√®me : Utilisation de `range(len(text))` au lieu de `enumerate`.\n   - Impact : Code moins Pythonique.\n   - Correction attendue : Remplacer par une boucle `for` directe ou utiliser `enumerate` si n√©cessaire.\n\n2. **Nettoyage des probl√®mes de formatage**\n   - Fichier : `sandbox/buggy_string_utils.py`\n   - Ligne : Diverses\n   - Probl√®me : Trailing whitespace, missing final newline.\n   - Impact : Qualit√© du code.\n   - Correction attendue : Supprimer les espaces √† la fin des lignes et ajouter un saut de ligne final.\n\n## 3. Remarques G√©n√©rales\n\n- **Conseils d'am√©lioration globale** : Am√©liorer la couverture des tests unitaires pour chaque fonction.\n- **Suggestions d'architecture** : Consid√©rer l'utilisation de modules de traitement de cha√Ænes Python standard pour certaines op√©rations.\n- **Bonnes pratiques Python recommand√©es** : Utiliser des constructions Python idiomatiques, des noms de variables clairs, et des docstrings pour am√©liorer la lisibilit√© et la maintenabilit√© du code.\n- **Score de qualit√© estim√© apr√®s corrections** : Am√©lioration attendue vers 8/10 apr√®s correction des probl√®mes identifi√©s."
        },
        "status": "SUCCESS"
    },
    {
        "id": "a8e3762f-2781-4522-89d9-72ba4d2424bb",
        "timestamp": "2026-01-07T19:54:32.646798",
        "agent": "Auditor",
        "model": "meta-llama/llama-4-scout-17b-16e-instruct",
        "action": "CODE_ANALYSIS",
        "details": {
            "file_path": "sandbox/buggy_security.py",
            "code_length": 713,
            "pylint_report": "************* Module buggy_security\nsandbox\\buggy_security.py:17:0: C0303: Trailing whitespace (trailing-whitespace)\nsandbox\\buggy_security.py:20:0: C0303: Trailing whitespace (trailing-whitespace)\nsandbox\\buggy_security.py:25:0: C0304: Final newline missing (missing-final-newline)\nsandbox\\buggy_security.py:1:0: C0114: Missing module docstring (missing-module-docstring)\nsandbox\\buggy_security.py:3:0: C0116: Missing function or method docstring (missing-function-docstring)\nsandbox\\buggy_security.py:6:0: C0116: Missing function or method docstring (missing-function-docstring)\nsandbox\\buggy_security.py:7:9: W1514: Using open without explicitly specifying an encoding (unspecified-encoding)\nsandbox\\buggy_security.py:10:0: C0116: Missing function or method docstring (missing-function-docstring)\nsandbox\\buggy_security.py:11:9: W1514: Using open without explicitly specifying an encoding (unspecified-encoding)\nsandbox\\buggy_security.py:14:0: C0115: Missing class docstring (missing-class-docstring)\nsandbox\\buggy_security.py:18:4: C0116: Missing function or method docstring (missing-function-docstring)\nsandbox\\buggy_security.py:21:4: C0116: Missing function or method docstring (missing-function-docstring)\n\n-----------------------------------\nYour code has been rated at 3.68/10\n\n",
            "input_prompt": "Fichier analys√© : sandbox/buggy_security.py\n\n--- CODE SOURCE ---\n```python\nimport os\n\ndef execute_command(cmd):\n    os.system(cmd)  # Dangereux: injection de commandes\n\ndef read_user_file(filepath):\n    with open(filepath, 'r') as f:  # Pas de validation du chemin\n        return f.read()\n\ndef save_password(password):\n    with open('passwords.txt', 'a') as f:\n        f.write(password + '\\n')  # Mot de passe en clair\n\nclass UserManager:\n    def __init__(self):\n        self.users = {}\n    \n    def add_user(self, username, password):\n        self.users[username] = password  # Stockage non s√©curis√©\n    \n    def check_password(self, username, password):\n        if username in self.users:\n            if self.users[username] == password:\n                return True\n        return False\n```\n\n--- RAPPORT PYLINT ---\n************* Module buggy_security\nsandbox\\buggy_security.py:17:0: C0303: Trailing whitespace (trailing-whitespace)\nsandbox\\buggy_security.py:20:0: C0303: Trailing whitespace (trailing-whitespace)\nsandbox\\buggy_security.py:25:0: C0304: Final newline missing (missing-final-newline)\nsandbox\\buggy_security.py:1:0: C0114: Missing module docstring (missing-module-docstring)\nsandbox\\buggy_security.py:3:0: C0116: Missing function or method docstring (missing-function-docstring)\nsandbox\\buggy_security.py:6:0: C0116: Missing function or method docstring (missing-function-docstring)\nsandbox\\buggy_security.py:7:9: W1514: Using open without explicitly specifying an encoding (unspecified-encoding)\nsandbox\\buggy_security.py:10:0: C0116: Missing function or method docstring (missing-function-docstring)\nsandbox\\buggy_security.py:11:9: W1514: Using open without explicitly specifying an encoding (unspecified-encoding)\nsandbox\\buggy_security.py:14:0: C0115: Missing class docstring (missing-class-docstring)\nsandbox\\buggy_security.py:18:4: C0116: Missing function or method docstring (missing-function-docstring)\nsandbox\\buggy_security.py:21:4: C0116: Missing function or method docstring (missing-function-docstring)\n\n-----------------------------------\nYour code has been rated at 3.68/10\n\n\n\nG√©n√®re un plan de refactoring d√©taill√© bas√© sur :\n1. Les probl√®mes identifi√©s par Pylint\n2. Les bugs logiques potentiels que tu d√©tectes dans le code\n3. Les probl√®mes de s√©curit√© (division par z√©ro, fichiers non ferm√©s, etc.)\n4. Les violations des bonnes pratiques Python",
            "output_response": "## 1. Analyse des Probl√®mes\n\n- **Bugs Critiques** : 3 probl√®mes trouv√©s\n  - Injection de commandes via `os.system(cmd)`\n  - Stockage de mots de passe en clair\n  - Acc√®s non s√©curis√© aux fichiers utilisateurs\n\n- **Probl√®mes Importants** : 4 probl√®mes trouv√©s\n  - Violations de s√©curit√© (utilisation de `os.system`, stockage non s√©curis√© des mots de passe)\n  - Mauvaises pratiques Python (pas de validation des chemins de fichiers, pas d'encodage sp√©cifi√© pour les fichiers)\n  - Code non idiomatique (utilisation de `os.system` au lieu de `subprocess`)\n\n- **Probl√®mes Mineurs** : 7 probl√®mes trouv√©s\n  - Style PEP8 (espaces, nommage, newline manquante)\n  - Docstrings manquantes\n  - Variables inutilis√©es\n  - Imports inutiles\n\n## 2. Plan de Correction\n\n### üî¥ Priorit√© CRITIQUE\n\n1. **Injection de commandes**\n   - Fichier : `sandbox/buggy_security.py`\n   - Ligne : 4\n   - Probl√®me : Utilisation de `os.system(cmd)` qui permet l'injection de commandes.\n   - Impact : Ex√©cution de code arbitraire.\n   - Correction attendue : Remplacer `os.system(cmd)` par `subprocess.run(cmd, shell=True, check=True)`\n\n2. **Stockage de mots de passe en clair**\n   - Fichier : `sandbox/buggy_security.py`\n   - Ligne : 16\n   - Probl√®me : Stockage des mots de passe en clair dans le fichier `passwords.txt`.\n   - Impact : Acc√®s non autoris√© aux comptes.\n   - Correction attendue : Utiliser un m√©canisme de hashage s√©curis√© comme `bcrypt` pour stocker les mots de passe.\n\n3. **Acc√®s non s√©curis√© aux fichiers utilisateurs**\n   - Fichier : `sandbox/buggy_security.py`\n   - Ligne : 8\n   - Probl√®me : Lecture de fichiers sans validation du chemin.\n   - Impact : Acc√®s √† des fichiers sensibles.\n   - Correction attendue : Utiliser `pathlib` pour valider et s√©curiser les chemins de fichiers.\n\n### üü° Priorit√© IMPORTANTE\n\n1. **Validation des chemins de fichiers**\n   - Fichier : `sandbox/buggy_security.py`\n   - Ligne : 8\n   - Probl√®me : Pas de validation du chemin de fichier dans `read_user_file`.\n   - Impact : Acc√®s non autoris√©.\n   - Correction attendue : Utiliser `pathlib.Path` pour valider les chemins.\n\n2. **Encodage des fichiers**\n   - Fichier : `sandbox/buggy_security.py`\n   - Ligne : 8 et 11\n   - Probl√®me : Pas d'encodage sp√©cifi√© lors de l'ouverture de fichiers.\n   - Impact : Probl√®mes de lecture/√©criture.\n   - Correction attendue : Sp√©cifier l'encodage lors de l'ouverture des fichiers, par exemple `encoding='utf-8'`.\n\n3. **Utilisation de subprocess**\n   - Fichier : `sandbox/buggy_security.py`\n   - Ligne : 4\n   - Probl√®me : Utilisation de `os.system` qui est d√©pr√©ci√©.\n   - Impact : S√©curit√© et compatibilit√©.\n   - Correction attendue : Remplacer `os.system` par `subprocess.run`.\n\n### üü¢ Priorit√© MINEURE\n\n1. **Docstrings manquantes**\n   - Fichier : `sandbox/buggy_security.py`\n   - Ligne : Diverses\n   - Probl√®me : Manque de docstrings pour les fonctions et classes.\n   - Correction attendue : Ajouter des docstrings pour d√©crire les fonctions et classes.\n\n2. **Style PEP8**\n   - Fichier : `sandbox/buggy_security.py`\n   - Ligne : Diverses\n   - Probl√®me : Probl√®mes de style (espaces, newline manquante).\n   - Correction attendue : Corriger les probl√®mes de style pour se conformer √† PEP8.\n\n## 3. Remarques G√©n√©rales\n\n- Utiliser des m√©canismes s√©curis√©s pour le stockage et la v√©rification des mots de passe.\n- Valider et s√©curiser les acc√®s aux fichiers.\n- Am√©liorer la qualit√© du code en suivant les bonnes pratiques Python et en corrigeant les probl√®mes de style.\n\n- Score de qualit√© estim√© apr√®s corrections : 8/10\n\nCe plan de refactoring d√©taille les √©tapes n√©cessaires pour am√©liorer la s√©curit√©, la qualit√© et la maintenabilit√© du code. Chaque √©tape est pr√©cise et actionable pour permettre une correction efficace."
        },
        "status": "SUCCESS"
    },
    {
        "id": "895e147f-c8c7-4cd7-8864-2ed7e1204983",
        "timestamp": "2026-01-07T20:28:19.770982",
        "agent": "System",
        "model": "N/A",
        "action": "CODE_ANALYSIS",
        "details": {
            "target_dir": "sandbox",
            "input_prompt": "Scan du dossier sandbox",
            "output_response": "D√©marrage du syst√®me"
        },
        "status": "SUCCESS"
    },
    {
        "id": "a6397d78-3e5d-4f01-ac1c-9b611010c651",
        "timestamp": "2026-01-07T20:28:19.774613",
        "agent": "System",
        "model": "N/A",
        "action": "CODE_ANALYSIS",
        "details": {
            "target_dir": "sandbox",
            "files_found": 5,
            "input_prompt": "Recherche de fichiers Python dans sandbox",
            "output_response": "5 fichiers trouv√©s"
        },
        "status": "SUCCESS"
    },
    {
        "id": "932c611b-cf61-41db-932c-48e0ad9dfe8d",
        "timestamp": "2026-01-07T20:28:26.194780",
        "agent": "Auditor",
        "model": "meta-llama/llama-4-scout-17b-16e-instruct",
        "action": "CODE_ANALYSIS",
        "details": {
            "file_path": "sandbox\\buggy_calculator.py",
            "code_length": 968,
            "pylint_report": "************* Module buggy_calculator\nsandbox\\buggy_calculator.py:10:0: C0303: Trailing whitespace (trailing-whitespace)\nsandbox\\buggy_calculator.py:14:0: C0303: Trailing whitespace (trailing-whitespace)\nsandbox\\buggy_calculator.py:17:0: C0303: Trailing whitespace (trailing-whitespace)\nsandbox\\buggy_calculator.py:38:0: C0304: Final newline missing (missing-final-newline)\nsandbox\\buggy_calculator.py:1:0: C0114: Missing module docstring (missing-module-docstring)\nsandbox\\buggy_calculator.py:1:0: C0116: Missing function or method docstring (missing-function-docstring)\nsandbox\\buggy_calculator.py:7:0: C0115: Missing class docstring (missing-class-docstring)\nsandbox\\buggy_calculator.py:11:4: C0116: Missing function or method docstring (missing-function-docstring)\nsandbox\\buggy_calculator.py:15:4: C0116: Missing function or method docstring (missing-function-docstring)\nsandbox\\buggy_calculator.py:18:4: C0116: Missing function or method docstring (missing-function-docstring)\nsandbox\\buggy_calculator.py:20:12: W0612: Unused variable 'i' (unused-variable)\nsandbox\\buggy_calculator.py:24:0: C0116: Missing function or method docstring (missing-function-docstring)\nsandbox\\buggy_calculator.py:24:0: C0103: Function name \"processData\" doesn't conform to snake_case naming style (invalid-name)\nsandbox\\buggy_calculator.py:25:4: R1705: Unnecessary \"else\" after \"return\", remove the \"else\" and de-indent the code inside it (no-else-return)\nsandbox\\buggy_calculator.py:25:7: C0123: Use isinstance() rather than type() for a typecheck. (unidiomatic-typecheck)\nsandbox\\buggy_calculator.py:32:0: C0103: Constant name \"temp\" doesn't conform to UPPER_CASE naming style (invalid-name)\nsandbox\\buggy_calculator.py:34:0: C0116: Missing function or method docstring (missing-function-docstring)\nsandbox\\buggy_calculator.py:37:4: W0612: Unused variable 'z' (unused-variable)\n\n------------------------------------------------------------------\nYour code has been rated at 3.79/10 (previous run: 3.79/10, +0.00)\n\n",
            "input_prompt": "Fichier analys√© : sandbox\\buggy_calculator.py\n\n--- CODE SOURCE ---\n```python\ndef calculate_average(numbers):\n    total = 0\n    for i in numbers:\n        total += i\n    return total / len(numbers)  # Division by zero si liste vide\n\nclass Calculator:\n    def __init__(self):\n        self.result = 0\n    \n    def add(self,x,y):  # Pas d'espace apr√®s virgule\n        self.result=x+y  # Pas d'espaces autour des op√©rateurs\n        return self.result\n    \n    def divide(self, a, b):\n        return a/b  # Pas de v√©rification division par z√©ro\n    \n    def power(self,base,exponent):\n        result = 1\n        for i in range(exponent):\n            result = result * base\n        return result\n\ndef processData(data):  # Nom de fonction non conforme (camelCase)\n    if type(data) == list:  # Utilise type() au lieu de isinstance()\n        return sum(data)\n    else:\n        return 0\n\n# Variables globales non utilis√©es\nUNUSED_CONSTANT = 42\ntemp = \"test\"\n\ndef buggy_function():\n    x = 10\n    y = 20\n    z = 30  # Variable non utilis√©e\n    return x + y\n```\n\n--- RAPPORT PYLINT ---\n************* Module buggy_calculator\nsandbox\\buggy_calculator.py:10:0: C0303: Trailing whitespace (trailing-whitespace)\nsandbox\\buggy_calculator.py:14:0: C0303: Trailing whitespace (trailing-whitespace)\nsandbox\\buggy_calculator.py:17:0: C0303: Trailing whitespace (trailing-whitespace)\nsandbox\\buggy_calculator.py:38:0: C0304: Final newline missing (missing-final-newline)\nsandbox\\buggy_calculator.py:1:0: C0114: Missing module docstring (missing-module-docstring)\nsandbox\\buggy_calculator.py:1:0: C0116: Missing function or method docstring (missing-function-docstring)\nsandbox\\buggy_calculator.py:7:0: C0115: Missing class docstring (missing-class-docstring)\nsandbox\\buggy_calculator.py:11:4: C0116: Missing function or method docstring (missing-function-docstring)\nsandbox\\buggy_calculator.py:15:4: C0116: Missing function or method docstring (missing-function-docstring)\nsandbox\\buggy_calculator.py:18:4: C0116: Missing function or method docstring (missing-function-docstring)\nsandbox\\buggy_calculator.py:20:12: W0612: Unused variable 'i' (unused-variable)\nsandbox\\buggy_calculator.py:24:0: C0116: Missing function or method docstring (missing-function-docstring)\nsandbox\\buggy_calculator.py:24:0: C0103: Function name \"processData\" doesn't conform to snake_case naming style (invalid-name)\nsandbox\\buggy_calculator.py:25:4: R1705: Unnecessary \"else\" after \"return\", remove the \"else\" and de-indent the code inside it (no-else-return)\nsandbox\\buggy_calculator.py:25:7: C0123: Use isinstance() rather than type() for a typecheck. (unidiomatic-typecheck)\nsandbox\\buggy_calculator.py:32:0: C0103: Constant name \"temp\" doesn't conform to UPPER_CASE naming style (invalid-name)\nsandbox\\buggy_calculator.py:34:0: C0116: Missing function or method docstring (missing-function-docstring)\nsandbox\\buggy_calculator.py:37:4: W0612: Unused variable 'z' (unused-variable)\n\n------------------------------------------------------------------\nYour code has been rated at 3.79/10 (previous run: 3.79/10, +0.00)\n\n\n\nG√©n√®re un plan de refactoring d√©taill√© bas√© sur :\n1. Les probl√®mes identifi√©s par Pylint\n2. Les bugs logiques potentiels que tu d√©tectes dans le code\n3. Les probl√®mes de s√©curit√© (division par z√©ro, fichiers non ferm√©s, etc.)\n4. Les violations des bonnes pratiques Python",
            "output_response": "## 1. Analyse des Probl√®mes\n\n- [CRITIQUE] Bugs Critiques : 2 probl√®mes trouv√©s\n  - Division par z√©ro potentielle dans la fonction `calculate_average` et `divide` de la classe `Calculator`.\n  - Acc√®s √† des ressources sans v√©rification d'existence (pas directement pr√©sent mais potentiel via les appels de fonctions).\n\n- [IMPORTANT] Probl√®mes Importants : 5 probl√®mes trouv√©s\n  - Violations de s√©curit√© : Pas directement identifi√©es mais des probl√®mes de gestion d'erreurs.\n  - Mauvaises pratiques Python : Utilisation de `type()` au lieu de `isinstance()`, nom de fonction non conforme (camelCase), variables globales non utilis√©es.\n  - Code non idiomatique : Utilisation de `range()` pour la puissance, gestion manuelle de la somme.\n  - Gestion d'erreurs manquante : Pas de gestion pour les erreurs comme la division par z√©ro.\n\n- [MINEUR] Probl√®mes Mineurs : 8 probl√®mes trouv√©s\n  - Style PEP8 : Espaces manquants, trailing whitespace, nom de constante non conforme.\n  - Docstrings manquantes pour les fonctions et classes.\n  - Variables inutilis√©es.\n\n## 2. Plan de Correction\n\n### [CRITIQUE] Priorit√© CRITIQUE\n\n1. **Division par z√©ro dans `calculate_average`**\n   - Fichier : sandbox\\buggy_calculator.py\n   - Ligne : 5\n   - Probl√®me : La fonction ne v√©rifie pas si la liste `numbers` est vide avant de calculer la moyenne.\n   - Impact : Une division par z√©ro peut se produire.\n   - Correction attendue : Ajouter une v√©rification pour s'assurer que `numbers` n'est pas vide.\n\n2. **Division par z√©ro dans `divide` de la classe `Calculator`**\n   - Fichier : sandbox\\buggy_calculator.py\n   - Ligne : 17\n   - Probl√®me : La m√©thode ne v√©rifie pas si `b` est z√©ro avant de diviser.\n   - Impact : Une division par z√©ro peut se produire.\n   - Correction attendue : Ajouter une v√©rification pour s'assurer que `b` n'est pas z√©ro.\n\n### [IMPORTANT] Priorit√© IMPORTANTE\n\n1. **Utilisation de `type()` au lieu de `isinstance()` dans `processData`**\n   - Fichier : sandbox\\buggy_calculator.py\n   - Ligne : 25\n   - Probl√®me : Utilisation de `type()` pour v√©rifier le type de `data`.\n   - Impact : Peut causer des probl√®mes si des sous-classes sont utilis√©es.\n   - Correction attendue : Remplacer `type(data) == list` par `isinstance(data, list)`.\n\n2. **Nom de fonction non conforme dans `processData`**\n   - Fichier : sandbox\\buggy_calculator.py\n   - Ligne : 24\n   - Probl√®me : Le nom de la fonction ne suit pas la convention snake_case.\n   - Impact : Lecture et maintenance du code.\n   - Correction attendue : Renommer la fonction en `process_data`.\n\n3. **Variables globales non utilis√©es**\n   - Fichier : sandbox\\buggy_calculator.py\n   - Ligne : 32\n   - Probl√®me : La variable `temp` et la constante `UNUSED_CONSTANT` ne sont pas utilis√©es.\n   - Impact : Encombrement du code.\n   - Correction attendue : Supprimer ces variables.\n\n### [MINEUR] Priorit√© MINEURE\n\n1. **Style PEP8 et trailing whitespace**\n   - Fichier : sandbox\\buggy_calculator.py\n   - Lignes multiples\n   - Probl√®me : Trailing whitespace et espacement.\n   - Impact : Lecture du code.\n   - Correction attendue : Supprimer le trailing whitespace et ajouter des espaces conform√©ment √† PEP8.\n\n2. **Docstrings manquantes**\n   - Fichier : sandbox\\buggy_calculator.py\n   - Plusieurs lignes\n   - Probl√®me : Manque de documentation.\n   - Impact : Difficult√© de compr√©hension et d'utilisation.\n   - Correction attendue : Ajouter des docstrings pour les fonctions et classes.\n\n## 3. Remarques G√©n√©rales\n\n- **Conseils d'am√©lioration globale** : Revoir les conventions de nommage pour les variables et les fonctions selon PEP8. Ajouter syst√©matiquement des docstrings pour am√©liorer la lisibilit√© et la maintenabilit√© du code.\n- **Suggestions d'architecture** : Consid√©rer l'utilisation de m√©thodes plus Pythoniques, comme `sum()` pour les sommes et list comprehensions pour les constructions de listes.\n- **Bonnes pratiques Python recommand√©es** : Utiliser des outils comme `flake8` et `mypy` pour une analyse plus approfondie du code.\n- **Score de qualit√© estim√© apr√®s corrections** : Une nette am√©lioration est attendue, passant d'un score de 3.79/10 √† au moins 8/10 apr√®s les corrections."
        },
        "status": "SUCCESS"
    },
    {
        "id": "7fc959de-bd44-45c0-8860-ea043b35fa74",
        "timestamp": "2026-01-07T20:28:29.039176",
        "agent": "Auditor",
        "model": "meta-llama/llama-4-scout-17b-16e-instruct",
        "action": "CODE_ANALYSIS",
        "details": {
            "file_path": "sandbox\\buggy_code.py",
            "code_length": 26,
            "pylint_report": "************* Module buggy_code\nsandbox\\buggy_code.py:2:0: W0311: Bad indentation. Found 1 spaces, expected 4 (bad-indentation)\nsandbox\\buggy_code.py:1:0: C0114: Missing module docstring (missing-module-docstring)\nsandbox\\buggy_code.py:1:0: C0116: Missing function or method docstring (missing-function-docstring)\n\n------------------------------------------------------------------\nYour code has been rated at 0.00/10 (previous run: 0.00/10, +0.00)\n\n",
            "input_prompt": "Fichier analys√© : sandbox\\buggy_code.py\n\n--- CODE SOURCE ---\n```python\ndef add(a,b):\n return a-b\n\n```\n\n--- RAPPORT PYLINT ---\n************* Module buggy_code\nsandbox\\buggy_code.py:2:0: W0311: Bad indentation. Found 1 spaces, expected 4 (bad-indentation)\nsandbox\\buggy_code.py:1:0: C0114: Missing module docstring (missing-module-docstring)\nsandbox\\buggy_code.py:1:0: C0116: Missing function or method docstring (missing-function-docstring)\n\n------------------------------------------------------------------\nYour code has been rated at 0.00/10 (previous run: 0.00/10, +0.00)\n\n\n\nG√©n√®re un plan de refactoring d√©taill√© bas√© sur :\n1. Les probl√®mes identifi√©s par Pylint\n2. Les bugs logiques potentiels que tu d√©tectes dans le code\n3. Les probl√®mes de s√©curit√© (division par z√©ro, fichiers non ferm√©s, etc.)\n4. Les violations des bonnes pratiques Python",
            "output_response": "## 1. Analyse des Probl√®mes\n\n- [CRITIQUE] Bugs Critiques : 1 probl√®me trouv√©\n  - Bug logique dans la fonction `add` qui semble soustraire au lieu d'additionner.\n- [IMPORTANT] Probl√®mes Importants : 0 probl√®me trouv√©\n- [MINEUR] Probl√®mes Mineurs : 3 probl√®mes trouv√©s\n  - Bad indentation (1 espace au lieu de 4)\n  - Missing module docstring\n  - Missing function or method docstring\n\n## 2. Plan de Correction\n\n### [CRITIQUE] Priorit√© CRITIQUE\n1. Correction du bug logique dans la fonction `add`\n   - Fichier : sandbox\\buggy_code.py\n   - Ligne : 2\n   - Probl√®me : La fonction `add` semble avoir un bug logique car elle soustrait `b` de `a` au lieu de les additionner.\n   - Impact : R√©sultats incorrects lors de l'utilisation de la fonction `add`.\n   - Correction attendue : Changer `return a-b` en `return a+b`\n\n### [MINEUR] Priorit√© MINEURE\n1. Correction de l'indentation\n   - Fichier : sandbox\\buggy_code.py\n   - Ligne : 2\n   - Probl√®me : Mauvais indentation (1 espace au lieu de 4).\n   - Impact : Non critique mais important pour la lisibilit√© et la conformit√© aux standards Python.\n   - Correction attendue : Remplacer les espaces par 4 espaces pour aligner correctement la ligne.\n\n2. Ajout d'un docstring pour le module\n   - Fichier : sandbox\\buggy_code.py\n   - Ligne : 1\n   - Probl√®me : Absence de docstring pour le module.\n   - Impact : Documentation insuffisante.\n   - Correction attendue : Ajouter un docstring au d√©but du fichier pour d√©crire son contenu.\n\n3. Ajout d'un docstring pour la fonction `add`\n   - Fichier : sandbox\\buggy_code.py\n   - Ligne : 1\n   - Probl√®me : Absence de docstring pour la fonction `add`.\n   - Impact : Documentation insuffisante pour la fonction.\n   - Correction attendue : Ajouter un docstring √† la fonction `add` pour d√©crire son but, ses param√®tres et sa valeur de retour.\n\n## 3. Remarques G√©n√©rales\n- Le code devrait √™tre ajust√© pour suivre les bonnes pratiques Python, notamment en termes d'indentation, de documentation et de logique de programmation.\n- Une r√©vision plus approfondie pourrait √™tre n√©cessaire pour garantir que d'autres probl√®mes ne sont pas pr√©sents, mais les probl√®mes identifi√©s peuvent √™tre r√©solus avec les corrections propos√©es.\n- Le score de qualit√© estim√© apr√®s corrections devrait significativement augmenter, passant d'une note de 0.00/10 √† une note bien sup√©rieure, probablement proche de 10/10 en supposant que les corrections propos√©es sont appliqu√©es correctement."
        },
        "status": "SUCCESS"
    },
    {
        "id": "9152d73d-26b4-418c-8927-cc4afc777fdb",
        "timestamp": "2026-01-07T20:28:33.582236",
        "agent": "Auditor",
        "model": "meta-llama/llama-4-scout-17b-16e-instruct",
        "action": "CODE_ANALYSIS",
        "details": {
            "file_path": "sandbox\\buggy_file_handler.py",
            "code_length": 656,
            "pylint_report": "************* Module buggy_file_handler\nsandbox\\buggy_file_handler.py:14:0: C0303: Trailing whitespace (trailing-whitespace)\nsandbox\\buggy_file_handler.py:17:0: C0303: Trailing whitespace (trailing-whitespace)\nsandbox\\buggy_file_handler.py:20:0: C0303: Trailing whitespace (trailing-whitespace)\nsandbox\\buggy_file_handler.py:27:0: C0304: Final newline missing (missing-final-newline)\nsandbox\\buggy_file_handler.py:1:0: C0114: Missing module docstring (missing-module-docstring)\nsandbox\\buggy_file_handler.py:1:0: C0116: Missing function or method docstring (missing-function-docstring)\nsandbox\\buggy_file_handler.py:2:8: W1514: Using open without explicitly specifying an encoding (unspecified-encoding)\nsandbox\\buggy_file_handler.py:2:8: R1732: Consider using 'with' for resource-allocating operations (consider-using-with)\nsandbox\\buggy_file_handler.py:6:0: C0116: Missing function or method docstring (missing-function-docstring)\nsandbox\\buggy_file_handler.py:7:9: W1514: Using open without explicitly specifying an encoding (unspecified-encoding)\nsandbox\\buggy_file_handler.py:10:0: C0115: Missing class docstring (missing-class-docstring)\nsandbox\\buggy_file_handler.py:15:4: C0116: Missing function or method docstring (missing-function-docstring)\nsandbox\\buggy_file_handler.py:18:4: C0116: Missing function or method docstring (missing-function-docstring)\nsandbox\\buggy_file_handler.py:21:4: C0116: Missing function or method docstring (missing-function-docstring)\nsandbox\\buggy_file_handler.py:24:0: C0116: Missing function or method docstring (missing-function-docstring)\n\n------------------------------------------------------------------\nYour code has been rated at 2.86/10 (previous run: 2.86/10, +0.00)\n\n",
            "input_prompt": "Fichier analys√© : sandbox\\buggy_file_handler.py\n\n--- CODE SOURCE ---\n```python\ndef read_json_file(filename):\n    f = open(filename, 'r')  # Fichier jamais ferm√©\n    content = f.read()\n    return content\n\ndef write_data(filename, data):\n    with open(filename, 'w') as f:\n        f.write(str(data))\n\nclass DataProcessor:\n    def __init__(self, name):\n        self.name = name\n        self.data = []\n    \n    def add_item(self, item):\n        self.data.append(item)\n    \n    def get_total(self):\n        return sum(self.data)\n    \n    def clear_data(self):\n        self.data = []\n\ndef process(x,y,z):  # Trop de param√®tres, pas de docstring\n    result = x * y * z\n    print(\"Result:\", result)  # Print dans une fonction\n    return result\n```\n\n--- RAPPORT PYLINT ---\n************* Module buggy_file_handler\nsandbox\\buggy_file_handler.py:14:0: C0303: Trailing whitespace (trailing-whitespace)\nsandbox\\buggy_file_handler.py:17:0: C0303: Trailing whitespace (trailing-whitespace)\nsandbox\\buggy_file_handler.py:20:0: C0303: Trailing whitespace (trailing-whitespace)\nsandbox\\buggy_file_handler.py:27:0: C0304: Final newline missing (missing-final-newline)\nsandbox\\buggy_file_handler.py:1:0: C0114: Missing module docstring (missing-module-docstring)\nsandbox\\buggy_file_handler.py:1:0: C0116: Missing function or method docstring (missing-function-docstring)\nsandbox\\buggy_file_handler.py:2:8: W1514: Using open without explicitly specifying an encoding (unspecified-encoding)\nsandbox\\buggy_file_handler.py:2:8: R1732: Consider using 'with' for resource-allocating operations (consider-using-with)\nsandbox\\buggy_file_handler.py:6:0: C0116: Missing function or method docstring (missing-function-docstring)\nsandbox\\buggy_file_handler.py:7:9: W1514: Using open without explicitly specifying an encoding (unspecified-encoding)\nsandbox\\buggy_file_handler.py:10:0: C0115: Missing class docstring (missing-class-docstring)\nsandbox\\buggy_file_handler.py:15:4: C0116: Missing function or method docstring (missing-function-docstring)\nsandbox\\buggy_file_handler.py:18:4: C0116: Missing function or method docstring (missing-function-docstring)\nsandbox\\buggy_file_handler.py:21:4: C0116: Missing function or method docstring (missing-function-docstring)\nsandbox\\buggy_file_handler.py:24:0: C0116: Missing function or method docstring (missing-function-docstring)\n\n------------------------------------------------------------------\nYour code has been rated at 2.86/10 (previous run: 2.86/10, +0.00)\n\n\n\nG√©n√®re un plan de refactoring d√©taill√© bas√© sur :\n1. Les probl√®mes identifi√©s par Pylint\n2. Les bugs logiques potentiels que tu d√©tectes dans le code\n3. Les probl√®mes de s√©curit√© (division par z√©ro, fichiers non ferm√©s, etc.)\n4. Les violations des bonnes pratiques Python",
            "output_response": "## 1. Analyse des Probl√®mes\n\n- [CRITIQUE] Bugs Critiques : 2 probl√®mes trouv√©s\n  - Fichier non ferm√© dans la fonction `read_json_file`\n  - Pas de gestion des erreurs pour les fichiers\n\n- [IMPORTANT] Probl√®mes Importants : 5 probl√®mes trouv√©s\n  - Violations de s√©curit√© : Utilisation de `open` sans sp√©cifier l'encodage\n  - Mauvaises pratiques Python : \n    - Utilisation de `open` sans utiliser `with`\n    - Fonction `process` avec trop de param√®tres\n    - Pas de docstring pour les fonctions et classes\n  - Code non idiomatique : \n    - Utilisation de `print` dans une fonction\n\n- [MINEUR] Probl√®mes Mineurs : 6 probl√®mes trouv√©s\n  - Style PEP8 : \n    - Trailing whitespace\n    - Final newline missing\n  - Variables et imports inutilis√©s : N√©ant\n  - Formatage inconsistant : N√©ant\n\n## 2. Plan de Correction\n\n### [CRITIQUE] Priorit√© CRITIQUE\n\n1. **Fichier non ferm√© dans la fonction `read_json_file`**\n   - Fichier : `sandbox\\buggy_file_handler.py`\n   - Ligne : 2\n   - Probl√®me : Le fichier ouvert n'est jamais ferm√©.\n   - Impact : Fuite de ressources, probl√®mes potentiels en cas de grande quantit√© de fichiers trait√©s.\n   - Correction attendue : Utiliser `with open(filename, 'r') as f:` pour g√©rer automatiquement la fermeture du fichier.\n\n2. **Pas de gestion des erreurs pour les fichiers**\n   - Fichier : `sandbox\\buggy_file_handler.py`\n   - Ligne : Multiple\n   - Probl√®me : Les fonctions qui ouvrent des fichiers ne g√®rent pas les erreurs potentielles.\n   - Impact : Plantage du programme en cas d'erreur de fichier.\n   - Correction attendue : Ajouter des blocs `try-except` pour g√©rer les exceptions potentielles lors de l'ouverture et de la lecture/√©criture des fichiers.\n\n### [IMPORTANT] Priorit√© IMPORTANTE\n\n1. **Utilisation de `open` sans sp√©cifier l'encodage**\n   - Fichier : `sandbox\\buggy_file_handler.py`\n   - Ligne : 2, 7\n   - Probl√®me : L'encodage n'est pas sp√©cifi√© lors de l'ouverture des fichiers.\n   - Impact : Probl√®mes de lecture/√©criture de fichiers si l'encodage par d√©faut n'est pas appropri√©.\n   - Correction attendue : Sp√©cifier l'encodage lors de l'ouverture des fichiers, par exemple, `open(filename, 'r', encoding='utf-8')`.\n\n2. **Utilisation de `open` sans utiliser `with`**\n   - Fichier : `sandbox\\buggy_file_handler.py`\n   - Ligne : 2\n   - Probl√®me : La gestion des ressources n'est pas assur√©e.\n   - Impact : Fuite de ressources.\n   - Correction attendue : Utiliser `with open(filename, 'r', encoding='utf-8') as f:`.\n\n3. **Fonction `process` avec trop de param√®tres**\n   - Fichier : `sandbox\\buggy_file_handler.py`\n   - Ligne : 24\n   - Probl√®me : La fonction a trop de param√®tres.\n   - Impact : Difficult√© de compr√©hension et de maintenance.\n   - Correction attendue : R√©organiser la fonction pour qu'elle accepte moins de param√®tres, potentiellement en utilisant un objet ou un dictionnaire.\n\n4. **Pas de docstring pour les fonctions et classes**\n   - Fichier : `sandbox\\buggy_file_handler.py`\n   - Ligne : Multiple\n   - Probl√®me : Les fonctions et classes n'ont pas de documentation.\n   - Impact : Difficult√© de compr√©hension et d'utilisation.\n   - Correction attendue : Ajouter des docstrings pour expliquer le but et le fonctionnement de chaque fonction et classe.\n\n5. **Utilisation de `print` dans une fonction**\n   - Fichier : `sandbox\\buggy_file_handler.py`\n   - Ligne : 26\n   - Probl√®me : La fonction imprime directement le r√©sultat.\n   - Impact : Flexibilit√© r√©duite.\n   - Correction attendue : Faire en sorte que la fonction retourne le r√©sultat et laisse l'appelant d√©cider quoi en faire.\n\n### [MINEUR] Priorit√© MINEURE\n\n1. **Trailing whitespace**\n   - Fichier : `sandbox\\buggy_file_handler.py`\n   - Ligne : Multiple\n   - Probl√®me : Pr√©sence d'espaces √† la fin des lignes.\n   - Impact : Aucun directement, mais am√©lioration du style.\n   - Correction attendue : Supprimer les espaces √† la fin des lignes.\n\n2. **Final newline missing**\n   - Fichier : `sandbox\\buggy_file_handler.py`\n   - Ligne : Fin du fichier\n   - Probl√®me : Absence de nouvelle ligne √† la fin du fichier.\n   - Impact : Aucun directement, mais am√©lioration du style.\n   - Correction attendue : Ajouter une nouvelle ligne √† la fin du fichier.\n\n## 3. Remarques G√©n√©rales\n\n- **Conseils d'am√©lioration globale** : \n  - Utiliser des outils de formatage automatique comme `black` ou `autopep8` pour am√©liorer la consistance du code.\n  - Consid√©rer l'utilisation de type hints pour am√©liorer la lisibilit√© et la maintenabilit√© du code.\n\n- **Suggestions d'architecture si pertinent** : \n  - Organiser les fonctions et classes en modules plus sp√©cifiques si le projet grandit.\n\n- **Bonnes pratiques Python recommand√©es** : \n  - Utiliser des gestionnaires de contexte (`with`) pour les ressources.\n  - G√©rer les exceptions de mani√®re centralis√©e si possible.\n\n- **Score de qualit√© estim√© apr√®s corrections** : \n  - Am√©lioration significative attendue, passage d'un score de 2.86/10 √† au moins 8/10 apr√®s corrections."
        },
        "status": "SUCCESS"
    },
    {
        "id": "28b26aa8-49ad-4bec-a639-386e944aaf8e",
        "timestamp": "2026-01-07T20:28:37.980430",
        "agent": "Auditor",
        "model": "meta-llama/llama-4-scout-17b-16e-instruct",
        "action": "CODE_ANALYSIS",
        "details": {
            "file_path": "sandbox\\buggy_security.py",
            "code_length": 713,
            "pylint_report": "************* Module buggy_security\nsandbox\\buggy_security.py:17:0: C0303: Trailing whitespace (trailing-whitespace)\nsandbox\\buggy_security.py:20:0: C0303: Trailing whitespace (trailing-whitespace)\nsandbox\\buggy_security.py:25:0: C0304: Final newline missing (missing-final-newline)\nsandbox\\buggy_security.py:1:0: C0114: Missing module docstring (missing-module-docstring)\nsandbox\\buggy_security.py:3:0: C0116: Missing function or method docstring (missing-function-docstring)\nsandbox\\buggy_security.py:6:0: C0116: Missing function or method docstring (missing-function-docstring)\nsandbox\\buggy_security.py:7:9: W1514: Using open without explicitly specifying an encoding (unspecified-encoding)\nsandbox\\buggy_security.py:10:0: C0116: Missing function or method docstring (missing-function-docstring)\nsandbox\\buggy_security.py:11:9: W1514: Using open without explicitly specifying an encoding (unspecified-encoding)\nsandbox\\buggy_security.py:14:0: C0115: Missing class docstring (missing-class-docstring)\nsandbox\\buggy_security.py:18:4: C0116: Missing function or method docstring (missing-function-docstring)\nsandbox\\buggy_security.py:21:4: C0116: Missing function or method docstring (missing-function-docstring)\n\n------------------------------------------------------------------\nYour code has been rated at 3.68/10 (previous run: 3.68/10, +0.00)\n\n",
            "input_prompt": "Fichier analys√© : sandbox\\buggy_security.py\n\n--- CODE SOURCE ---\n```python\nimport os\n\ndef execute_command(cmd):\n    os.system(cmd)  # Dangereux: injection de commandes\n\ndef read_user_file(filepath):\n    with open(filepath, 'r') as f:  # Pas de validation du chemin\n        return f.read()\n\ndef save_password(password):\n    with open('passwords.txt', 'a') as f:\n        f.write(password + '\\n')  # Mot de passe en clair\n\nclass UserManager:\n    def __init__(self):\n        self.users = {}\n    \n    def add_user(self, username, password):\n        self.users[username] = password  # Stockage non s√©curis√©\n    \n    def check_password(self, username, password):\n        if username in self.users:\n            if self.users[username] == password:\n                return True\n        return False\n```\n\n--- RAPPORT PYLINT ---\n************* Module buggy_security\nsandbox\\buggy_security.py:17:0: C0303: Trailing whitespace (trailing-whitespace)\nsandbox\\buggy_security.py:20:0: C0303: Trailing whitespace (trailing-whitespace)\nsandbox\\buggy_security.py:25:0: C0304: Final newline missing (missing-final-newline)\nsandbox\\buggy_security.py:1:0: C0114: Missing module docstring (missing-module-docstring)\nsandbox\\buggy_security.py:3:0: C0116: Missing function or method docstring (missing-function-docstring)\nsandbox\\buggy_security.py:6:0: C0116: Missing function or method docstring (missing-function-docstring)\nsandbox\\buggy_security.py:7:9: W1514: Using open without explicitly specifying an encoding (unspecified-encoding)\nsandbox\\buggy_security.py:10:0: C0116: Missing function or method docstring (missing-function-docstring)\nsandbox\\buggy_security.py:11:9: W1514: Using open without explicitly specifying an encoding (unspecified-encoding)\nsandbox\\buggy_security.py:14:0: C0115: Missing class docstring (missing-class-docstring)\nsandbox\\buggy_security.py:18:4: C0116: Missing function or method docstring (missing-function-docstring)\nsandbox\\buggy_security.py:21:4: C0116: Missing function or method docstring (missing-function-docstring)\n\n------------------------------------------------------------------\nYour code has been rated at 3.68/10 (previous run: 3.68/10, +0.00)\n\n\n\nG√©n√®re un plan de refactoring d√©taill√© bas√© sur :\n1. Les probl√®mes identifi√©s par Pylint\n2. Les bugs logiques potentiels que tu d√©tectes dans le code\n3. Les probl√®mes de s√©curit√© (division par z√©ro, fichiers non ferm√©s, etc.)\n4. Les violations des bonnes pratiques Python",
            "output_response": "## 1. Analyse des Probl√®mes\n\n- [CRITIQUE] Bugs Critiques : 4 probl√®mes trouv√©s\n  - Utilisation dangereuse de `os.system` susceptible √† l'injection de commandes.\n  - Stockage de mots de passe en clair.\n  - Lecture de fichiers sans validation du chemin.\n  - Acc√®s non s√©curis√© aux donn√©es utilisateur.\n\n- [IMPORTANT] Probl√®mes Importants : 2 probl√®mes trouv√©s\n  - Violations de s√©curit√© : utilisation non s√©curis√©e de `open` sans sp√©cifier l'encodage.\n  - Mauvaises pratiques Python : absence de docstrings pour les modules, classes et fonctions.\n\n- [MINEUR] Probl√®mes Mineurs : 7 probl√®mes trouv√©s\n  - Trailing whitespace dans certains fichiers.\n  - Absence de newline final dans certains fichiers.\n  - Utilisation de `open` sans sp√©cifier l'encodage.\n\n## 2. Plan de Correction\n\n### [CRITIQUE] Priorit√© CRITIQUE\n\n1. **Injection de Commandes**\n   - Fichier : sandbox\\buggy_security.py\n   - Ligne : 3\n   - Probl√®me : Utilisation de `os.system` pour ex√©cuter des commandes syst√®me.\n   - Impact : Permet l'ex√©cution arbitraire de code.\n   - Correction attendue : Remplacer `os.system` par des m√©thodes s√©curis√©es comme `subprocess.run` avec des arguments bien d√©finis.\n\n2. **Stockage de Mots de Passe en Clair**\n   - Fichier : sandbox\\buggy_security.py\n   - Ligne : 14\n   - Probl√®me : Stockage de mots de passe en clair dans un fichier texte.\n   - Impact : Acc√®s non autoris√© aux mots de passe.\n   - Correction attendue : Utiliser un m√©canisme de stockage s√©curis√© comme le hashage avec sel (e.g., `bcrypt`, `argon2`).\n\n3. **Lecture de Fichiers sans Validation du Chemin**\n   - Fichier : sandbox\\buggy_security.py\n   - Ligne : 6\n   - Probl√®me : Lecture de fichiers sans validation du chemin.\n   - Impact : Acc√®s potentiel √† des fichiers sensibles.\n   - Correction attendue : Valider et normaliser les chemins de fichiers avant lecture.\n\n4. **Acc√®s Non S√©curis√© aux Donn√©es Utilisateur**\n   - Fichier : sandbox\\buggy_security.py\n   - Ligne : 18\n   - Probl√®me : Stockage non s√©curis√© des informations utilisateur.\n   - Impact : Acc√®s non autoris√© aux informations utilisateur.\n   - Correction attendue : Utiliser des m√©thodes s√©curis√©es pour stocker et r√©cup√©rer les informations utilisateur.\n\n### [IMPORTANT] Priorit√© IMPORTANTE\n\n1. **Violations de S√©curit√© avec `open`**\n   - Fichier : sandbox\\buggy_security.py\n   - Ligne : 7, 11\n   - Probl√®me : Utilisation de `open` sans sp√©cifier l'encodage.\n   - Impact : Probl√®mes potentiels de lecture/√©criture de fichiers.\n   - Correction attendue : Sp√©cifier l'encodage lors de l'ouverture de fichiers.\n\n2. **Mauvaises Pratiques Python**\n   - Fichier : sandbox\\buggy_security.py\n   - Ligne : Toutes\n   - Probl√®me : Absence de docstrings.\n   - Impact : Code moins compr√©hensible et moins maintenable.\n   - Correction attendue : Ajouter des docstrings pour les modules, classes et fonctions.\n\n### [MINEUR] Priorit√© MINEURE\n\n1. **Trailing Whitespace**\n   - Fichier : sandbox\\buggy_security.py\n   - Ligne : 17, 20\n   - Probl√®me : Pr√©sence d'espaces √† la fin des lignes.\n   - Impact : Aucun, mais am√©lioration du style.\n   - Correction attendue : Supprimer les espaces √† la fin des lignes.\n\n2. **Absence de Newline Final**\n   - Fichier : sandbox\\buggy_security.py\n   - Ligne : 25\n   - Probl√®me : Fichier manquant d'une newline finale.\n   - Impact : Aucun, mais am√©lioration du style.\n   - Correction attendue : Ajouter une newline finale.\n\n## 3. Remarques G√©n√©rales\n\n- **Conseils d'Am√©lioration Globale** : Int√©grer des tests unitaires pour valider les fonctionnalit√©s et la s√©curit√© du code.\n- **Suggestions d'Architecture** : Consid√©rer l'utilisation d'un framework Python s√©curis√© pour le d√©veloppement d'applications.\n- **Bonnes Pratiques Python Recommand√©es** : Utiliser des outils comme `black` pour la mise en forme du code et `isort` pour la gestion des imports.\n- **Score de Qualit√© Estim√© apr√®s Corrections** : Am√©lioration significative attendue, passage de 3.68/10 √† au moins 8/10 apr√®s corrections."
        },
        "status": "SUCCESS"
    },
    {
        "id": "cb5c8925-b2b4-4e67-86a9-e6b6ab864cea",
        "timestamp": "2026-01-07T20:28:42.881933",
        "agent": "Auditor",
        "model": "meta-llama/llama-4-scout-17b-16e-instruct",
        "action": "CODE_ANALYSIS",
        "details": {
            "file_path": "sandbox\\buggy_string_utils.py",
            "code_length": 915,
            "pylint_report": "************* Module buggy_string_utils\nsandbox\\buggy_string_utils.py:25:0: C0303: Trailing whitespace (trailing-whitespace)\nsandbox\\buggy_string_utils.py:32:0: C0303: Trailing whitespace (trailing-whitespace)\nsandbox\\buggy_string_utils.py:36:0: C0304: Final newline missing (missing-final-newline)\nsandbox\\buggy_string_utils.py:1:0: C0114: Missing module docstring (missing-module-docstring)\nsandbox\\buggy_string_utils.py:1:0: C0116: Missing function or method docstring (missing-function-docstring)\nsandbox\\buggy_string_utils.py:2:4: W0622: Redefining built-in 'reversed' (redefined-builtin)\nsandbox\\buggy_string_utils.py:3:4: C0200: Consider using enumerate instead of iterating with range and len (consider-using-enumerate)\nsandbox\\buggy_string_utils.py:7:0: C0116: Missing function or method docstring (missing-function-docstring)\nsandbox\\buggy_string_utils.py:15:0: C0116: Missing function or method docstring (missing-function-docstring)\nsandbox\\buggy_string_utils.py:18:0: C0116: Missing function or method docstring (missing-function-docstring)\nsandbox\\buggy_string_utils.py:22:0: C0115: Missing class docstring (missing-class-docstring)\nsandbox\\buggy_string_utils.py:26:4: C0116: Missing function or method docstring (missing-function-docstring)\nsandbox\\buggy_string_utils.py:33:4: C0116: Missing function or method docstring (missing-function-docstring)\n\n------------------------------------------------------------------\nYour code has been rated at 5.67/10 (previous run: 5.67/10, +0.00)\n\n",
            "input_prompt": "Fichier analys√© : sandbox\\buggy_string_utils.py\n\n--- CODE SOURCE ---\n```python\ndef reverse_string(text):\n    reversed = \"\"\n    for i in range(len(text)):\n        reversed += text[i]  # Bug: ne reverse pas!\n    return reversed\n\ndef count_vowels(text):\n    vowels = \"aeiou\"\n    count = 0\n    for char in text:\n        if char in vowels:\n            count += 1\n    return count  # Ne compte pas les majuscules\n\ndef is_palindrome(word):\n    return word == word[::-1]  # Fonctionne mais pas de gestion de casse\n\ndef remove_spaces(text):\n    result = text.replace(\" \", \"\")\n    return result\n\nclass StringFormatter:\n    def __init__(self):\n        pass\n    \n    def capitalize_words(self, text):\n        words = text.split()\n        result = \"\"\n        for word in words:\n            result += word.capitalize() + \" \"\n        return result  # Espace en trop √† la fin\n    \n    def truncate(self, text, length):\n        if len(text) > length:\n            return text[:length] + \"...\"\n        return text\n```\n\n--- RAPPORT PYLINT ---\n************* Module buggy_string_utils\nsandbox\\buggy_string_utils.py:25:0: C0303: Trailing whitespace (trailing-whitespace)\nsandbox\\buggy_string_utils.py:32:0: C0303: Trailing whitespace (trailing-whitespace)\nsandbox\\buggy_string_utils.py:36:0: C0304: Final newline missing (missing-final-newline)\nsandbox\\buggy_string_utils.py:1:0: C0114: Missing module docstring (missing-module-docstring)\nsandbox\\buggy_string_utils.py:1:0: C0116: Missing function or method docstring (missing-function-docstring)\nsandbox\\buggy_string_utils.py:2:4: W0622: Redefining built-in 'reversed' (redefined-builtin)\nsandbox\\buggy_string_utils.py:3:4: C0200: Consider using enumerate instead of iterating with range and len (consider-using-enumerate)\nsandbox\\buggy_string_utils.py:7:0: C0116: Missing function or method docstring (missing-function-docstring)\nsandbox\\buggy_string_utils.py:15:0: C0116: Missing function or method docstring (missing-function-docstring)\nsandbox\\buggy_string_utils.py:18:0: C0116: Missing function or method docstring (missing-function-docstring)\nsandbox\\buggy_string_utils.py:22:0: C0115: Missing class docstring (missing-class-docstring)\nsandbox\\buggy_string_utils.py:26:4: C0116: Missing function or method docstring (missing-function-docstring)\nsandbox\\buggy_string_utils.py:33:4: C0116: Missing function or method docstring (missing-function-docstring)\n\n------------------------------------------------------------------\nYour code has been rated at 5.67/10 (previous run: 5.67/10, +0.00)\n\n\n\nG√©n√®re un plan de refactoring d√©taill√© bas√© sur :\n1. Les probl√®mes identifi√©s par Pylint\n2. Les bugs logiques potentiels que tu d√©tectes dans le code\n3. Les probl√®mes de s√©curit√© (division par z√©ro, fichiers non ferm√©s, etc.)\n4. Les violations des bonnes pratiques Python",
            "output_response": "## 1. Analyse des Probl√®mes\n\n- [CRITIQUE] Bugs Critiques : 3 probl√®mes trouv√©s\n  - Division par z√©ro potentielle : 0 probl√®me trouv√©\n  - Acc√®s √† des indices/cl√©s inexistants : 0 probl√®me trouv√©\n  - Boucles infinies : 0 probl√®me trouv√©\n  - Fichiers/ressources non ferm√©s : 0 probl√®me trouv√©\n  - Erreurs de logique qui cassent le programme : 3 probl√®mes trouv√©s\n\n- [IMPORTANT] Probl√®mes Importants : 5 probl√®mes trouv√©s\n  - Violations de s√©curit√© : 0 probl√®me trouv√©\n  - Mauvaises pratiques Python : 3 probl√®mes trouv√©s\n  - Code non idiomatique : 2 probl√®mes trouv√©s\n  - Gestion d'erreurs manquante : 0 probl√®me trouv√©\n  - Probl√®mes de performance √©vidents : 0 probl√®me trouv√©\n\n- [MINEUR] Probl√®mes Mineurs : 8 probl√®mes trouv√©s\n  - Style PEP8 (espaces, nommage) : 3 probl√®mes trouv√©s\n  - Docstrings manquantes : 5 probl√®mes trouv√©s\n  - Variables inutilis√©es : 0 probl√®me trouv√©\n  - Imports inutiles : 0 probl√®me trouv√©\n  - Formatage inconsistant : 0 probl√®me trouv√©\n\n## 2. Plan de Correction\n\n### [CRITIQUE] Priorit√© CRITIQUE\n1. **Erreur de logique dans la fonction `reverse_string`**\n   - Fichier : sandbox\\buggy_string_utils.py\n   - Ligne : 2-5\n   - Probl√®me : La fonction ne reverse pas correctement la cha√Æne de caract√®res.\n   - Impact : La fonction ne produit pas le r√©sultat attendu.\n   - Correction attendue : Utiliser une m√©thode Pythonique pour inverser une cha√Æne de caract√®res, comme `text[::-1]`.\n\n2. **Erreur de logique dans la fonction `count_vowels`**\n   - Fichier : sandbox\\buggy_string_utils.py\n   - Ligne : 7-11\n   - Probl√®me : La fonction ne compte pas les voyelles majuscules.\n   - Impact : La fonction ne produit pas le r√©sultat attendu.\n   - Correction attendue : Convertir la cha√Æne de caract√®res en minuscules avant de compter les voyelles.\n\n3. **Erreur de logique dans la fonction `is_palindrome`**\n   - Fichier : sandbox\\buggy_string_utils.py\n   - Ligne : 13-15\n   - Probl√®me : La fonction ne g√®re pas la casse.\n   - Impact : La fonction ne produit pas le r√©sultat attendu.\n   - Correction attendue : Convertir la cha√Æne de caract√®res en minuscules ou majuscules avant de v√©rifier si elle est un palindrome.\n\n### [IMPORTANT] Priorit√© IMPORTANTE\n1. **Utilisation de `reversed` comme nom de variable**\n   - Fichier : sandbox\\buggy_string_utils.py\n   - Ligne : 2\n   - Probl√®me : Utilisation de `reversed` comme nom de variable, ce qui est un nom de fonction int√©gr√© √† Python.\n   - Impact : Potentiellement dangereux, car cela peut entra√Æner des comportements inattendus.\n   - Correction attendue : Changer le nom de la variable.\n\n2. **Utilisation de `range` et `len` au lieu de `enumerate`**\n   - Fichier : sandbox\\buggy_string_utils.py\n   - Ligne : 3\n   - Probl√®me : Utilisation de `range` et `len` au lieu de `enumerate`.\n   - Impact : Code moins Pythonique et potentiellement moins performant.\n   - Correction attendue : Utiliser `enumerate`.\n\n3. **Espace en trop √† la fin de la cha√Æne dans `capitalize_words`**\n   - Fichier : sandbox\\buggy_string_utils.py\n   - Ligne : 24-28\n   - Probl√®me : Un espace est ajout√© √† la fin de la cha√Æne.\n   - Impact : La cha√Æne de caract√®res produite a un espace inutile √† la fin.\n   - Correction attendue : Utiliser `join` pour concat√©ner les mots.\n\n4. **Pas de gestion de casse dans `is_palindrome`**\n   - Fichier : sandbox\\buggy_string_utils.py\n   - Ligne : 13-15\n   - Probl√®me : La fonction ne g√®re pas la casse.\n   - Impact : La fonction ne produit pas le r√©sultat attendu.\n   - Correction attendue : Convertir la cha√Æne de caract√®res en minuscules ou majuscules.\n\n5. **Pas de v√©rification de la longueur dans `truncate`**\n   - Fichier : sandbox\\buggy_string_utils.py\n   - Ligne : 30-34\n   - Probl√®me : La fonction ne v√©rifie pas si la longueur est valide.\n   - Impact : La fonction peut produire des r√©sultats inattendus si la longueur est n√©gative.\n   - Correction attendue : Ajouter une v√©rification de la longueur.\n\n### [MINEUR] Priorit√© MINEURE\n1. **Docstrings manquantes**\n   - Fichier : sandbox\\buggy_string_utils.py\n   - Ligne : 1, 2, 7, 13, 18, 22, 26, 33\n   - Probl√®me : Les fonctions et classes n'ont pas de docstrings.\n   - Impact : Le code est moins compr√©hensible et moins document√©.\n   - Correction attendue : Ajouter des docstrings.\n\n2. **Trailing whitespace**\n   - Fichier : sandbox\\buggy_string_utils.py\n   - Ligne : 25, 32\n   - Probl√®me : Il y a des espaces √† la fin des lignes.\n   - Impact : Le code est moins propre et peut causer des probl√®mes de formatage.\n   - Correction attendue : Supprimer les espaces √† la fin des lignes.\n\n3. **Missing final newline**\n   - Fichier : sandbox\\buggy_string_utils.py\n   - Ligne : 36\n   - Probl√®me : Il manque une ligne vide √† la fin du fichier.\n   - Impact : Le code est moins conforme aux standards.\n   - Correction attendue : Ajouter une ligne vide √† la fin du fichier.\n\n## 3. Remarques G√©n√©rales\n- Le code a besoin d'√™tre refactor√© pour suivre les bonnes pratiques Python et pour corriger les bugs logiques.\n- Les docstrings sont manquantes pour la plupart des fonctions et classes.\n- Le code utilise des m√©thodes non Pythoniques pour certaines op√©rations.\n- La gestion des erreurs est inexistante.\n- Le score de qualit√© estim√© apr√®s corrections est de 9/10."
        },
        "status": "SUCCESS"
    },
    {
        "id": "171454b9-f0ec-4f76-b1ae-f51fc380c559",
        "timestamp": "2026-01-07T20:28:42.917206",
        "agent": "System",
        "model": "N/A",
        "action": "CODE_ANALYSIS",
        "details": {
            "files_analyzed": 5,
            "input_prompt": "Analyse compl√®te de 5 fichiers",
            "output_response": "Mission termin√©e avec succ√®s"
        },
        "status": "SUCCESS"
    },
    {
        "id": "b9e29d60-12ba-4c91-a7a4-ae1e791c2339",
        "timestamp": "2026-01-08T21:00:18.000226",
        "agent": "System",
        "model": "N/A",
        "action": "CODE_ANALYSIS",
        "details": {
            "target_dir": "sandbox",
            "input_prompt": "Scan du dossier sandbox",
            "output_response": "D√©marrage du syst√®me"
        },
        "status": "SUCCESS"
    },
    {
        "id": "cf6f5c6b-bcba-4235-ba5d-1a3a7fa049c6",
        "timestamp": "2026-01-08T21:00:18.051769",
        "agent": "System",
        "model": "N/A",
        "action": "CODE_ANALYSIS",
        "details": {
            "target_dir": "sandbox",
            "files_found": 2,
            "input_prompt": "Recherche de fichiers Python dans sandbox",
            "output_response": "2 fichiers trouv√©s"
        },
        "status": "SUCCESS"
    },
    {
        "id": "efe3d78f-5494-4b08-b34f-fe1931f9e9c4",
        "timestamp": "2026-01-08T21:00:25.180245",
        "agent": "Auditor",
        "model": "meta-llama/llama-4-scout-17b-16e-instruct",
        "action": "CODE_ANALYSIS",
        "details": {
            "file_path": "sandbox\\test1.py",
            "code_length": 94,
            "pylint_report": "************* Module test1\nsandbox\\test1.py:3:19: E0001: Parsing failed: 'expected ':' (test1, line 3)' (syntax-error)\n",
            "input_prompt": "Fichier analys√© : sandbox\\test1.py\n\n--- CODE SOURCE ---\n```python\n# fichier : bugged1.py\n\ndef multiply(a, b)\nresult = a * b\nreturn result\n\nprint(multiply(3, 4)\n\n```\n\n--- RAPPORT PYLINT ---\n************* Module test1\nsandbox\\test1.py:3:19: E0001: Parsing failed: 'expected ':' (test1, line 3)' (syntax-error)\n\n\nG√©n√®re un plan de refactoring d√©taill√© bas√© sur :\n1. Les probl√®mes identifi√©s par Pylint\n2. Les bugs logiques potentiels que tu d√©tectes dans le code\n3. Les probl√®mes de s√©curit√© (division par z√©ro, fichiers non ferm√©s, etc.)\n4. Les violations des bonnes pratiques Python",
            "output_response": "## 1. Analyse des Probl√®mes\nR√©sum√© clair et concis des erreurs d√©tect√©es.\nOrganise par cat√©gorie :\n- [CRITIQUE] Bugs Critiques : 2 probl√®mes trouv√©s\n- [IMPORTANT] Probl√®mes Importants : 1 probl√®me trouv√©\n- [MINEUR] Probl√®mes Mineurs : 0 probl√®me trouv√©\n\n## 2. Plan de Correction\n\n### [CRITIQUE] Priorit√© CRITIQUE\n1. **Erreur de syntaxe : d√©finition de fonction**\n   - Fichier : sandbox\\test1.py\n   - Ligne : 2\n   - Probl√®me : La d√©finition de fonction `multiply(a, b)` manque des deux points (`:`) √† la fin.\n   - Impact : Le code ne peut pas √™tre ex√©cut√© en raison d'une erreur de syntaxe.\n   - Correction attendue : Ajouter des deux points √† la fin de la d√©finition de fonction : `def multiply(a, b):`\n\n2. **Erreur de syntaxe : appel de fonction**\n   - Fichier : sandbox\\test1.py\n   - Ligne : 5\n   - Probl√®me : L'appel de fonction `print(multiply(3, 4)` manque d'une parenth√®se fermante.\n   - Impact : Le code ne peut pas √™tre ex√©cut√© en raison d'une erreur de syntaxe.\n   - Correction attendue : Ajouter une parenth√®se fermante √† la fin de l'appel de fonction : `print(multiply(3, 4))`\n\n### [IMPORTANT] Priorit√© IMPORTANTE\n1. **Gestion des erreurs : division par z√©ro potentielle**\n   - Fichier : sandbox\\test1.py\n   - Ligne : 3\n   - Probl√®me : La fonction `multiply(a, b)` ne v√©rifie pas si `b` est z√©ro avant de multiplier. Bien que la multiplication par z√©ro ne soit pas une erreur en soi mais plut√¥t un cas particulier, il est crucial de g√©rer les entr√©es utilisateur pour √©viter des probl√®mes potentiels dans d'autres op√©rations arithm√©tiques.\n   - Impact : Une gestion incorrecte pourrait mener √† des r√©sultats inattendus ou des erreurs dans d'autres parties du programme.\n   - Correction attendue : Ajouter une v√©rification pour g√©rer le cas o√π `b` est z√©ro, bien que cela ne soit pas strictement n√©cessaire pour la multiplication : \n     ```python\n     def multiply(a, b):\n         if b == 0:\n             return 0  # ou lever une exception selon les besoins\n         result = a * b\n         return result\n     ```\n\n## 3. Remarques G√©n√©rales\n- **Conseils d'am√©lioration globale** : Il est recommand√© de suivre les bonnes pratiques Python, notamment en termes de style (PEP8) et de gestion des erreurs.\n- **Suggestions d'architecture** : Pour un code plus robuste, envisagez d'ajouter des docstrings aux fonctions pour en d√©crire le but et les param√®tres attendus.\n- **Bonnes pratiques Python recommand√©es** :\n  - Utiliser des outils de formatage automatique comme `black` ou `autopep8` pour respecter la PEP8.\n  - Consid√©rer l'utilisation de type hints pour am√©liorer la lisibilit√© et la maintenabilit√© du code.\n- **Score de qualit√© estim√© apr√®s corrections** : Apr√®s avoir corrig√© les probl√®mes critiques et importants, le score de qualit√© du code devrait s'am√©liorer significativement, passant d'un √©tat instable √† un √©tat stable et plus maintenable."
        },
        "status": "SUCCESS"
    },
    {
        "id": "e846b21c-0cee-45fc-90a8-7dd4ff9e1a47",
        "timestamp": "2026-01-08T21:00:28.027508",
        "agent": "Auditor",
        "model": "meta-llama/llama-4-scout-17b-16e-instruct",
        "action": "CODE_ANALYSIS",
        "details": {
            "file_path": "sandbox\\test2.py",
            "code_length": 113,
            "pylint_report": "************* Module test2\nsandbox\\test2.py:6:17: E0001: Parsing failed: 'expected ':' (test2, line 6)' (syntax-error)\n",
            "input_prompt": "Fichier analys√© : sandbox\\test2.py\n\n--- CODE SOURCE ---\n```python\n# fichier : bugged2.py\n\nnumbers = [1, 2, 3, 4, 5]\ntotal = 0\n\nfor n in numbers\ntotal += n\n\nprint(\"Total =\", total\n\n```\n\n--- RAPPORT PYLINT ---\n************* Module test2\nsandbox\\test2.py:6:17: E0001: Parsing failed: 'expected ':' (test2, line 6)' (syntax-error)\n\n\nG√©n√®re un plan de refactoring d√©taill√© bas√© sur :\n1. Les probl√®mes identifi√©s par Pylint\n2. Les bugs logiques potentiels que tu d√©tectes dans le code\n3. Les probl√®mes de s√©curit√© (division par z√©ro, fichiers non ferm√©s, etc.)\n4. Les violations des bonnes pratiques Python",
            "output_response": "## 1. Analyse des Probl√®mes\nR√©sum√© clair et concis des erreurs d√©tect√©es.\n\n- [CRITIQUE] Bugs Critiques : 2 probl√®mes trouv√©s\n- [IMPORTANT] Probl√®mes Importants : 1 probl√®me trouv√©\n- [MINEUR] Probl√®mes Mineurs : 1 probl√®me trouv√©\n\n## 2. Plan de Correction\n\n### [CRITIQUE] Priorit√© CRITIQUE\n1. **Erreur de syntaxe : point-virgule manquant**\n   - Fichier : sandbox\\test2.py\n   - Ligne : 5\n   - Probl√®me : Il manque un point-virgule √† la fin de la ligne `for n in numbers`.\n   - Impact : L'interpr√©teur Python ne peut pas ex√©cuter le script √† cause d'une erreur de syntaxe.\n   - Correction attendue : Ajouter un point-virgule √† la fin de la ligne `for n in numbers;`.\n\n2. **Erreur de syntaxe : parenth√®se fermante manquante**\n   - Fichier : sandbox\\test2.py\n   - Ligne : 7\n   - Probl√®me : Il manque une parenth√®se fermante √† la fin de la ligne `print(\"Total =\", total`.\n   - Impact : L'interpr√©teur Python ne peut pas ex√©cuter le script √† cause d'une erreur de syntaxe.\n   - Correction attendue : Ajouter une parenth√®se fermante √† la fin de la ligne `print(\"Total =\", total)`.\n\n### [IMPORTANT] Priorit√© IMPORTANTE\n1. **Division par z√©ro potentielle ou gestion des erreurs**\n   - Fichier : sandbox\\test2.py\n   - Ligne : Aucune ligne sp√©cifique, mais concerne l'ensemble du script\n   - Probl√®me : Bien que le script ne contienne pas explicitement de division par z√©ro, il est crucial de toujours anticiper et g√©rer les erreurs potentielles, notamment lorsque les donn√©es d'entr√©e sont dynamiques.\n   - Impact : Un manque de gestion des erreurs peut mener √† des interruptions inattendues du script.\n   - Correction attendue : Envisager l'ajout de try/except pour g√©rer les erreurs potentielles, m√™me si dans ce cas sp√©cifique, il n'y a pas de risque de division par z√©ro.\n\n### [MINEUR] Priorit√© MINEURE\n1. **Style PEP8 et commentaires**\n   - Fichier : sandbox\\test2.py\n   - Ligne : Toutes les lignes\n   - Probl√®me : Le code manque de commentaires et ne suit pas int√©gralement les recommandations PEP8 (par exemple, espaces autour des op√©rateurs).\n   - Impact : Un code peu lisible peut √™tre difficile √† maintenir.\n   - Correction attendue : Ajouter des commentaires pour expliquer le but du script, et reformater le code pour suivre les guidelines PEP8.\n\n## 3. Remarques G√©n√©rales\n- **Conseils d'am√©lioration globale** : Consid√©rer l'ajout de docstrings pour expliquer les fonctions (si le script est organis√© en fonctions) et l'utilisation de commentaires pour clarifier la logique.\n- **Suggestions d'architecture** : Si le script est amen√© √† √©voluer, organiser les diff√©rentes parties en fonctions peut am√©liorer la lisibilit√© et la maintenabilit√©.\n- **Bonnes pratiques Python recommand√©es** : Utiliser des outils comme `black` et `isort` pour formatter automatiquement le code selon les standards PEP8.\n- **Score de qualit√© estim√© apr√®s corrections** : Am√©lioration significative attendue, passant d'un score faible √† un score proche de 8/10 apr√®s correction des probl√®mes critiques et mise en conformit√© avec les bonnes pratiques."
        },
        "status": "SUCCESS"
    },
    {
        "id": "4434e2fd-df36-4c98-a525-44dce7d5d47e",
        "timestamp": "2026-01-08T21:00:28.887919",
        "agent": "FixateurAgent",
        "model": "meta-llama/llama-4-scout-17b-16e-instruct",
        "action": "CODE_ANALYSIS",
        "details": {
            "file_path": "sandbox\\test1.py",
            "audit_file": "audit_reports\\test1_audit.txt",
            "input_prompt": "\nFICHIER √Ä CORRIGER : test1.py\n\nCODE BUGU√â :\n```python\n# fichier : bugged1.py\n\ndef multiply(a, b)\nresult = a * b\nreturn result\n\nprint(multiply(3, 4)\n\n```\n\nRAPPORT D'AUDIT :\n## 1. Analyse des Probl√®mes\nR√©sum√© clair et concis des erreurs d√©tect√©es.\nOrganise par cat√©gorie :\n- [CRITIQUE] Bugs Critiques : 2 probl√®mes trouv√©s\n- [IMPORTANT] Probl√®mes Importants : 1 probl√®me trouv√©\n- [MINEUR] Probl√®mes Mineurs : 0 probl√®me trouv√©\n\n## 2. Plan de Correction\n\n### [CRITIQUE] Priorit√© CRITIQUE\n1. **Erreur de...",
            "output_response": "Code corrig√© avec succ√®s (113 caract√®res)",
            "code_length_before": 94,
            "code_length_after": 113
        },
        "status": "SUCCESS"
    },
    {
        "id": "fbe6d6af-b94c-4dda-8896-a3402be43678",
        "timestamp": "2026-01-08T21:00:29.393508",
        "agent": "FixateurAgent",
        "model": "meta-llama/llama-4-scout-17b-16e-instruct",
        "action": "CODE_ANALYSIS",
        "details": {
            "file_path": "sandbox\\test2.py",
            "audit_file": "audit_reports\\test2_audit.txt",
            "input_prompt": "\nFICHIER √Ä CORRIGER : test2.py\n\nCODE BUGU√â :\n```python\n# fichier : bugged2.py\n\nnumbers = [1, 2, 3, 4, 5]\ntotal = 0\n\nfor n in numbers\ntotal += n\n\nprint(\"Total =\", total\n\n```\n\nRAPPORT D'AUDIT :\n## 1. Analyse des Probl√®mes\nR√©sum√© clair et concis des erreurs d√©tect√©es.\n\n- [CRITIQUE] Bugs Critiques : 2 probl√®mes trouv√©s\n- [IMPORTANT] Probl√®mes Importants : 1 probl√®me trouv√©\n- [MINEUR] Probl√®mes Mineurs : 1 probl√®me trouv√©\n\n## 2. Plan de Correction\n\n### [CRITIQUE] Priorit√© CRITIQUE\n1. **Erreur de synt...",
            "output_response": "Code corrig√© avec succ√®s (351 caract√®res)",
            "code_length_before": 113,
            "code_length_after": 351
        },
        "status": "SUCCESS"
    },
    {
        "id": "106b81f0-f63b-4f07-8167-4d6b2d70833b",
        "timestamp": "2026-01-08T21:00:29.419877",
        "agent": "System",
        "model": "N/A",
        "action": "CODE_ANALYSIS",
        "details": {
            "files_analyzed": 2,
            "files_fixed": 2,
            "files_failed": 0,
            "input_prompt": "Analyse compl√®te de 2 fichiers",
            "output_response": "Mission termin√©e avec succ√®s"
        },
        "status": "SUCCESS"
    },
    {
        "id": "9deb082b-c4d1-4dc3-ac57-08cbf85d35ee",
        "timestamp": "2026-01-08T22:19:54.151288",
        "agent": "System",
        "model": "N/A",
        "action": "CODE_ANALYSIS",
        "details": {
            "target_dir": "sandbox",
            "delay_seconds": 10,
            "input_prompt": "Scan du dossier sandbox",
            "output_response": "D√©marrage du syst√®me"
        },
        "status": "SUCCESS"
    },
    {
        "id": "3ac905ba-850d-4801-bf14-0ce5cbbb0d10",
        "timestamp": "2026-01-08T22:19:54.153386",
        "agent": "System",
        "model": "N/A",
        "action": "CODE_ANALYSIS",
        "details": {
            "target_dir": "sandbox",
            "files_found": 5,
            "input_prompt": "Recherche de fichiers Python dans sandbox",
            "output_response": "5 fichiers trouv√©s"
        },
        "status": "SUCCESS"
    },
    {
        "id": "86954501-737a-420f-a643-4bd114db609b",
        "timestamp": "2026-01-08T22:20:13.594975",
        "agent": "Auditor",
        "model": "gemini-2.5-flash",
        "action": "CODE_ANALYSIS",
        "details": {
            "file_path": "sandbox\\buggy_calculator.py",
            "code_length": 968,
            "pylint_report": "************* Module buggy_calculator\nsandbox\\buggy_calculator.py:10:0: C0303: Trailing whitespace (trailing-whitespace)\nsandbox\\buggy_calculator.py:14:0: C0303: Trailing whitespace (trailing-whitespace)\nsandbox\\buggy_calculator.py:17:0: C0303: Trailing whitespace (trailing-whitespace)\nsandbox\\buggy_calculator.py:38:0: C0304: Final newline missing (missing-final-newline)\nsandbox\\buggy_calculator.py:1:0: C0114: Missing module docstring (missing-module-docstring)\nsandbox\\buggy_calculator.py:1:0: C0116: Missing function or method docstring (missing-function-docstring)\nsandbox\\buggy_calculator.py:7:0: C0115: Missing class docstring (missing-class-docstring)\nsandbox\\buggy_calculator.py:11:4: C0116: Missing function or method docstring (missing-function-docstring)\nsandbox\\buggy_calculator.py:15:4: C0116: Missing function or method docstring (missing-function-docstring)\nsandbox\\buggy_calculator.py:18:4: C0116: Missing function or method docstring (missing-function-docstring)\nsandbox\\buggy_calculator.py:20:12: W0612: Unused variable 'i' (unused-variable)\nsandbox\\buggy_calculator.py:24:0: C0116: Missing function or method docstring (missing-function-docstring)\nsandbox\\buggy_calculator.py:24:0: C0103: Function name \"processData\" doesn't conform to snake_case naming style (invalid-name)\nsandbox\\buggy_calculator.py:25:4: R1705: Unnecessary \"else\" after \"return\", remove the \"else\" and de-indent the code inside it (no-else-return)\nsandbox\\buggy_calculator.py:25:7: C0123: Use isinstance() rather than type() for a typecheck. (unidiomatic-typecheck)\nsandbox\\buggy_calculator.py:32:0: C0103: Constant name \"temp\" doesn't conform to UPPER_CASE naming style (invalid-name)\nsandbox\\buggy_calculator.py:34:0: C0116: Missing function or method docstring (missing-function-docstring)\nsandbox\\buggy_calculator.py:37:4: W0612: Unused variable 'z' (unused-variable)\n\n------------------------------------------------------------------\nYour code has been rated at 3.79/10 (previous run: 3.79/10, +0.00)\n\n",
            "input_prompt": "Fichier analys√© : sandbox\\buggy_calculator.py\n\n--- CODE SOURCE ---\n```python\ndef calculate_average(numbers):\n    total = 0\n    for i in numbers:\n        total += i\n    return total / len(numbers)  # Division by zero si liste vide\n\nclass Calculator:\n    def __init__(self):\n        self.result = 0\n    \n    def add(self,x,y):  # Pas d'espace apr√®s virgule\n        self.result=x+y  # Pas d'espaces autour des op√©rateurs\n        return self.result\n    \n    def divide(self, a, b):\n        return a/b  # Pas de v√©rification division par z√©ro\n    \n    def power(self,base,exponent):\n        result = 1\n        for i in range(exponent):\n            result = result * base\n        return result\n\ndef processData(data):  # Nom de fonction non conforme (camelCase)\n    if type(data) == list:  # Utilise type() au lieu de isinstance()\n        return sum(data)\n    else:\n        return 0\n\n# Variables globales non utilis√©es\nUNUSED_CONSTANT = 42\ntemp = \"test\"\n\ndef buggy_function():\n    x = 10\n    y = 20\n    z = 30  # Variable non utilis√©e\n    return x + y\n```\n\n--- RAPPORT PYLINT ---\n************* Module buggy_calculator\nsandbox\\buggy_calculator.py:10:0: C0303: Trailing whitespace (trailing-whitespace)\nsandbox\\buggy_calculator.py:14:0: C0303: Trailing whitespace (trailing-whitespace)\nsandbox\\buggy_calculator.py:17:0: C0303: Trailing whitespace (trailing-whitespace)\nsandbox\\buggy_calculator.py:38:0: C0304: Final newline missing (missing-final-newline)\nsandbox\\buggy_calculator.py:1:0: C0114: Missing module docstring (missing-module-docstring)\nsandbox\\buggy_calculator.py:1:0: C0116: Missing function or method docstring (missing-function-docstring)\nsandbox\\buggy_calculator.py:7:0: C0115: Missing class docstring (missing-class-docstring)\nsandbox\\buggy_calculator.py:11:4: C0116: Missing function or method docstring (missing-function-docstring)\nsandbox\\buggy_calculator.py:15:4: C0116: Missing function or method docstring (missing-function-docstring)\nsandbox\\buggy_calculator.py:18:4: C0116: Missing function or method docstring (missing-function-docstring)\nsandbox\\buggy_calculator.py:20:12: W0612: Unused variable 'i' (unused-variable)\nsandbox\\buggy_calculator.py:24:0: C0116: Missing function or method docstring (missing-function-docstring)\nsandbox\\buggy_calculator.py:24:0: C0103: Function name \"processData\" doesn't conform to snake_case naming style (invalid-name)\nsandbox\\buggy_calculator.py:25:4: R1705: Unnecessary \"else\" after \"return\", remove the \"else\" and de-indent the code inside it (no-else-return)\nsandbox\\buggy_calculator.py:25:7: C0123: Use isinstance() rather than type() for a typecheck. (unidiomatic-typecheck)\nsandbox\\buggy_calculator.py:32:0: C0103: Constant name \"temp\" doesn't conform to UPPER_CASE naming style (invalid-name)\nsandbox\\buggy_calculator.py:34:0: C0116: Missing function or method docstring (missing-function-docstring)\nsandbox\\buggy_calculator.py:37:4: W0612: Unused variable 'z' (unused-variable)\n\n------------------------------------------------------------------\nYour code has been rated at 3.79/10 (previous run: 3.79/10, +0.00)\n\n\n\nG√©n√®re un plan de refactoring d√©taill√© bas√© sur :\n1. Les probl√®mes identifi√©s par Pylint\n2. Les bugs logiques potentiels que tu d√©tectes dans le code\n3. Les probl√®mes de s√©curit√© (division par z√©ro, fichiers non ferm√©s, etc.)\n4. Les violations des bonnes pratiques Python",
            "output_response": "## 1. Analyse des Probl√®mes\n- [CRITIQUE] : 3 probl√®mes\n- [IMPORTANT] : 1 probl√®me\n- [MINEUR] : 10 probl√®mes\n\n## 2. Plan de Correction\n\n### [CRITIQUE]\n1. `calculate_average` - Ligne 4 : Division par z√©ro si la liste `numbers` est vide ‚Üí Ajouter une v√©rification de liste vide avant la division pour √©viter une erreur `ZeroDivisionError`.\n2. `Calculator.divide` - Ligne 16 : Division par z√©ro si le diviseur `b` est nul ‚Üí Ajouter une v√©rification pour `b == 0` et lever une `ValueError` ou retourner une valeur appropri√©e.\n3. `Calculator.power` - Ligne 19 : Comportement incorrect pour les exposants n√©gatifs ‚Üí Impl√©menter la logique pour g√©rer les exposants n√©gatifs (ex: `1 / (base ** abs(exponent))`).\n\n### [IMPORTANT]\n1. `processData` - Ligne 25 : Utilisation de `type()` au lieu de `isinstance()` pour la v√©rification de type ‚Üí Remplacer `type(data) == list` par `isinstance(data, list)` pour une v√©rification plus robuste.\n\n### [MINEUR]\n1. `buggy_calculator.py` - Lignes 1, 7, 11, 15, 18, 24, 34 : Docstrings manquantes pour le module, la classe et les fonctions/m√©thodes ‚Üí Ajouter des docstrings descriptives pour am√©liorer la documentation.\n2. `processData` - Ligne 24 : Nom de fonction non conforme (camelCase) ‚Üí Renommer `processData` en `process_data` pour respecter la convention snake_case.\n3. `temp` - Ligne 32 : Nom de constante non conforme (pas UPPER_CASE) ‚Üí Renommer `temp` en `TEMP` ou la supprimer si elle n'est pas utilis√©e.\n4. `Calculator.add` - Ligne 11 : Espaces manquants autour des op√©rateurs et apr√®s les virgules dans les param√®tres ‚Üí Ajouter des espaces pour am√©liorer la lisibilit√© (ex: `x, y` et `x + y`).\n5. `power` - Ligne 20 : Variable `i` inutilis√©e dans la boucle `for` ‚Üí Remplacer `i` par `_` ou supprimer la variable si elle n'est pas n√©cessaire.\n6. `buggy_function` - Ligne 37 : Variable `z` d√©clar√©e mais non utilis√©e ‚Üí Supprimer la d√©claration de la variable `z`.\n7. `UNUSED_CONSTANT` - Ligne 31 : Variable globale d√©clar√©e mais non utilis√©e ‚Üí Supprimer `UNUSED_CONSTANT` si elle n'est pas n√©cessaire dans le code.\n8. `buggy_calculator.py` - Lignes 10, 14, 17 : Espaces blancs en fin de ligne ‚Üí Supprimer les espaces blancs superflus.\n9. `buggy_calculator.py` - Ligne 38 : Nouvelle ligne finale manquante ‚Üí Ajouter une nouvelle ligne √† la fin du fichier pour respecter les conventions.\n10. `processData` - Ligne 25 : `else` inutile apr√®s un `return` ‚Üí Supprimer le bloc `else` et d√©-indenter le code qu'il contient pour simplifier la logique.\n\n## 3. Remarques\nLe code pr√©sente des vuln√©rabilit√©s critiques li√©es √† la division par z√©ro et des incoh√©rences logiques. Il est essentiel de corriger ces probl√®mes en priorit√© pour garantir la robustesse de l'application. Une attention particuli√®re doit √™tre port√©e aux conventions de nommage et √† la documentation pour am√©liorer la maintenabilit√©."
        },
        "status": "SUCCESS"
    },
    {
        "id": "9acb91de-1ab2-4921-a57f-5b7b38d91499",
        "timestamp": "2026-01-08T22:20:32.702639",
        "agent": "Auditor",
        "model": "gemini-2.5-flash",
        "action": "CODE_ANALYSIS",
        "details": {
            "file_path": "sandbox\\buggy_code.py",
            "code_length": 26,
            "pylint_report": "************* Module buggy_code\nsandbox\\buggy_code.py:2:0: W0311: Bad indentation. Found 1 spaces, expected 4 (bad-indentation)\nsandbox\\buggy_code.py:1:0: C0114: Missing module docstring (missing-module-docstring)\nsandbox\\buggy_code.py:1:0: C0116: Missing function or method docstring (missing-function-docstring)\n\n------------------------------------------------------------------\nYour code has been rated at 0.00/10 (previous run: 0.00/10, +0.00)\n\n",
            "input_prompt": "Fichier analys√© : sandbox\\buggy_code.py\n\n--- CODE SOURCE ---\n```python\ndef add(a,b):\n return a-b\n\n```\n\n--- RAPPORT PYLINT ---\n************* Module buggy_code\nsandbox\\buggy_code.py:2:0: W0311: Bad indentation. Found 1 spaces, expected 4 (bad-indentation)\nsandbox\\buggy_code.py:1:0: C0114: Missing module docstring (missing-module-docstring)\nsandbox\\buggy_code.py:1:0: C0116: Missing function or method docstring (missing-function-docstring)\n\n------------------------------------------------------------------\nYour code has been rated at 0.00/10 (previous run: 0.00/10, +0.00)\n\n\n\nG√©n√®re un plan de refactoring d√©taill√© bas√© sur :\n1. Les probl√®mes identifi√©s par Pylint\n2. Les bugs logiques potentiels que tu d√©tectes dans le code\n3. Les probl√®mes de s√©curit√© (division par z√©ro, fichiers non ferm√©s, etc.)\n4. Les violations des bonnes pratiques Python",
            "output_response": "## 1. Analyse des Probl√®mes\n- [CRITIQUE] : 1 probl√®me\n- [IMPORTANT] : 0 probl√®mes\n- [MINEUR] : 3 probl√®mes\n\n## 2. Plan de Correction\n\n### [CRITIQUE]\n1. Bug logique - Ligne 2 : La fonction nomm√©e `add` effectue une soustraction (`a-b`). ‚Üí Renommer la fonction pour refl√©ter son op√©ration r√©elle ou corriger l'op√©ration pour qu'elle corresponde au nom `add`.\n\n### [IMPORTANT]\n(Aucun probl√®me important d√©tect√© au-del√† du bug logique critique.)\n\n### [MINEUR]\n1. Indentation incorrecte - Ligne 2 : L'indentation de la ligne 2 est de 1 espace au lieu de 4. ‚Üí Corriger l'indentation de la ligne 2 √† 4 espaces.\n2. Docstring manquante - Ligne 1 : Le module ne poss√®de pas de docstring. ‚Üí Ajouter une docstring descriptive au d√©but du module.\n3. Docstring manquante - Ligne 1 : La fonction `add` ne poss√®de pas de docstring. ‚Üí Ajouter une docstring expliquant le r√¥le, les arguments et le retour de la fonction.\n\n## 3. Remarques\nIl est crucial que les noms de fonctions refl√®tent fid√®lement leur comportement pour √©viter les bugs logiques. L'ajout syst√©matique de docstrings et le respect des conventions PEP8 am√©liorent significativement la lisibilit√© et la maintenabilit√© du code."
        },
        "status": "SUCCESS"
    },
    {
        "id": "eeb56052-81cf-41fa-9a52-9bf43a71d5c3",
        "timestamp": "2026-01-08T22:21:02.829890",
        "agent": "Auditor",
        "model": "gemini-2.5-flash",
        "action": "CODE_ANALYSIS",
        "details": {
            "file_path": "sandbox\\buggy_file_handler.py",
            "code_length": 656,
            "pylint_report": "************* Module buggy_file_handler\nsandbox\\buggy_file_handler.py:14:0: C0303: Trailing whitespace (trailing-whitespace)\nsandbox\\buggy_file_handler.py:17:0: C0303: Trailing whitespace (trailing-whitespace)\nsandbox\\buggy_file_handler.py:20:0: C0303: Trailing whitespace (trailing-whitespace)\nsandbox\\buggy_file_handler.py:27:0: C0304: Final newline missing (missing-final-newline)\nsandbox\\buggy_file_handler.py:1:0: C0114: Missing module docstring (missing-module-docstring)\nsandbox\\buggy_file_handler.py:1:0: C0116: Missing function or method docstring (missing-function-docstring)\nsandbox\\buggy_file_handler.py:2:8: W1514: Using open without explicitly specifying an encoding (unspecified-encoding)\nsandbox\\buggy_file_handler.py:2:8: R1732: Consider using 'with' for resource-allocating operations (consider-using-with)\nsandbox\\buggy_file_handler.py:6:0: C0116: Missing function or method docstring (missing-function-docstring)\nsandbox\\buggy_file_handler.py:7:9: W1514: Using open without explicitly specifying an encoding (unspecified-encoding)\nsandbox\\buggy_file_handler.py:10:0: C0115: Missing class docstring (missing-class-docstring)\nsandbox\\buggy_file_handler.py:15:4: C0116: Missing function or method docstring (missing-function-docstring)\nsandbox\\buggy_file_handler.py:18:4: C0116: Missing function or method docstring (missing-function-docstring)\nsandbox\\buggy_file_handler.py:21:4: C0116: Missing function or method docstring (missing-function-docstring)\nsandbox\\buggy_file_handler.py:24:0: C0116: Missing function or method docstring (missing-function-docstring)\n\n------------------------------------------------------------------\nYour code has been rated at 2.86/10 (previous run: 2.86/10, +0.00)\n\n",
            "input_prompt": "Fichier analys√© : sandbox\\buggy_file_handler.py\n\n--- CODE SOURCE ---\n```python\ndef read_json_file(filename):\n    f = open(filename, 'r')  # Fichier jamais ferm√©\n    content = f.read()\n    return content\n\ndef write_data(filename, data):\n    with open(filename, 'w') as f:\n        f.write(str(data))\n\nclass DataProcessor:\n    def __init__(self, name):\n        self.name = name\n        self.data = []\n    \n    def add_item(self, item):\n        self.data.append(item)\n    \n    def get_total(self):\n        return sum(self.data)\n    \n    def clear_data(self):\n        self.data = []\n\ndef process(x,y,z):  # Trop de param√®tres, pas de docstring\n    result = x * y * z\n    print(\"Result:\", result)  # Print dans une fonction\n    return result\n```\n\n--- RAPPORT PYLINT ---\n************* Module buggy_file_handler\nsandbox\\buggy_file_handler.py:14:0: C0303: Trailing whitespace (trailing-whitespace)\nsandbox\\buggy_file_handler.py:17:0: C0303: Trailing whitespace (trailing-whitespace)\nsandbox\\buggy_file_handler.py:20:0: C0303: Trailing whitespace (trailing-whitespace)\nsandbox\\buggy_file_handler.py:27:0: C0304: Final newline missing (missing-final-newline)\nsandbox\\buggy_file_handler.py:1:0: C0114: Missing module docstring (missing-module-docstring)\nsandbox\\buggy_file_handler.py:1:0: C0116: Missing function or method docstring (missing-function-docstring)\nsandbox\\buggy_file_handler.py:2:8: W1514: Using open without explicitly specifying an encoding (unspecified-encoding)\nsandbox\\buggy_file_handler.py:2:8: R1732: Consider using 'with' for resource-allocating operations (consider-using-with)\nsandbox\\buggy_file_handler.py:6:0: C0116: Missing function or method docstring (missing-function-docstring)\nsandbox\\buggy_file_handler.py:7:9: W1514: Using open without explicitly specifying an encoding (unspecified-encoding)\nsandbox\\buggy_file_handler.py:10:0: C0115: Missing class docstring (missing-class-docstring)\nsandbox\\buggy_file_handler.py:15:4: C0116: Missing function or method docstring (missing-function-docstring)\nsandbox\\buggy_file_handler.py:18:4: C0116: Missing function or method docstring (missing-function-docstring)\nsandbox\\buggy_file_handler.py:21:4: C0116: Missing function or method docstring (missing-function-docstring)\nsandbox\\buggy_file_handler.py:24:0: C0116: Missing function or method docstring (missing-function-docstring)\n\n------------------------------------------------------------------\nYour code has been rated at 2.86/10 (previous run: 2.86/10, +0.00)\n\n\n\nG√©n√®re un plan de refactoring d√©taill√© bas√© sur :\n1. Les probl√®mes identifi√©s par Pylint\n2. Les bugs logiques potentiels que tu d√©tectes dans le code\n3. Les probl√®mes de s√©curit√© (division par z√©ro, fichiers non ferm√©s, etc.)\n4. Les violations des bonnes pratiques Python",
            "output_response": "## 1. Analyse des Probl√®mes\n- [CRITIQUE] : 2 probl√®mes\n- [IMPORTANT] : 5 probl√®mes\n- [MINEUR] : 3 probl√®mes\n\n## 2. Plan de Correction\n\n### [CRITIQUE]\n1.  Ressource non ferm√©e - Ligne 2 : Le fichier ouvert n'est jamais ferm√©, entra√Ænant une fuite de ressources ‚Üí Utiliser un gestionnaire de contexte `with open(...)`.\n2.  Erreur de type potentielle - Ligne 18 : `sum()` peut √©chouer si `self.data` contient des √©l√©ments non num√©riques ‚Üí Valider les types de donn√©es ou g√©rer l'exception `TypeError`.\n\n### [IMPORTANT]\n1.  Encodage manquant - Lignes 2, 7 : L'encodage n'est pas sp√©cifi√© lors de l'ouverture des fichiers ‚Üí Sp√©cifier `encoding='utf-8'` pour √©viter les probl√®mes de caract√®res.\n2.  Gestion d'erreurs manquante - Ligne 2 : Aucune gestion des erreurs pour `FileNotFoundError` ou `JSONDecodeError` ‚Üí Ajouter des blocs `try-except` pour une robustesse accrue.\n3.  S√©rialisation incorrecte - Ligne 8 : `str(data)` n'est pas une m√©thode de s√©rialisation appropri√©e pour des donn√©es structur√©es ‚Üí Utiliser `json.dump` ou une m√©thode de s√©rialisation sp√©cifique au format attendu.\n4.  Gestion d'erreurs manquante - Ligne 7 : Aucune gestion des erreurs pour les probl√®mes d'√©criture ou de permissions ‚Üí Ajouter des blocs `try-except` pour les op√©rations d'√©criture.\n5.  Effet de bord ind√©sirable - Ligne 25 : La fonction `process` effectue un `print` au lieu de retourner uniquement le r√©sultat ‚Üí Remplacer `print` par un retour de valeur ou utiliser un syst√®me de logging.\n\n### [MINEUR]\n1.  Docstrings manquantes - Lignes 1, 6, 10, 15, 18, 21, 24 : Le module, la classe et plusieurs fonctions/m√©thodes n'ont pas de docstrings ‚Üí Ajouter des docstrings pour am√©liorer la documentation.\n2.  Espacements superflus - Lignes 14, 17, 20 : Pr√©sence d'espaces blancs en fin de ligne ‚Üí Supprimer les espaces blancs pour respecter le style PEP8.\n3.  Nouvelle ligne finale manquante - Ligne 27 : Le fichier ne se termine pas par une nouvelle ligne ‚Üí Ajouter une nouvelle ligne √† la fin du fichier.\n\n## 3. Remarques\nLe code pr√©sente des faiblesses significatives en mati√®re de gestion des ressources et de robustesse. Il est crucial d'impl√©menter une gestion d'erreurs compl√®te et de s'assurer que les ressources sont correctement g√©r√©es pour √©viter les fuites et les plantages inattendus. L'am√©lioration de la documentation et du respect des conventions de style contribuera √©galement √† la maintenabilit√©."
        },
        "status": "SUCCESS"
    },
    {
        "id": "302a4f24-3ffd-420b-b95c-db7bb71f2f71",
        "timestamp": "2026-01-08T22:21:28.009931",
        "agent": "Auditor",
        "model": "gemini-2.5-flash",
        "action": "CODE_ANALYSIS",
        "details": {
            "file_path": "sandbox\\buggy_security.py",
            "code_length": 713,
            "pylint_report": "************* Module buggy_security\nsandbox\\buggy_security.py:17:0: C0303: Trailing whitespace (trailing-whitespace)\nsandbox\\buggy_security.py:20:0: C0303: Trailing whitespace (trailing-whitespace)\nsandbox\\buggy_security.py:25:0: C0304: Final newline missing (missing-final-newline)\nsandbox\\buggy_security.py:1:0: C0114: Missing module docstring (missing-module-docstring)\nsandbox\\buggy_security.py:3:0: C0116: Missing function or method docstring (missing-function-docstring)\nsandbox\\buggy_security.py:6:0: C0116: Missing function or method docstring (missing-function-docstring)\nsandbox\\buggy_security.py:7:9: W1514: Using open without explicitly specifying an encoding (unspecified-encoding)\nsandbox\\buggy_security.py:10:0: C0116: Missing function or method docstring (missing-function-docstring)\nsandbox\\buggy_security.py:11:9: W1514: Using open without explicitly specifying an encoding (unspecified-encoding)\nsandbox\\buggy_security.py:14:0: C0115: Missing class docstring (missing-class-docstring)\nsandbox\\buggy_security.py:18:4: C0116: Missing function or method docstring (missing-function-docstring)\nsandbox\\buggy_security.py:21:4: C0116: Missing function or method docstring (missing-function-docstring)\n\n------------------------------------------------------------------\nYour code has been rated at 3.68/10 (previous run: 3.68/10, +0.00)\n\n",
            "input_prompt": "Fichier analys√© : sandbox\\buggy_security.py\n\n--- CODE SOURCE ---\n```python\nimport os\n\ndef execute_command(cmd):\n    os.system(cmd)  # Dangereux: injection de commandes\n\ndef read_user_file(filepath):\n    with open(filepath, 'r') as f:  # Pas de validation du chemin\n        return f.read()\n\ndef save_password(password):\n    with open('passwords.txt', 'a') as f:\n        f.write(password + '\\n')  # Mot de passe en clair\n\nclass UserManager:\n    def __init__(self):\n        self.users = {}\n    \n    def add_user(self, username, password):\n        self.users[username] = password  # Stockage non s√©curis√©\n    \n    def check_password(self, username, password):\n        if username in self.users:\n            if self.users[username] == password:\n                return True\n        return False\n```\n\n--- RAPPORT PYLINT ---\n************* Module buggy_security\nsandbox\\buggy_security.py:17:0: C0303: Trailing whitespace (trailing-whitespace)\nsandbox\\buggy_security.py:20:0: C0303: Trailing whitespace (trailing-whitespace)\nsandbox\\buggy_security.py:25:0: C0304: Final newline missing (missing-final-newline)\nsandbox\\buggy_security.py:1:0: C0114: Missing module docstring (missing-module-docstring)\nsandbox\\buggy_security.py:3:0: C0116: Missing function or method docstring (missing-function-docstring)\nsandbox\\buggy_security.py:6:0: C0116: Missing function or method docstring (missing-function-docstring)\nsandbox\\buggy_security.py:7:9: W1514: Using open without explicitly specifying an encoding (unspecified-encoding)\nsandbox\\buggy_security.py:10:0: C0116: Missing function or method docstring (missing-function-docstring)\nsandbox\\buggy_security.py:11:9: W1514: Using open without explicitly specifying an encoding (unspecified-encoding)\nsandbox\\buggy_security.py:14:0: C0115: Missing class docstring (missing-class-docstring)\nsandbox\\buggy_security.py:18:4: C0116: Missing function or method docstring (missing-function-docstring)\nsandbox\\buggy_security.py:21:4: C0116: Missing function or method docstring (missing-function-docstring)\n\n------------------------------------------------------------------\nYour code has been rated at 3.68/10 (previous run: 3.68/10, +0.00)\n\n\n\nG√©n√®re un plan de refactoring d√©taill√© bas√© sur :\n1. Les probl√®mes identifi√©s par Pylint\n2. Les bugs logiques potentiels que tu d√©tectes dans le code\n3. Les probl√®mes de s√©curit√© (division par z√©ro, fichiers non ferm√©s, etc.)\n4. Les violations des bonnes pratiques Python",
            "output_response": "## 1. Analyse des Probl√®mes\n- [CRITIQUE] : 3 probl√®mes\n- [IMPORTANT] : 2 probl√®mes\n- [MINEUR] : 3 probl√®mes\n\n## 2. Plan de Correction\n\n### [CRITIQUE]\n1. Vuln√©rabilit√© d'injection de commande - Ligne 3 : `os.system` permet l'ex√©cution de commandes arbitraires ‚Üí Remplacer `os.system` par `subprocess.run` avec `shell=False` et valider les entr√©es.\n2. Vuln√©rabilit√© de traversal de chemin - Ligne 7 : `read_user_file` ne valide pas le chemin d'acc√®s, permettant la lecture de fichiers arbitraires ‚Üí Impl√©menter une validation stricte du chemin pour restreindre l'acc√®s √† un r√©pertoire s√©curis√©.\n3. Stockage de mot de passe en clair - Ligne 11 : `save_password` √©crit les mots de passe en clair dans un fichier ‚Üí Utiliser une fonction de hachage cryptographique robuste (ex: `bcrypt`) pour stocker uniquement les hachages des mots de passe.\n\n### [IMPORTANT]\n1. Stockage de mot de passe en clair en m√©moire - Ligne 17 : `UserManager` stocke les mots de passe en clair dans un dictionnaire ‚Üí Hacher les mots de passe avant de les stocker dans l'objet `UserManager`.\n2. Encodage de fichier non sp√©cifi√© - Lignes 7, 11 : `open` sans encodage explicite peut causer des probl√®mes de compatibilit√© ‚Üí Sp√©cifier explicitement l'encodage `utf-8` lors de l'ouverture des fichiers.\n\n### [MINEUR]\n1. Docstrings manquantes - Lignes 1, 3, 6, 10, 14, 18, 21 : Le module, la classe et les fonctions/m√©thodes n'ont pas de docstrings ‚Üí Ajouter des docstrings descriptives pour am√©liorer la lisibilit√© et la documentation.\n2. Espaces blancs en fin de ligne - Lignes 17, 20 : Pr√©sence d'espaces blancs inutiles ‚Üí Supprimer les espaces blancs en fin de ligne.\n3. Nouvelle ligne finale manquante - Ligne 25 : Le fichier ne se termine pas par une nouvelle ligne ‚Üí Ajouter une nouvelle ligne √† la fin du fichier.\n\n## 3. Remarques\nCe code pr√©sente des vuln√©rabilit√©s de s√©curit√© critiques qui doivent √™tre corrig√©es en priorit√© absolue. La mise en ≈ìuvre de bonnes pratiques de s√©curit√©, comme le hachage des mots de passe et la validation des entr√©es, est essentielle. L'ajout de docstrings et la correction des probl√®mes de style am√©lioreront la maintenabilit√©."
        },
        "status": "SUCCESS"
    },
    {
        "id": "a2da3155-bb75-4c06-ab74-7f11337d41be",
        "timestamp": "2026-01-08T22:22:07.628790",
        "agent": "Auditor",
        "model": "gemini-2.5-flash",
        "action": "CODE_ANALYSIS",
        "details": {
            "file_path": "sandbox\\buggy_string_utils.py",
            "code_length": 915,
            "pylint_report": "************* Module buggy_string_utils\nsandbox\\buggy_string_utils.py:25:0: C0303: Trailing whitespace (trailing-whitespace)\nsandbox\\buggy_string_utils.py:32:0: C0303: Trailing whitespace (trailing-whitespace)\nsandbox\\buggy_string_utils.py:36:0: C0304: Final newline missing (missing-final-newline)\nsandbox\\buggy_string_utils.py:1:0: C0114: Missing module docstring (missing-module-docstring)\nsandbox\\buggy_string_utils.py:1:0: C0116: Missing function or method docstring (missing-function-docstring)\nsandbox\\buggy_string_utils.py:2:4: W0622: Redefining built-in 'reversed' (redefined-builtin)\nsandbox\\buggy_string_utils.py:3:4: C0200: Consider using enumerate instead of iterating with range and len (consider-using-enumerate)\nsandbox\\buggy_string_utils.py:7:0: C0116: Missing function or method docstring (missing-function-docstring)\nsandbox\\buggy_string_utils.py:15:0: C0116: Missing function or method docstring (missing-function-docstring)\nsandbox\\buggy_string_utils.py:18:0: C0116: Missing function or method docstring (missing-function-docstring)\nsandbox\\buggy_string_utils.py:22:0: C0115: Missing class docstring (missing-class-docstring)\nsandbox\\buggy_string_utils.py:26:4: C0116: Missing function or method docstring (missing-function-docstring)\nsandbox\\buggy_string_utils.py:33:4: C0116: Missing function or method docstring (missing-function-docstring)\n\n------------------------------------------------------------------\nYour code has been rated at 5.67/10 (previous run: 5.67/10, +0.00)\n\n",
            "input_prompt": "Fichier analys√© : sandbox\\buggy_string_utils.py\n\n--- CODE SOURCE ---\n```python\ndef reverse_string(text):\n    reversed = \"\"\n    for i in range(len(text)):\n        reversed += text[i]  # Bug: ne reverse pas!\n    return reversed\n\ndef count_vowels(text):\n    vowels = \"aeiou\"\n    count = 0\n    for char in text:\n        if char in vowels:\n            count += 1\n    return count  # Ne compte pas les majuscules\n\ndef is_palindrome(word):\n    return word == word[::-1]  # Fonctionne mais pas de gestion de casse\n\ndef remove_spaces(text):\n    result = text.replace(\" \", \"\")\n    return result\n\nclass StringFormatter:\n    def __init__(self):\n        pass\n    \n    def capitalize_words(self, text):\n        words = text.split()\n        result = \"\"\n        for word in words:\n            result += word.capitalize() + \" \"\n        return result  # Espace en trop √† la fin\n    \n    def truncate(self, text, length):\n        if len(text) > length:\n            return text[:length] + \"...\"\n        return text\n```\n\n--- RAPPORT PYLINT ---\n************* Module buggy_string_utils\nsandbox\\buggy_string_utils.py:25:0: C0303: Trailing whitespace (trailing-whitespace)\nsandbox\\buggy_string_utils.py:32:0: C0303: Trailing whitespace (trailing-whitespace)\nsandbox\\buggy_string_utils.py:36:0: C0304: Final newline missing (missing-final-newline)\nsandbox\\buggy_string_utils.py:1:0: C0114: Missing module docstring (missing-module-docstring)\nsandbox\\buggy_string_utils.py:1:0: C0116: Missing function or method docstring (missing-function-docstring)\nsandbox\\buggy_string_utils.py:2:4: W0622: Redefining built-in 'reversed' (redefined-builtin)\nsandbox\\buggy_string_utils.py:3:4: C0200: Consider using enumerate instead of iterating with range and len (consider-using-enumerate)\nsandbox\\buggy_string_utils.py:7:0: C0116: Missing function or method docstring (missing-function-docstring)\nsandbox\\buggy_string_utils.py:15:0: C0116: Missing function or method docstring (missing-function-docstring)\nsandbox\\buggy_string_utils.py:18:0: C0116: Missing function or method docstring (missing-function-docstring)\nsandbox\\buggy_string_utils.py:22:0: C0115: Missing class docstring (missing-class-docstring)\nsandbox\\buggy_string_utils.py:26:4: C0116: Missing function or method docstring (missing-function-docstring)\nsandbox\\buggy_string_utils.py:33:4: C0116: Missing function or method docstring (missing-function-docstring)\n\n------------------------------------------------------------------\nYour code has been rated at 5.67/10 (previous run: 5.67/10, +0.00)\n\n\n\nG√©n√®re un plan de refactoring d√©taill√© bas√© sur :\n1. Les probl√®mes identifi√©s par Pylint\n2. Les bugs logiques potentiels que tu d√©tectes dans le code\n3. Les probl√®mes de s√©curit√© (division par z√©ro, fichiers non ferm√©s, etc.)\n4. Les violations des bonnes pratiques Python",
            "output_response": "## 1. Analyse des Probl√®mes\n- [CRITIQUE] : 1 probl√®me\n- [IMPORTANT] : 4 probl√®mes\n- [MINEUR] : 12 probl√®mes\n\n## 2. Plan de Correction\n\n### [CRITIQUE]\n1.  Bug logique - Ligne 2 : La fonction `reverse_string` ne reverse pas la cha√Æne, elle la copie. ‚Üí Corriger l'algorithme pour inverser correctement la cha√Æne.\n\n### [IMPORTANT]\n1.  Bug logique - Ligne 7 : La fonction `count_vowels` ne compte pas les voyelles en majuscules. ‚Üí Modifier la logique pour g√©rer la casse des caract√®res.\n2.  Bug logique - Ligne 11 : La fonction `is_palindrome` ne g√®re pas la casse des caract√®res. ‚Üí Adapter la comparaison pour √™tre insensible √† la casse.\n3.  Bug logique - Ligne 29 : La m√©thode `capitalize_words` ajoute un espace superflu √† la fin de la cha√Æne. ‚Üí Supprimer l'espace final en trop.\n4.  Mauvaise pratique - Ligne 2 : La variable `reversed` red√©finit une fonction built-in. ‚Üí Renommer la variable pour √©viter le conflit.\n\n### [MINEUR]\n1.  Docstrings manquantes - Lignes 1, 7, 11, 15, 18, 22, 26, 33 : Le module, la classe et plusieurs fonctions/m√©thodes n'ont pas de docstrings. ‚Üí Ajouter des docstrings descriptives.\n2.  Whitespace - Lignes 25, 32 : Pr√©sence d'espaces inutiles en fin de ligne. ‚Üí Supprimer les espaces de fin de ligne.\n3.  Nouvelle ligne manquante - Ligne 36 : Le fichier ne se termine pas par une nouvelle ligne. ‚Üí Ajouter une nouvelle ligne √† la fin du fichier.\n4.  Optimisation - Ligne 3 : Utilisation de `range(len(text))` au lieu d'it√©rer directement ou avec `enumerate`. ‚Üí Simplifier l'it√©ration pour une meilleure lisibilit√©.\n\n## 3. Remarques\nLe code pr√©sente des bugs logiques fondamentaux qui affectent la fonctionnalit√© principale des utilitaires de cha√Æne. Une attention particuli√®re doit √™tre port√©e √† la robustesse des fonctions et √† la gestion des cas limites, en plus des am√©liorations de style et de documentation."
        },
        "status": "SUCCESS"
    },
    {
        "id": "770bcd42-79bc-4f55-91fe-2e88fa672ba2",
        "timestamp": "2026-01-08T22:33:32.761687",
        "agent": "System",
        "model": "N/A",
        "action": "CODE_ANALYSIS",
        "details": {
            "target_dir": "sandbox",
            "delay_seconds": 10,
            "input_prompt": "Scan du dossier sandbox",
            "output_response": "D√©marrage du syst√®me"
        },
        "status": "SUCCESS"
    },
    {
        "id": "e102339d-0d9e-4d31-9625-4e463f3395d7",
        "timestamp": "2026-01-08T22:33:32.767962",
        "agent": "System",
        "model": "N/A",
        "action": "CODE_ANALYSIS",
        "details": {
            "target_dir": "sandbox",
            "files_found": 5,
            "input_prompt": "Recherche de fichiers Python dans sandbox",
            "output_response": "5 fichiers trouv√©s"
        },
        "status": "SUCCESS"
    },
    {
        "id": "92e61afd-ebd8-47b5-8998-31bb0d600ab4",
        "timestamp": "2026-01-08T22:34:01.726557",
        "agent": "Auditor",
        "model": "gemini-2.5-flash",
        "action": "CODE_ANALYSIS",
        "details": {
            "file_path": "sandbox\\buggy_calculator.py",
            "code_length": 968,
            "pylint_report": "************* Module buggy_calculator\nsandbox\\buggy_calculator.py:10:0: C0303: Trailing whitespace (trailing-whitespace)\nsandbox\\buggy_calculator.py:14:0: C0303: Trailing whitespace (trailing-whitespace)\nsandbox\\buggy_calculator.py:17:0: C0303: Trailing whitespace (trailing-whitespace)\nsandbox\\buggy_calculator.py:38:0: C0304: Final newline missing (missing-final-newline)\nsandbox\\buggy_calculator.py:1:0: C0114: Missing module docstring (missing-module-docstring)\nsandbox\\buggy_calculator.py:1:0: C0116: Missing function or method docstring (missing-function-docstring)\nsandbox\\buggy_calculator.py:7:0: C0115: Missing class docstring (missing-class-docstring)\nsandbox\\buggy_calculator.py:11:4: C0116: Missing function or method docstring (missing-function-docstring)\nsandbox\\buggy_calculator.py:15:4: C0116: Missing function or method docstring (missing-function-docstring)\nsandbox\\buggy_calculator.py:18:4: C0116: Missing function or method docstring (missing-function-docstring)\nsandbox\\buggy_calculator.py:20:12: W0612: Unused variable 'i' (unused-variable)\nsandbox\\buggy_calculator.py:24:0: C0116: Missing function or method docstring (missing-function-docstring)\nsandbox\\buggy_calculator.py:24:0: C0103: Function name \"processData\" doesn't conform to snake_case naming style (invalid-name)\nsandbox\\buggy_calculator.py:25:4: R1705: Unnecessary \"else\" after \"return\", remove the \"else\" and de-indent the code inside it (no-else-return)\nsandbox\\buggy_calculator.py:25:7: C0123: Use isinstance() rather than type() for a typecheck. (unidiomatic-typecheck)\nsandbox\\buggy_calculator.py:32:0: C0103: Constant name \"temp\" doesn't conform to UPPER_CASE naming style (invalid-name)\nsandbox\\buggy_calculator.py:34:0: C0116: Missing function or method docstring (missing-function-docstring)\nsandbox\\buggy_calculator.py:37:4: W0612: Unused variable 'z' (unused-variable)\n\n------------------------------------------------------------------\nYour code has been rated at 3.79/10 (previous run: 3.79/10, +0.00)\n\n",
            "input_prompt": "Fichier analys√© : sandbox\\buggy_calculator.py\n\n--- CODE SOURCE ---\n```python\ndef calculate_average(numbers):\n    total = 0\n    for i in numbers:\n        total += i\n    return total / len(numbers)  # Division by zero si liste vide\n\nclass Calculator:\n    def __init__(self):\n        self.result = 0\n    \n    def add(self,x,y):  # Pas d'espace apr√®s virgule\n        self.result=x+y  # Pas d'espaces autour des op√©rateurs\n        return self.result\n    \n    def divide(self, a, b):\n        return a/b  # Pas de v√©rification division par z√©ro\n    \n    def power(self,base,exponent):\n        result = 1\n        for i in range(exponent):\n            result = result * base\n        return result\n\ndef processData(data):  # Nom de fonction non conforme (camelCase)\n    if type(data) == list:  # Utilise type() au lieu de isinstance()\n        return sum(data)\n    else:\n        return 0\n\n# Variables globales non utilis√©es\nUNUSED_CONSTANT = 42\ntemp = \"test\"\n\ndef buggy_function():\n    x = 10\n    y = 20\n    z = 30  # Variable non utilis√©e\n    return x + y\n```\n\n--- RAPPORT PYLINT ---\n************* Module buggy_calculator\nsandbox\\buggy_calculator.py:10:0: C0303: Trailing whitespace (trailing-whitespace)\nsandbox\\buggy_calculator.py:14:0: C0303: Trailing whitespace (trailing-whitespace)\nsandbox\\buggy_calculator.py:17:0: C0303: Trailing whitespace (trailing-whitespace)\nsandbox\\buggy_calculator.py:38:0: C0304: Final newline missing (missing-final-newline)\nsandbox\\buggy_calculator.py:1:0: C0114: Missing module docstring (missing-module-docstring)\nsandbox\\buggy_calculator.py:1:0: C0116: Missing function or method docstring (missing-function-docstring)\nsandbox\\buggy_calculator.py:7:0: C0115: Missing class docstring (missing-class-docstring)\nsandbox\\buggy_calculator.py:11:4: C0116: Missing function or method docstring (missing-function-docstring)\nsandbox\\buggy_calculator.py:15:4: C0116: Missing function or method docstring (missing-function-docstring)\nsandbox\\buggy_calculator.py:18:4: C0116: Missing function or method docstring (missing-function-docstring)\nsandbox\\buggy_calculator.py:20:12: W0612: Unused variable 'i' (unused-variable)\nsandbox\\buggy_calculator.py:24:0: C0116: Missing function or method docstring (missing-function-docstring)\nsandbox\\buggy_calculator.py:24:0: C0103: Function name \"processData\" doesn't conform to snake_case naming style (invalid-name)\nsandbox\\buggy_calculator.py:25:4: R1705: Unnecessary \"else\" after \"return\", remove the \"else\" and de-indent the code inside it (no-else-return)\nsandbox\\buggy_calculator.py:25:7: C0123: Use isinstance() rather than type() for a typecheck. (unidiomatic-typecheck)\nsandbox\\buggy_calculator.py:32:0: C0103: Constant name \"temp\" doesn't conform to UPPER_CASE naming style (invalid-name)\nsandbox\\buggy_calculator.py:34:0: C0116: Missing function or method docstring (missing-function-docstring)\nsandbox\\buggy_calculator.py:37:4: W0612: Unused variable 'z' (unused-variable)\n\n------------------------------------------------------------------\nYour code has been rated at 3.79/10 (previous run: 3.79/10, +0.00)\n\n\n\nG√©n√®re un plan de refactoring d√©taill√© bas√© sur :\n1. Les probl√®mes identifi√©s par Pylint\n2. Les bugs logiques potentiels que tu d√©tectes dans le code\n3. Les probl√®mes de s√©curit√© (division par z√©ro, fichiers non ferm√©s, etc.)\n4. Les violations des bonnes pratiques Python",
            "output_response": "## 1. Analyse des Probl√®mes\n- [CRITIQUE] : 3 probl√®mes\n- [IMPORTANT] : 2 probl√®mes\n- [MINEUR] : 4 probl√®mes\n\n## 2. Plan de Correction\n\n### [CRITIQUE]\n1. Division par z√©ro - Ligne 4 (`calculate_average`) : La fonction ne g√®re pas les listes vides, entra√Ænant une division par z√©ro. ‚Üí Ajouter une v√©rification pour les listes vides et lever une `ValueError` ou retourner une valeur par d√©faut.\n2. Division par z√©ro - Ligne 16 (`Calculator.divide`) : La m√©thode ne g√®re pas le cas o√π le diviseur est z√©ro. ‚Üí Ajouter une v√©rification pour le diviseur nul et lever une `ValueError`.\n3. Gestion des exposants n√©gatifs - Ligne 19 (`Calculator.power`) : La m√©thode ne g√®re pas correctement les exposants n√©gatifs, retournant 1 au lieu du r√©sultat attendu. ‚Üí Impl√©menter la logique pour les exposants n√©gatifs ou utiliser l'op√©rateur `**`.\n\n### [IMPORTANT]\n1. Mauvaise pratique de type - Ligne 25 (`processData`) : Utilisation de `type()` au lieu de `isinstance()` pour la v√©rification de type. ‚Üí Remplacer `type(data) == list` par `isinstance(data, list)`.\n2. Variables globales inutilis√©es - Lignes 31, 32 (`UNUSED_CONSTANT`, `temp`) : D√©claration de variables globales qui ne sont jamais utilis√©es dans le code. ‚Üí Supprimer ces variables globales inutilis√©es.\n\n### [MINEUR]\n1. Docstrings manquantes - Lignes 1, 7, 11, 15, 18, 24, 34 : Le module, la classe et toutes les fonctions/m√©thodes n'ont pas de docstrings. ‚Üí Ajouter des docstrings descriptives pour am√©liorer la documentation du code.\n2. Variables locales inutilis√©es - Lignes 20 (`i`), 37 (`z`) : D√©claration de variables locales qui ne sont pas utilis√©es dans leur port√©e. ‚Üí Supprimer les variables `i` et `z` inutilis√©es.\n3. Probl√®mes de style PEP8 - Lignes 10, 11, 12, 14, 17, 24, 38 : Espaces manquants/superflus, nommage non conforme (`processData`), nouvelle ligne finale. ‚Üí Corriger les probl√®mes d'espacement, renommer `processData` en `process_data` et ajouter une nouvelle ligne finale.\n4. Simplification de code - Ligne 25 (`processData`) : `else` inutile apr√®s un `return` dans un bloc conditionnel. ‚Üí Supprimer le bloc `else` et d√©-indenter le code qu'il contient.\n\n## 3. Remarques\nLe code pr√©sente des vuln√©rabilit√©s critiques de plantage et de nombreuses violations des bonnes pratiques Python. Une refonte compl√®te de la gestion des erreurs et de la conformit√© PEP8 est essentielle. L'ajout de tests unitaires est fortement recommand√© pour garantir la robustesse et la fiabilit√© du code."
        },
        "status": "SUCCESS"
    },
    {
        "id": "44d91ffc-bcd3-49d2-ab77-29c13833207a",
        "timestamp": "2026-01-08T22:34:22.888860",
        "agent": "Auditor",
        "model": "gemini-2.5-flash",
        "action": "CODE_ANALYSIS",
        "details": {
            "file_path": "sandbox\\buggy_code.py",
            "code_length": 26,
            "pylint_report": "************* Module buggy_code\nsandbox\\buggy_code.py:2:0: W0311: Bad indentation. Found 1 spaces, expected 4 (bad-indentation)\nsandbox\\buggy_code.py:1:0: C0114: Missing module docstring (missing-module-docstring)\nsandbox\\buggy_code.py:1:0: C0116: Missing function or method docstring (missing-function-docstring)\n\n------------------------------------------------------------------\nYour code has been rated at 0.00/10 (previous run: 0.00/10, +0.00)\n\n",
            "input_prompt": "Fichier analys√© : sandbox\\buggy_code.py\n\n--- CODE SOURCE ---\n```python\ndef add(a,b):\n return a-b\n\n```\n\n--- RAPPORT PYLINT ---\n************* Module buggy_code\nsandbox\\buggy_code.py:2:0: W0311: Bad indentation. Found 1 spaces, expected 4 (bad-indentation)\nsandbox\\buggy_code.py:1:0: C0114: Missing module docstring (missing-module-docstring)\nsandbox\\buggy_code.py:1:0: C0116: Missing function or method docstring (missing-function-docstring)\n\n------------------------------------------------------------------\nYour code has been rated at 0.00/10 (previous run: 0.00/10, +0.00)\n\n\n\nG√©n√®re un plan de refactoring d√©taill√© bas√© sur :\n1. Les probl√®mes identifi√©s par Pylint\n2. Les bugs logiques potentiels que tu d√©tectes dans le code\n3. Les probl√®mes de s√©curit√© (division par z√©ro, fichiers non ferm√©s, etc.)\n4. Les violations des bonnes pratiques Python",
            "output_response": "## 1. Analyse des Probl√®mes\n- [CRITIQUE] : 1 probl√®me\n- [IMPORTANT] : 0 probl√®mes\n- [MINEUR] : 2 probl√®mes\n\n## 2. Plan de Correction\n\n### [CRITIQUE]\n1. Bug logique - Ligne 2 : La fonction nomm√©e `add` effectue une soustraction (`a-b`) au lieu d'une addition. ‚Üí Corriger l'op√©ration interne de la fonction pour qu'elle corresponde √† son nom, ou renommer la fonction.\n\n### [IMPORTANT]\n*(Aucun probl√®me important d√©tect√©)*\n\n### [MINEUR]\n1. Indentation incorrecte - Ligne 2 : La ligne 2 utilise 1 espace d'indentation au lieu des 4 attendus. ‚Üí Corriger l'indentation de la ligne 2 pour respecter la PEP8.\n2. Docstrings manquantes - Ligne 1 : Le module et la fonction `add` n'ont pas de docstrings. ‚Üí Ajouter une docstring descriptive pour le module et pour la fonction `add`.\n\n## 3. Remarques\nAssurez-vous que les noms de fonctions refl√®tent pr√©cis√©ment leur comportement pour am√©liorer la lisibilit√© et √©viter les bugs logiques. L'ajout syst√©matique de docstrings et le respect des conventions de style PEP8 sont essentiels pour la maintenabilit√© du code."
        },
        "status": "SUCCESS"
    },
    {
        "id": "46dae802-7836-4777-982c-ad3ca9c5e971",
        "timestamp": "2026-01-08T22:34:52.639168",
        "agent": "Auditor",
        "model": "gemini-2.5-flash",
        "action": "CODE_ANALYSIS",
        "details": {
            "file_path": "sandbox\\buggy_file_handler.py",
            "code_length": 656,
            "pylint_report": "************* Module buggy_file_handler\nsandbox\\buggy_file_handler.py:14:0: C0303: Trailing whitespace (trailing-whitespace)\nsandbox\\buggy_file_handler.py:17:0: C0303: Trailing whitespace (trailing-whitespace)\nsandbox\\buggy_file_handler.py:20:0: C0303: Trailing whitespace (trailing-whitespace)\nsandbox\\buggy_file_handler.py:27:0: C0304: Final newline missing (missing-final-newline)\nsandbox\\buggy_file_handler.py:1:0: C0114: Missing module docstring (missing-module-docstring)\nsandbox\\buggy_file_handler.py:1:0: C0116: Missing function or method docstring (missing-function-docstring)\nsandbox\\buggy_file_handler.py:2:8: W1514: Using open without explicitly specifying an encoding (unspecified-encoding)\nsandbox\\buggy_file_handler.py:2:8: R1732: Consider using 'with' for resource-allocating operations (consider-using-with)\nsandbox\\buggy_file_handler.py:6:0: C0116: Missing function or method docstring (missing-function-docstring)\nsandbox\\buggy_file_handler.py:7:9: W1514: Using open without explicitly specifying an encoding (unspecified-encoding)\nsandbox\\buggy_file_handler.py:10:0: C0115: Missing class docstring (missing-class-docstring)\nsandbox\\buggy_file_handler.py:15:4: C0116: Missing function or method docstring (missing-function-docstring)\nsandbox\\buggy_file_handler.py:18:4: C0116: Missing function or method docstring (missing-function-docstring)\nsandbox\\buggy_file_handler.py:21:4: C0116: Missing function or method docstring (missing-function-docstring)\nsandbox\\buggy_file_handler.py:24:0: C0116: Missing function or method docstring (missing-function-docstring)\n\n------------------------------------------------------------------\nYour code has been rated at 2.86/10 (previous run: 2.86/10, +0.00)\n\n",
            "input_prompt": "Fichier analys√© : sandbox\\buggy_file_handler.py\n\n--- CODE SOURCE ---\n```python\ndef read_json_file(filename):\n    f = open(filename, 'r')  # Fichier jamais ferm√©\n    content = f.read()\n    return content\n\ndef write_data(filename, data):\n    with open(filename, 'w') as f:\n        f.write(str(data))\n\nclass DataProcessor:\n    def __init__(self, name):\n        self.name = name\n        self.data = []\n    \n    def add_item(self, item):\n        self.data.append(item)\n    \n    def get_total(self):\n        return sum(self.data)\n    \n    def clear_data(self):\n        self.data = []\n\ndef process(x,y,z):  # Trop de param√®tres, pas de docstring\n    result = x * y * z\n    print(\"Result:\", result)  # Print dans une fonction\n    return result\n```\n\n--- RAPPORT PYLINT ---\n************* Module buggy_file_handler\nsandbox\\buggy_file_handler.py:14:0: C0303: Trailing whitespace (trailing-whitespace)\nsandbox\\buggy_file_handler.py:17:0: C0303: Trailing whitespace (trailing-whitespace)\nsandbox\\buggy_file_handler.py:20:0: C0303: Trailing whitespace (trailing-whitespace)\nsandbox\\buggy_file_handler.py:27:0: C0304: Final newline missing (missing-final-newline)\nsandbox\\buggy_file_handler.py:1:0: C0114: Missing module docstring (missing-module-docstring)\nsandbox\\buggy_file_handler.py:1:0: C0116: Missing function or method docstring (missing-function-docstring)\nsandbox\\buggy_file_handler.py:2:8: W1514: Using open without explicitly specifying an encoding (unspecified-encoding)\nsandbox\\buggy_file_handler.py:2:8: R1732: Consider using 'with' for resource-allocating operations (consider-using-with)\nsandbox\\buggy_file_handler.py:6:0: C0116: Missing function or method docstring (missing-function-docstring)\nsandbox\\buggy_file_handler.py:7:9: W1514: Using open without explicitly specifying an encoding (unspecified-encoding)\nsandbox\\buggy_file_handler.py:10:0: C0115: Missing class docstring (missing-class-docstring)\nsandbox\\buggy_file_handler.py:15:4: C0116: Missing function or method docstring (missing-function-docstring)\nsandbox\\buggy_file_handler.py:18:4: C0116: Missing function or method docstring (missing-function-docstring)\nsandbox\\buggy_file_handler.py:21:4: C0116: Missing function or method docstring (missing-function-docstring)\nsandbox\\buggy_file_handler.py:24:0: C0116: Missing function or method docstring (missing-function-docstring)\n\n------------------------------------------------------------------\nYour code has been rated at 2.86/10 (previous run: 2.86/10, +0.00)\n\n\n\nG√©n√®re un plan de refactoring d√©taill√© bas√© sur :\n1. Les probl√®mes identifi√©s par Pylint\n2. Les bugs logiques potentiels que tu d√©tectes dans le code\n3. Les probl√®mes de s√©curit√© (division par z√©ro, fichiers non ferm√©s, etc.)\n4. Les violations des bonnes pratiques Python",
            "output_response": "## 1. Analyse des Probl√®mes\n- [CRITIQUE] : 2 probl√®mes\n- [IMPORTANT] : 7 probl√®mes\n- [MINEUR] : 3 probl√®mes\n\n## 2. Plan de Correction\n\n### [CRITIQUE]\n1. [R1732] - Ligne 2 : Le fichier ouvert n'est pas ferm√©, causant une fuite de ressources ‚Üí Utiliser un bloc `with open(...)` pour garantir la fermeture.\n2. [Bug Logique] - Ligne 18 : La fonction `get_total` peut √©chouer avec un `TypeError` si `self.data` contient des √©l√©ments non num√©riques ‚Üí Ajouter une validation de type ou une gestion d'erreur pour les donn√©es.\n\n### [IMPORTANT]\n1. [W1514] - Ligne 2 : L'encodage n'est pas sp√©cifi√© lors de l'ouverture du fichier ‚Üí Sp√©cifier explicitement l'encodage (ex: `encoding='utf-8'`).\n2. [Bug Logique] - Ligne 1 : La fonction `read_json_file` lit un fichier texte mais ne parse pas le JSON, ce qui est trompeur ‚Üí Renommer la fonction ou ajouter le parsing JSON.\n3. [Bug Logique] - Lignes 1, 6 : Les fonctions de manipulation de fichiers manquent de gestion d'erreurs pour `FileNotFoundError` ou `IOError` ‚Üí Impl√©menter des blocs `try-except` pour g√©rer les erreurs de fichier.\n4. [W1514] - Ligne 7 : L'encodage n'est pas sp√©cifi√© lors de l'√©criture du fichier ‚Üí Sp√©cifier explicitement l'encodage (ex: `encoding='utf-8'`).\n5. [Bug Logique] - Ligne 7 : L'√©criture de `str(data)` peut ne pas √™tre la s√©rialisation souhait√©e pour des structures complexes ‚Üí Utiliser un module de s√©rialisation appropri√© (ex: `json.dump`) si n√©cessaire.\n6. [Bug Logique] - Ligne 25 : La fonction `process` effectue un `print` (effet de bord) au lieu de seulement retourner un r√©sultat ‚Üí S√©parer la logique de calcul de l'affichage.\n7. [Bug Logique] - Ligne 24 : La fonction `process` ne g√®re pas les entr√©es non num√©riques, pouvant causer un `TypeError` ‚Üí Ajouter une validation de type ou une gestion d'erreur pour les param√®tres `x, y, z`.\n\n### [MINEUR]\n1. [C0114, C0116, C0115] - Lignes 1, 6, 10, 15, 18, 21, 24 : Des docstrings sont manquantes pour le module, les fonctions et les m√©thodes ‚Üí Ajouter des docstrings claires pour am√©liorer la documentation.\n2. [C0303] - Lignes 14, 17, 20 : Pr√©sence d'espaces blancs en fin de ligne ‚Üí Supprimer les espaces blancs superflus.\n3. [C0304] - Ligne 27 : Le fichier ne se termine pas par une nouvelle ligne ‚Üí Ajouter une nouvelle ligne √† la fin du fichier.\n\n## 3. Remarques\nLe code pr√©sente des faiblesses fondamentales en mati√®re de gestion des ressources et de robustesse. Il est crucial d'adopter des pratiques de gestion d'erreurs et de contexte (`with`) pour garantir la fiabilit√© et la s√©curit√© de l'application. L'ajout de docstrings et la s√©paration des responsabilit√©s am√©lioreront la maintenabilit√©."
        },
        "status": "SUCCESS"
    },
    {
        "id": "0f664f23-815b-44ac-9ce8-3cbf21aefbc0",
        "timestamp": "2026-01-08T22:35:18.350399",
        "agent": "Auditor",
        "model": "gemini-2.5-flash",
        "action": "CODE_ANALYSIS",
        "details": {
            "file_path": "sandbox\\buggy_security.py",
            "code_length": 713,
            "pylint_report": "************* Module buggy_security\nsandbox\\buggy_security.py:17:0: C0303: Trailing whitespace (trailing-whitespace)\nsandbox\\buggy_security.py:20:0: C0303: Trailing whitespace (trailing-whitespace)\nsandbox\\buggy_security.py:25:0: C0304: Final newline missing (missing-final-newline)\nsandbox\\buggy_security.py:1:0: C0114: Missing module docstring (missing-module-docstring)\nsandbox\\buggy_security.py:3:0: C0116: Missing function or method docstring (missing-function-docstring)\nsandbox\\buggy_security.py:6:0: C0116: Missing function or method docstring (missing-function-docstring)\nsandbox\\buggy_security.py:7:9: W1514: Using open without explicitly specifying an encoding (unspecified-encoding)\nsandbox\\buggy_security.py:10:0: C0116: Missing function or method docstring (missing-function-docstring)\nsandbox\\buggy_security.py:11:9: W1514: Using open without explicitly specifying an encoding (unspecified-encoding)\nsandbox\\buggy_security.py:14:0: C0115: Missing class docstring (missing-class-docstring)\nsandbox\\buggy_security.py:18:4: C0116: Missing function or method docstring (missing-function-docstring)\nsandbox\\buggy_security.py:21:4: C0116: Missing function or method docstring (missing-function-docstring)\n\n------------------------------------------------------------------\nYour code has been rated at 3.68/10 (previous run: 3.68/10, +0.00)\n\n",
            "input_prompt": "Fichier analys√© : sandbox\\buggy_security.py\n\n--- CODE SOURCE ---\n```python\nimport os\n\ndef execute_command(cmd):\n    os.system(cmd)  # Dangereux: injection de commandes\n\ndef read_user_file(filepath):\n    with open(filepath, 'r') as f:  # Pas de validation du chemin\n        return f.read()\n\ndef save_password(password):\n    with open('passwords.txt', 'a') as f:\n        f.write(password + '\\n')  # Mot de passe en clair\n\nclass UserManager:\n    def __init__(self):\n        self.users = {}\n    \n    def add_user(self, username, password):\n        self.users[username] = password  # Stockage non s√©curis√©\n    \n    def check_password(self, username, password):\n        if username in self.users:\n            if self.users[username] == password:\n                return True\n        return False\n```\n\n--- RAPPORT PYLINT ---\n************* Module buggy_security\nsandbox\\buggy_security.py:17:0: C0303: Trailing whitespace (trailing-whitespace)\nsandbox\\buggy_security.py:20:0: C0303: Trailing whitespace (trailing-whitespace)\nsandbox\\buggy_security.py:25:0: C0304: Final newline missing (missing-final-newline)\nsandbox\\buggy_security.py:1:0: C0114: Missing module docstring (missing-module-docstring)\nsandbox\\buggy_security.py:3:0: C0116: Missing function or method docstring (missing-function-docstring)\nsandbox\\buggy_security.py:6:0: C0116: Missing function or method docstring (missing-function-docstring)\nsandbox\\buggy_security.py:7:9: W1514: Using open without explicitly specifying an encoding (unspecified-encoding)\nsandbox\\buggy_security.py:10:0: C0116: Missing function or method docstring (missing-function-docstring)\nsandbox\\buggy_security.py:11:9: W1514: Using open without explicitly specifying an encoding (unspecified-encoding)\nsandbox\\buggy_security.py:14:0: C0115: Missing class docstring (missing-class-docstring)\nsandbox\\buggy_security.py:18:4: C0116: Missing function or method docstring (missing-function-docstring)\nsandbox\\buggy_security.py:21:4: C0116: Missing function or method docstring (missing-function-docstring)\n\n------------------------------------------------------------------\nYour code has been rated at 3.68/10 (previous run: 3.68/10, +0.00)\n\n\n\nG√©n√®re un plan de refactoring d√©taill√© bas√© sur :\n1. Les probl√®mes identifi√©s par Pylint\n2. Les bugs logiques potentiels que tu d√©tectes dans le code\n3. Les probl√®mes de s√©curit√© (division par z√©ro, fichiers non ferm√©s, etc.)\n4. Les violations des bonnes pratiques Python",
            "output_response": "## 1. Analyse des Probl√®mes\n- [CRITIQUE] : 3 probl√®mes\n- [IMPORTANT] : 4 probl√®mes\n- [MINEUR] : 3 probl√®mes\n\n## 2. Plan de Correction\n\n### [CRITIQUE]\n1. Vuln√©rabilit√© d'injection de commandes - Ligne 4 : `os.system` est dangereux et permet l'ex√©cution de commandes arbitraires ‚Üí Remplacer `os.system` par `subprocess.run` avec `shell=False` et valider les entr√©es.\n2. Stockage de mot de passe en clair - Ligne 12 : Les mots de passe sont √©crits en clair dans un fichier ‚Üí Impl√©menter le hachage et le salage des mots de passe avant de les stocker.\n3. Stockage de mot de passe en clair - Ligne 19 : Les mots de passe sont stock√©s en clair dans la m√©moire de l'application ‚Üí Hacher et saler les mots de passe avant de les stocker dans `self.users`.\n\n### [IMPORTANT]\n1. Vuln√©rabilit√© de travers√©e de chemin - Ligne 7 : Le chemin du fichier n'est pas valid√©, permettant l'acc√®s √† des fichiers arbitraires ‚Üí Valider et assainir le `filepath` pour emp√™cher la travers√©e de chemin.\n2. Gestion d'erreurs manquante - Ligne 7 : Aucune gestion des erreurs pour les op√©rations de fichier (ex: `FileNotFoundError`) ‚Üí Ajouter des blocs `try-except` pour g√©rer les exceptions potentielles lors de l'ouverture du fichier.\n3. Encodage de fichier non sp√©cifi√© - Lignes 7, 11 : L'encodage n'est pas explicitement d√©fini lors de l'ouverture des fichiers ‚Üí Sp√©cifier `encoding='utf-8'` pour toutes les op√©rations `open()`.\n4. Logique de v√©rification de mot de passe - Ligne 22 : La m√©thode `check_password` peut √™tre simplifi√©e et optimis√©e ‚Üí Refactoriser la logique pour une meilleure lisibilit√© et efficacit√©.\n\n### [MINEUR]\n1. Docstrings manquantes - Lignes 1, 3, 6, 10, 14, 18, 21 : Le module, les fonctions et les m√©thodes n'ont pas de docstrings ‚Üí Ajouter des docstrings claires et concises pour am√©liorer la documentation.\n2. Espaces blancs en fin de ligne - Lignes 17, 20 : Pr√©sence d'espaces blancs inutiles en fin de ligne ‚Üí Supprimer les espaces blancs en fin de ligne.\n3. Nouvelle ligne finale manquante - Ligne 25 : Le fichier ne se termine pas par une nouvelle ligne ‚Üí Ajouter une nouvelle ligne √† la fin du fichier.\n\n## 3. Remarques\nCe code pr√©sente des vuln√©rabilit√©s de s√©curit√© critiques li√©es √† la gestion des commandes syst√®me et au stockage des mots de passe. Il est imp√©ratif de prioriser la correction de ces failles. Une meilleure gestion des entr√©es utilisateur et des erreurs est √©galement n√©cessaire pour renforcer la robustesse de l'application."
        },
        "status": "SUCCESS"
    },
    {
        "id": "8a9faa6e-7d37-4de2-8d06-5cdb587271e6",
        "timestamp": "2026-01-08T22:35:30.507385",
        "agent": "Auditor",
        "model": "gemini-2.5-flash",
        "action": "CODE_ANALYSIS",
        "details": {
            "input_prompt": "AUDIT FAILED BEFORE PROMPT COMPLETION",
            "output_response": "429 You exceeded your current quota, please check your plan and billing details. For more information on this error, head to: https://ai.google.dev/gemini-api/docs/rate-limits. To monitor your current usage, head to: https://ai.dev/rate-limit. \n* Quota exceeded for metric: generativelanguage.googleapis.com/generate_content_free_tier_requests, limit: 20, model: gemini-2.5-flash\nPlease retry in 26.913318523s. [links {\n  description: \"Learn more about Gemini API quotas\"\n  url: \"https://ai.google.dev/gemini-api/docs/rate-limits\"\n}\n, violations {\n  quota_metric: \"generativelanguage.googleapis.com/generate_content_free_tier_requests\"\n  quota_id: \"GenerateRequestsPerDayPerProjectPerModel-FreeTier\"\n  quota_dimensions {\n    key: \"model\"\n    value: \"gemini-2.5-flash\"\n  }\n  quota_dimensions {\n    key: \"location\"\n    value: \"global\"\n  }\n  quota_value: 20\n}\n, retry_delay {\n  seconds: 26\n}\n]",
            "file_path": "sandbox\\buggy_string_utils.py",
            "error_type": "ResourceExhausted"
        },
        "status": "FAILURE"
    },
    {
        "id": "f8a3a375-4330-446b-8605-22ca6f693b98",
        "timestamp": "2026-01-08T22:35:31.302777",
        "agent": "FixateurAgent",
        "model": "gemini-2.5-flash",
        "action": "CODE_ANALYSIS",
        "details": {
            "file_path": "sandbox\\buggy_calculator.py",
            "input_prompt": "\nFICHIER √Ä CORRIGER : buggy_calculator.py\n\nCODE BUGU√â :\n```python\ndef calculate_average(numbers):\n    total = 0\n    for i in numbers:\n        total += i\n    return total / len(numbers)  # Division by zero si liste vide\n\nclass Calculator:\n    def __init__(self):\n        self.result = 0\n    \n    def add(self,x,y):  # Pas d'espace apr√®s virgule\n        self.result=x+y  # Pas d'espaces autour des op√©rateurs\n        return self.result\n    \n    def divide(self, a, b):\n        return a/b  # Pas de v√©ri...",
            "output_response": "Erreur lors de l'appel √† Gemini : 429 You exceeded your current quota, please check your plan and billing details. For more information on this error, head to: https://ai.google.dev/gemini-api/docs/rate-limits. To monitor your current usage, head to: https://ai.dev/rate-limit. \n* Quota exceeded for metric: generativelanguage.googleapis.com/generate_content_free_tier_requests, limit: 20, model: gemini-2.5-flash\nPlease retry in 26.136999237s. [links {\n  description: \"Learn more about Gemini API quotas\"\n  url: \"https://ai.google.dev/gemini-api/docs/rate-limits\"\n}\n, violations {\n  quota_metric: \"generativelanguage.googleapis.com/generate_content_free_tier_requests\"\n  quota_id: \"GenerateRequestsPerDayPerProjectPerModel-FreeTier\"\n  quota_dimensions {\n    key: \"model\"\n    value: \"gemini-2.5-flash\"\n  }\n  quota_dimensions {\n    key: \"location\"\n    value: \"global\"\n  }\n  quota_value: 20\n}\n, retry_delay {\n  seconds: 26\n}\n]",
            "error_type": "ResourceExhausted"
        },
        "status": "FAILURE"
    },
    {
        "id": "495393b4-69a4-4a7a-8966-fb746338fcbb",
        "timestamp": "2026-01-08T22:35:31.567078",
        "agent": "FixateurAgent",
        "model": "gemini-2.5-flash",
        "action": "CODE_ANALYSIS",
        "details": {
            "file_path": "sandbox\\buggy_code.py",
            "input_prompt": "\nFICHIER √Ä CORRIGER : buggy_code.py\n\nCODE BUGU√â :\n```python\ndef add(a,b):\n return a-b\n\n```\n\nRAPPORT D'AUDIT :\n## 1. Analyse des Probl√®mes\n- [CRITIQUE] : 1 probl√®me\n- [IMPORTANT] : 0 probl√®mes\n- [MINEUR] : 2 probl√®mes\n\n## 2. Plan de Correction\n\n### [CRITIQUE]\n1. Bug logique - Ligne 2 : La fonction nomm√©e `add` effectue une soustraction (`a-b`) au lieu d'une addition. ‚Üí Corriger l'op√©ration interne de la fonction pour qu'elle corresponde √† son nom, ou renommer la fonction.\n\n### [IMPORTANT]\n*(Aucun...",
            "output_response": "Erreur lors de l'appel √† Gemini : 429 You exceeded your current quota, please check your plan and billing details. For more information on this error, head to: https://ai.google.dev/gemini-api/docs/rate-limits. To monitor your current usage, head to: https://ai.dev/rate-limit. \n* Quota exceeded for metric: generativelanguage.googleapis.com/generate_content_free_tier_requests, limit: 20, model: gemini-2.5-flash\nPlease retry in 25.837773204s. [links {\n  description: \"Learn more about Gemini API quotas\"\n  url: \"https://ai.google.dev/gemini-api/docs/rate-limits\"\n}\n, violations {\n  quota_metric: \"generativelanguage.googleapis.com/generate_content_free_tier_requests\"\n  quota_id: \"GenerateRequestsPerDayPerProjectPerModel-FreeTier\"\n  quota_dimensions {\n    key: \"model\"\n    value: \"gemini-2.5-flash\"\n  }\n  quota_dimensions {\n    key: \"location\"\n    value: \"global\"\n  }\n  quota_value: 20\n}\n, retry_delay {\n  seconds: 25\n}\n]",
            "error_type": "ResourceExhausted"
        },
        "status": "FAILURE"
    },
    {
        "id": "567a9bbe-a851-420c-b4eb-2a9847d41bef",
        "timestamp": "2026-01-08T22:35:31.848075",
        "agent": "FixateurAgent",
        "model": "gemini-2.5-flash",
        "action": "CODE_ANALYSIS",
        "details": {
            "file_path": "sandbox\\buggy_file_handler.py",
            "input_prompt": "\nFICHIER √Ä CORRIGER : buggy_file_handler.py\n\nCODE BUGU√â :\n```python\ndef read_json_file(filename):\n    f = open(filename, 'r')  # Fichier jamais ferm√©\n    content = f.read()\n    return content\n\ndef write_data(filename, data):\n    with open(filename, 'w') as f:\n        f.write(str(data))\n\nclass DataProcessor:\n    def __init__(self, name):\n        self.name = name\n        self.data = []\n    \n    def add_item(self, item):\n        self.data.append(item)\n    \n    def get_total(self):\n        return su...",
            "output_response": "Erreur lors de l'appel √† Gemini : 429 You exceeded your current quota, please check your plan and billing details. For more information on this error, head to: https://ai.google.dev/gemini-api/docs/rate-limits. To monitor your current usage, head to: https://ai.dev/rate-limit. \n* Quota exceeded for metric: generativelanguage.googleapis.com/generate_content_free_tier_requests, limit: 20, model: gemini-2.5-flash\nPlease retry in 25.557122484s. [links {\n  description: \"Learn more about Gemini API quotas\"\n  url: \"https://ai.google.dev/gemini-api/docs/rate-limits\"\n}\n, violations {\n  quota_metric: \"generativelanguage.googleapis.com/generate_content_free_tier_requests\"\n  quota_id: \"GenerateRequestsPerDayPerProjectPerModel-FreeTier\"\n  quota_dimensions {\n    key: \"model\"\n    value: \"gemini-2.5-flash\"\n  }\n  quota_dimensions {\n    key: \"location\"\n    value: \"global\"\n  }\n  quota_value: 20\n}\n, retry_delay {\n  seconds: 25\n}\n]",
            "error_type": "ResourceExhausted"
        },
        "status": "FAILURE"
    },
    {
        "id": "b7344a96-ba04-4c4d-9f65-6d007efde5ca",
        "timestamp": "2026-01-08T22:35:32.145912",
        "agent": "FixateurAgent",
        "model": "gemini-2.5-flash",
        "action": "CODE_ANALYSIS",
        "details": {
            "file_path": "sandbox\\buggy_security.py",
            "input_prompt": "\nFICHIER √Ä CORRIGER : buggy_security.py\n\nCODE BUGU√â :\n```python\nimport os\n\ndef execute_command(cmd):\n    os.system(cmd)  # Dangereux: injection de commandes\n\ndef read_user_file(filepath):\n    with open(filepath, 'r') as f:  # Pas de validation du chemin\n        return f.read()\n\ndef save_password(password):\n    with open('passwords.txt', 'a') as f:\n        f.write(password + '\\n')  # Mot de passe en clair\n\nclass UserManager:\n    def __init__(self):\n        self.users = {}\n    \n    def add_user(se...",
            "output_response": "Erreur lors de l'appel √† Gemini : 429 You exceeded your current quota, please check your plan and billing details. For more information on this error, head to: https://ai.google.dev/gemini-api/docs/rate-limits. To monitor your current usage, head to: https://ai.dev/rate-limit. \n* Quota exceeded for metric: generativelanguage.googleapis.com/generate_content_free_tier_requests, limit: 20, model: gemini-2.5-flash\nPlease retry in 25.276638193s. [links {\n  description: \"Learn more about Gemini API quotas\"\n  url: \"https://ai.google.dev/gemini-api/docs/rate-limits\"\n}\n, violations {\n  quota_metric: \"generativelanguage.googleapis.com/generate_content_free_tier_requests\"\n  quota_id: \"GenerateRequestsPerDayPerProjectPerModel-FreeTier\"\n  quota_dimensions {\n    key: \"model\"\n    value: \"gemini-2.5-flash\"\n  }\n  quota_dimensions {\n    key: \"location\"\n    value: \"global\"\n  }\n  quota_value: 20\n}\n, retry_delay {\n  seconds: 25\n}\n]",
            "error_type": "ResourceExhausted"
        },
        "status": "FAILURE"
    },
    {
        "id": "a4dfcdb7-f783-4c07-8509-f76314ecc6b3",
        "timestamp": "2026-01-08T22:35:32.421793",
        "agent": "FixateurAgent",
        "model": "gemini-2.5-flash",
        "action": "CODE_ANALYSIS",
        "details": {
            "file_path": "sandbox\\buggy_string_utils.py",
            "input_prompt": "\nFICHIER √Ä CORRIGER : buggy_string_utils.py\n\nCODE BUGU√â :\n```python\ndef reverse_string(text):\n    reversed = \"\"\n    for i in range(len(text)):\n        reversed += text[i]  # Bug: ne reverse pas!\n    return reversed\n\ndef count_vowels(text):\n    vowels = \"aeiou\"\n    count = 0\n    for char in text:\n        if char in vowels:\n            count += 1\n    return count  # Ne compte pas les majuscules\n\ndef is_palindrome(word):\n    return word == word[::-1]  # Fonctionne mais pas de gestion de casse\n\ndef ...",
            "output_response": "Erreur lors de l'appel √† Gemini : 429 You exceeded your current quota, please check your plan and billing details. For more information on this error, head to: https://ai.google.dev/gemini-api/docs/rate-limits. To monitor your current usage, head to: https://ai.dev/rate-limit. \n* Quota exceeded for metric: generativelanguage.googleapis.com/generate_content_free_tier_requests, limit: 20, model: gemini-2.5-flash\nPlease retry in 24.994332132s. [links {\n  description: \"Learn more about Gemini API quotas\"\n  url: \"https://ai.google.dev/gemini-api/docs/rate-limits\"\n}\n, violations {\n  quota_metric: \"generativelanguage.googleapis.com/generate_content_free_tier_requests\"\n  quota_id: \"GenerateRequestsPerDayPerProjectPerModel-FreeTier\"\n  quota_dimensions {\n    key: \"model\"\n    value: \"gemini-2.5-flash\"\n  }\n  quota_dimensions {\n    key: \"location\"\n    value: \"global\"\n  }\n  quota_value: 20\n}\n, retry_delay {\n  seconds: 24\n}\n]",
            "error_type": "ResourceExhausted"
        },
        "status": "FAILURE"
    },
    {
        "id": "a21a3b36-f909-4ab5-8f53-5aa9c4db8ad0",
        "timestamp": "2026-01-08T22:35:32.434700",
        "agent": "System",
        "model": "N/A",
        "action": "CODE_ANALYSIS",
        "details": {
            "files_analyzed": 5,
            "files_fixed": 0,
            "files_failed": 5,
            "total_delay_time": 40,
            "input_prompt": "Analyse compl√®te de 5 fichiers",
            "output_response": "Mission termin√©e avec succ√®s"
        },
        "status": "SUCCESS"
    },
    {
        "id": "e7f90334-70e0-444f-bc8f-1a2b824473bb",
        "timestamp": "2026-01-08T22:37:09.380667",
        "agent": "System",
        "model": "N/A",
        "action": "CODE_ANALYSIS",
        "details": {
            "target_dir": "sandbox",
            "delay_seconds": 10,
            "input_prompt": "Scan du dossier sandbox",
            "output_response": "D√©marrage du syst√®me"
        },
        "status": "SUCCESS"
    },
    {
        "id": "52cb749d-5240-428d-bc09-8e4bb70d7180",
        "timestamp": "2026-01-08T22:37:09.393082",
        "agent": "System",
        "model": "N/A",
        "action": "CODE_ANALYSIS",
        "details": {
            "target_dir": "sandbox",
            "files_found": 1,
            "input_prompt": "Recherche de fichiers Python dans sandbox",
            "output_response": "1 fichiers trouv√©s"
        },
        "status": "SUCCESS"
    },
    {
        "id": "b721a7bd-0d9b-4db8-b3af-1dad8c845095",
        "timestamp": "2026-01-08T22:37:12.178962",
        "agent": "Auditor",
        "model": "gemini-2.5-flash",
        "action": "CODE_ANALYSIS",
        "details": {
            "input_prompt": "AUDIT FAILED BEFORE PROMPT COMPLETION",
            "output_response": "429 You exceeded your current quota, please check your plan and billing details. For more information on this error, head to: https://ai.google.dev/gemini-api/docs/rate-limits. To monitor your current usage, head to: https://ai.dev/rate-limit. \n* Quota exceeded for metric: generativelanguage.googleapis.com/generate_content_free_tier_requests, limit: 20, model: gemini-2.5-flash\nPlease retry in 45.455046876s. [links {\n  description: \"Learn more about Gemini API quotas\"\n  url: \"https://ai.google.dev/gemini-api/docs/rate-limits\"\n}\n, violations {\n  quota_metric: \"generativelanguage.googleapis.com/generate_content_free_tier_requests\"\n  quota_id: \"GenerateRequestsPerDayPerProjectPerModel-FreeTier\"\n  quota_dimensions {\n    key: \"model\"\n    value: \"gemini-2.5-flash\"\n  }\n  quota_dimensions {\n    key: \"location\"\n    value: \"global\"\n  }\n  quota_value: 20\n}\n, retry_delay {\n  seconds: 45\n}\n]",
            "file_path": "sandbox\\buggy_calculator.py",
            "error_type": "ResourceExhausted"
        },
        "status": "FAILURE"
    },
    {
        "id": "a5df4343-04c0-48b5-85b1-79d82fe6bc40",
        "timestamp": "2026-01-08T22:37:13.202193",
        "agent": "FixateurAgent",
        "model": "gemini-2.5-flash",
        "action": "CODE_ANALYSIS",
        "details": {
            "file_path": "sandbox\\buggy_calculator.py",
            "input_prompt": "\nFICHIER √Ä CORRIGER : buggy_calculator.py\n\nCODE BUGU√â :\n```python\ndef calculate_average(numbers):\n    total = 0\n    for i in numbers:\n        total += i\n    return total / len(numbers)  # Division by zero si liste vide\n\nclass Calculator:\n    def __init__(self):\n        self.result = 0\n    \n    def add(self,x,y):  # Pas d'espace apr√®s virgule\n        self.result=x+y  # Pas d'espaces autour des op√©rateurs\n        return self.result\n    \n    def divide(self, a, b):\n        return a/b  # Pas de v√©ri...",
            "output_response": "Erreur lors de l'appel √† Gemini : 429 You exceeded your current quota, please check your plan and billing details. For more information on this error, head to: https://ai.google.dev/gemini-api/docs/rate-limits. To monitor your current usage, head to: https://ai.dev/rate-limit. \n* Quota exceeded for metric: generativelanguage.googleapis.com/generate_content_free_tier_requests, limit: 20, model: gemini-2.5-flash\nPlease retry in 44.371902987s. [links {\n  description: \"Learn more about Gemini API quotas\"\n  url: \"https://ai.google.dev/gemini-api/docs/rate-limits\"\n}\n, violations {\n  quota_metric: \"generativelanguage.googleapis.com/generate_content_free_tier_requests\"\n  quota_id: \"GenerateRequestsPerDayPerProjectPerModel-FreeTier\"\n  quota_dimensions {\n    key: \"model\"\n    value: \"gemini-2.5-flash\"\n  }\n  quota_dimensions {\n    key: \"location\"\n    value: \"global\"\n  }\n  quota_value: 20\n}\n, retry_delay {\n  seconds: 44\n}\n]",
            "error_type": "ResourceExhausted"
        },
        "status": "FAILURE"
    },
    {
        "id": "272b199c-1991-4910-872e-ec733d058303",
        "timestamp": "2026-01-08T22:37:13.246759",
        "agent": "System",
        "model": "N/A",
        "action": "CODE_ANALYSIS",
        "details": {
            "files_analyzed": 1,
            "files_fixed": 0,
            "files_failed": 1,
            "total_delay_time": 0,
            "input_prompt": "Analyse compl√®te de 1 fichiers",
            "output_response": "Mission termin√©e avec succ√®s"
        },
        "status": "SUCCESS"
    },
    {
        "id": "1ff9adee-5ef7-4559-bfd7-70be71acd130",
        "timestamp": "2026-01-08T22:38:08.234574",
        "agent": "System",
        "model": "N/A",
        "action": "CODE_ANALYSIS",
        "details": {
            "target_dir": "sandbox",
            "delay_seconds": 10,
            "input_prompt": "Scan du dossier sandbox",
            "output_response": "D√©marrage du syst√®me"
        },
        "status": "SUCCESS"
    },
    {
        "id": "4b5cce58-c22a-4a97-9c26-cf1740e2b317",
        "timestamp": "2026-01-08T22:38:08.287157",
        "agent": "System",
        "model": "N/A",
        "action": "CODE_ANALYSIS",
        "details": {
            "target_dir": "sandbox",
            "files_found": 1,
            "input_prompt": "Recherche de fichiers Python dans sandbox",
            "output_response": "1 fichiers trouv√©s"
        },
        "status": "SUCCESS"
    },
    {
        "id": "2a93e588-0185-4b87-8876-75789b2f8bbc",
        "timestamp": "2026-01-08T22:38:12.949712",
        "agent": "Auditor",
        "model": "gemini-2.5-flash",
        "action": "CODE_ANALYSIS",
        "details": {
            "input_prompt": "AUDIT FAILED BEFORE PROMPT COMPLETION",
            "output_response": "429 You exceeded your current quota, please check your plan and billing details. For more information on this error, head to: https://ai.google.dev/gemini-api/docs/rate-limits. To monitor your current usage, head to: https://ai.dev/rate-limit. \n* Quota exceeded for metric: generativelanguage.googleapis.com/generate_content_free_tier_requests, limit: 20, model: gemini-2.5-flash\nPlease retry in 44.63758027s. [links {\n  description: \"Learn more about Gemini API quotas\"\n  url: \"https://ai.google.dev/gemini-api/docs/rate-limits\"\n}\n, violations {\n  quota_metric: \"generativelanguage.googleapis.com/generate_content_free_tier_requests\"\n  quota_id: \"GenerateRequestsPerDayPerProjectPerModel-FreeTier\"\n  quota_dimensions {\n    key: \"model\"\n    value: \"gemini-2.5-flash\"\n  }\n  quota_dimensions {\n    key: \"location\"\n    value: \"global\"\n  }\n  quota_value: 20\n}\n, retry_delay {\n  seconds: 44\n}\n]",
            "file_path": "sandbox\\buggy_calculator.py",
            "error_type": "ResourceExhausted"
        },
        "status": "FAILURE"
    },
    {
        "id": "83e10212-56d8-474f-be7a-66cf477c66a4",
        "timestamp": "2026-01-08T22:38:13.989762",
        "agent": "FixateurAgent",
        "model": "gemini-2.5-flash",
        "action": "CODE_ANALYSIS",
        "details": {
            "file_path": "sandbox\\buggy_calculator.py",
            "input_prompt": "\nFICHIER √Ä CORRIGER : buggy_calculator.py\n\nCODE BUGU√â :\n```python\ndef calculate_average(numbers):\n    total = 0\n    for i in numbers:\n        total += i\n    return total / len(numbers)  # Division by zero si liste vide\n\nclass Calculator:\n    def __init__(self):\n        self.result = 0\n    \n    def add(self,x,y):  # Pas d'espace apr√®s virgule\n        self.result=x+y  # Pas d'espaces autour des op√©rateurs\n        return self.result\n    \n    def divide(self, a, b):\n        return a/b  # Pas de v√©ri...",
            "output_response": "Erreur lors de l'appel √† Gemini : 429 You exceeded your current quota, please check your plan and billing details. For more information on this error, head to: https://ai.google.dev/gemini-api/docs/rate-limits. To monitor your current usage, head to: https://ai.dev/rate-limit. \n* Quota exceeded for metric: generativelanguage.googleapis.com/generate_content_free_tier_requests, limit: 20, model: gemini-2.5-flash\nPlease retry in 43.455902394s. [links {\n  description: \"Learn more about Gemini API quotas\"\n  url: \"https://ai.google.dev/gemini-api/docs/rate-limits\"\n}\n, violations {\n  quota_metric: \"generativelanguage.googleapis.com/generate_content_free_tier_requests\"\n  quota_id: \"GenerateRequestsPerDayPerProjectPerModel-FreeTier\"\n  quota_dimensions {\n    key: \"model\"\n    value: \"gemini-2.5-flash\"\n  }\n  quota_dimensions {\n    key: \"location\"\n    value: \"global\"\n  }\n  quota_value: 20\n}\n, retry_delay {\n  seconds: 43\n}\n]",
            "error_type": "ResourceExhausted"
        },
        "status": "FAILURE"
    },
    {
        "id": "6f8a6a19-8456-44f5-b707-396be94476cc",
        "timestamp": "2026-01-08T22:38:14.032054",
        "agent": "System",
        "model": "N/A",
        "action": "CODE_ANALYSIS",
        "details": {
            "files_analyzed": 1,
            "files_fixed": 0,
            "files_failed": 1,
            "total_delay_time": 0,
            "input_prompt": "Analyse compl√®te de 1 fichiers",
            "output_response": "Mission termin√©e avec succ√®s"
        },
        "status": "SUCCESS"
    },
    {
        "id": "d6020285-427d-4829-9ffa-1dfa3f342eab",
        "timestamp": "2026-01-08T22:39:59.164024",
        "agent": "System",
        "model": "N/A",
        "action": "CODE_ANALYSIS",
        "details": {
            "target_dir": "sandbox",
            "delay_seconds": 10,
            "input_prompt": "Scan du dossier sandbox",
            "output_response": "D√©marrage du syst√®me"
        },
        "status": "SUCCESS"
    },
    {
        "id": "ba7d43d7-4308-401a-b8d2-0e3bad712cd1",
        "timestamp": "2026-01-08T22:39:59.204603",
        "agent": "System",
        "model": "N/A",
        "action": "CODE_ANALYSIS",
        "details": {
            "target_dir": "sandbox",
            "files_found": 1,
            "input_prompt": "Recherche de fichiers Python dans sandbox",
            "output_response": "1 fichiers trouv√©s"
        },
        "status": "SUCCESS"
    },
    {
        "id": "5c508213-45f1-4bd9-84eb-af4ac80aeed7",
        "timestamp": "2026-01-08T22:40:02.221407",
        "agent": "Auditor",
        "model": "gemini-2.5-flash",
        "action": "CODE_ANALYSIS",
        "details": {
            "input_prompt": "AUDIT FAILED BEFORE PROMPT COMPLETION",
            "output_response": "429 You exceeded your current quota, please check your plan and billing details. For more information on this error, head to: https://ai.google.dev/gemini-api/docs/rate-limits. To monitor your current usage, head to: https://ai.dev/rate-limit. \n* Quota exceeded for metric: generativelanguage.googleapis.com/generate_content_free_tier_requests, limit: 20, model: gemini-2.5-flash\nPlease retry in 55.277166848s. [links {\n  description: \"Learn more about Gemini API quotas\"\n  url: \"https://ai.google.dev/gemini-api/docs/rate-limits\"\n}\n, violations {\n  quota_metric: \"generativelanguage.googleapis.com/generate_content_free_tier_requests\"\n  quota_id: \"GenerateRequestsPerDayPerProjectPerModel-FreeTier\"\n  quota_dimensions {\n    key: \"model\"\n    value: \"gemini-2.5-flash\"\n  }\n  quota_dimensions {\n    key: \"location\"\n    value: \"global\"\n  }\n  quota_value: 20\n}\n, retry_delay {\n  seconds: 55\n}\n]",
            "file_path": "sandbox\\buggy_calculator.py",
            "error_type": "ResourceExhausted"
        },
        "status": "FAILURE"
    },
    {
        "id": "11f3615f-b4ed-46b6-a55e-3dfa9b8e1c19",
        "timestamp": "2026-01-08T22:40:10.153522",
        "agent": "FixateurAgent",
        "model": "gemma-3-27b-it",
        "action": "CODE_ANALYSIS",
        "details": {
            "file_path": "sandbox\\buggy_calculator.py",
            "audit_file": "audit_reports\\buggy_calculator_audit.txt",
            "input_prompt": "\nFICHIER √Ä CORRIGER : buggy_calculator.py\n\nCODE BUGU√â :\n```python\ndef calculate_average(numbers):\n    total = 0\n    for i in numbers:\n        total += i\n    return total / len(numbers)  # Division by zero si liste vide\n\nclass Calculator:\n    def __init__(self):\n        self.result = 0\n    \n    def add(self,x,y):  # Pas d'espace apr√®s virgule\n        self.result=x+y  # Pas d'espaces autour des op√©rateurs\n        return self.result\n    \n    def divide(self, a, b):\n        return a/b  # Pas de v√©ri...",
            "output_response": "Code corrig√© avec succ√®s (723 caract√®res)",
            "code_length_before": 968,
            "code_length_after": 723
        },
        "status": "SUCCESS"
    },
    {
        "id": "4cac62a7-133d-418a-8260-0cc92794f139",
        "timestamp": "2026-01-08T22:40:10.205748",
        "agent": "System",
        "model": "N/A",
        "action": "CODE_ANALYSIS",
        "details": {
            "files_analyzed": 1,
            "files_fixed": 1,
            "files_failed": 0,
            "total_delay_time": 0,
            "input_prompt": "Analyse compl√®te de 1 fichiers",
            "output_response": "Mission termin√©e avec succ√®s"
        },
        "status": "SUCCESS"
    },
    {
        "id": "766ef5ea-819a-44f8-baec-5ddb7211b8c4",
        "timestamp": "2026-01-08T22:41:27.271083",
        "agent": "System",
        "model": "N/A",
        "action": "CODE_ANALYSIS",
        "details": {
            "target_dir": "sandbox",
            "delay_seconds": 10,
            "input_prompt": "Scan du dossier sandbox",
            "output_response": "D√©marrage du syst√®me"
        },
        "status": "SUCCESS"
    },
    {
        "id": "4e9481ed-c94e-450c-b5b3-286c34bcde55",
        "timestamp": "2026-01-08T22:41:27.321690",
        "agent": "System",
        "model": "N/A",
        "action": "CODE_ANALYSIS",
        "details": {
            "target_dir": "sandbox",
            "files_found": 1,
            "input_prompt": "Recherche de fichiers Python dans sandbox",
            "output_response": "1 fichiers trouv√©s"
        },
        "status": "SUCCESS"
    },
    {
        "id": "2e36c2dc-b248-4ce6-8113-51d38eaf48a0",
        "timestamp": "2026-01-08T22:41:41.700876",
        "agent": "Auditor",
        "model": "gemma-3-27b-it",
        "action": "CODE_ANALYSIS",
        "details": {
            "file_path": "sandbox\\buggy_calculator.py",
            "code_length": 723,
            "pylint_report": "************* Module buggy_calculator\nsandbox\\buggy_calculator.py:12:0: C0303: Trailing whitespace (trailing-whitespace)\nsandbox\\buggy_calculator.py:16:0: C0303: Trailing whitespace (trailing-whitespace)\nsandbox\\buggy_calculator.py:21:0: C0303: Trailing whitespace (trailing-whitespace)\nsandbox\\buggy_calculator.py:37:0: C0304: Final newline missing (missing-final-newline)\nsandbox\\buggy_calculator.py:1:0: C0114: Missing module docstring (missing-module-docstring)\nsandbox\\buggy_calculator.py:1:0: C0116: Missing function or method docstring (missing-function-docstring)\nsandbox\\buggy_calculator.py:9:0: C0115: Missing class docstring (missing-class-docstring)\nsandbox\\buggy_calculator.py:13:4: C0116: Missing function or method docstring (missing-function-docstring)\nsandbox\\buggy_calculator.py:17:4: C0116: Missing function or method docstring (missing-function-docstring)\nsandbox\\buggy_calculator.py:22:4: C0116: Missing function or method docstring (missing-function-docstring)\nsandbox\\buggy_calculator.py:24:12: W0612: Unused variable 'i' (unused-variable)\nsandbox\\buggy_calculator.py:28:0: C0116: Missing function or method docstring (missing-function-docstring)\nsandbox\\buggy_calculator.py:29:4: R1705: Unnecessary \"else\" after \"return\", remove the \"else\" and de-indent the code inside it (no-else-return)\nsandbox\\buggy_calculator.py:34:0: C0116: Missing function or method docstring (missing-function-docstring)\n\n------------------------------------------------------------------\nYour code has been rated at 5.33/10 (previous run: 3.79/10, +1.54)\n\n",
            "input_prompt": "Fichier analys√© : sandbox\\buggy_calculator.py\n\n--- CODE SOURCE ---\n```python\ndef calculate_average(numbers):\n    if not numbers:\n        return 0\n    total = 0\n    for i in numbers:\n        total += i\n    return total / len(numbers)\n\nclass Calculator:\n    def __init__(self):\n        self.result = 0\n    \n    def add(self, x, y):\n        self.result = x + y\n        return self.result\n    \n    def divide(self, a, b):\n        if b == 0:\n            return 0\n        return a / b\n    \n    def power(self, base, exponent):\n        result = 1\n        for i in range(exponent):\n            result = result * base\n        return result\n\ndef process_data(data):\n    if isinstance(data, list):\n        return sum(data)\n    else:\n        return 0\n\ndef buggy_function():\n    x = 10\n    y = 20\n    return x + y\n```\n\n--- RAPPORT PYLINT ---\n************* Module buggy_calculator\nsandbox\\buggy_calculator.py:12:0: C0303: Trailing whitespace (trailing-whitespace)\nsandbox\\buggy_calculator.py:16:0: C0303: Trailing whitespace (trailing-whitespace)\nsandbox\\buggy_calculator.py:21:0: C0303: Trailing whitespace (trailing-whitespace)\nsandbox\\buggy_calculator.py:37:0: C0304: Final newline missing (missing-final-newline)\nsandbox\\buggy_calculator.py:1:0: C0114: Missing module docstring (missing-module-docstring)\nsandbox\\buggy_calculator.py:1:0: C0116: Missing function or method docstring (missing-function-docstring)\nsandbox\\buggy_calculator.py:9:0: C0115: Missing class docstring (missing-class-docstring)\nsandbox\\buggy_calculator.py:13:4: C0116: Missing function or method docstring (missing-function-docstring)\nsandbox\\buggy_calculator.py:17:4: C0116: Missing function or method docstring (missing-function-docstring)\nsandbox\\buggy_calculator.py:22:4: C0116: Missing function or method docstring (missing-function-docstring)\nsandbox\\buggy_calculator.py:24:12: W0612: Unused variable 'i' (unused-variable)\nsandbox\\buggy_calculator.py:28:0: C0116: Missing function or method docstring (missing-function-docstring)\nsandbox\\buggy_calculator.py:29:4: R1705: Unnecessary \"else\" after \"return\", remove the \"else\" and de-indent the code inside it (no-else-return)\nsandbox\\buggy_calculator.py:34:0: C0116: Missing function or method docstring (missing-function-docstring)\n\n------------------------------------------------------------------\nYour code has been rated at 5.33/10 (previous run: 3.79/10, +1.54)\n\n\n\nG√©n√®re un plan de refactoring d√©taill√© bas√© sur :\n1. Les probl√®mes identifi√©s par Pylint\n2. Les bugs logiques potentiels que tu d√©tectes dans le code\n3. Les probl√®mes de s√©curit√© (division par z√©ro, fichiers non ferm√©s, etc.)\n4. Les violations des bonnes pratiques Python",
            "output_response": "## 1. Analyse des Probl√®mes\n- [CRITIQUE] : 1 probl√®me\n- [IMPORTANT] : 8 probl√®mes\n- [MINEUR] : 6 probl√®mes\n\n## 2. Plan de Correction\n\n### [CRITIQUE]\n1. Division par z√©ro - Ligne 17 : La division par z√©ro retourne 0 au lieu de lever une exception ‚Üí Lever une exception `ZeroDivisionError` pour signaler l'erreur.\n\n### [IMPORTANT]\n1. Docstrings manquantes - Lignes 1, 9, 13, 17, 22, 28, 34 : Absence de documentation pour le module et les fonctions ‚Üí Ajouter des docstrings expliquant le but et les param√®tres de chaque √©l√©ment.\n2. Unused variable - Ligne 24 : La variable 'i' dans `power` n'est pas utilis√©e ‚Üí Supprimer la variable 'i'.\n3. Unnecessary else - Ligne 29 : La clause `else` apr√®s un `return` est inutile ‚Üí Supprimer la clause `else` et d√©-indenter le code.\n4. Trailing whitespace - Lignes 12, 16, 21 : Espaces inutiles √† la fin des lignes ‚Üí Supprimer les espaces √† la fin des lignes.\n5. Missing final newline - Ligne 37 : Fichier sans nouvelle ligne √† la fin ‚Üí Ajouter une nouvelle ligne √† la fin du fichier.\n6. Missing module docstring - Ligne 1 : Absence de docstring pour le module ‚Üí Ajouter une docstring d√©crivant le but du module.\n7. Missing class docstring - Ligne 9 : Absence de docstring pour la classe `Calculator` ‚Üí Ajouter une docstring d√©crivant le but de la classe.\n8. Potentiel bug logique - Ligne 5 : `calculate_average` ne g√®re pas les types non num√©riques dans la liste ‚Üí Ajouter une v√©rification du type des √©l√©ments de la liste et g√©rer les erreurs.\n\n### [MINEUR]\n1. Style PEP8 - Lignes 12, 16, 21 : Espaces inutiles ‚Üí Corriger le style pour respecter les conventions PEP8.\n2. Redondance - Ligne 17 : Retourner 0 en cas de division par z√©ro masque l'erreur ‚Üí Lever une exception.\n\n## 3. Remarques\nAjouter des tests unitaires pour valider le comportement des fonctions, en particulier `calculate_average` et `divide`.\nConsid√©rer l'utilisation de la gestion des exceptions pour une meilleure robustesse du code.\nAm√©liorer la lisibilit√© du code en utilisant des noms de variables plus descriptifs."
        },
        "status": "SUCCESS"
    },
    {
        "id": "17b66a46-d5b1-490d-b94e-8c2aad9bd991",
        "timestamp": "2026-01-08T22:41:55.326561",
        "agent": "FixateurAgent",
        "model": "gemma-3-27b-it",
        "action": "CODE_ANALYSIS",
        "details": {
            "file_path": "sandbox\\buggy_calculator.py",
            "audit_file": "audit_reports\\buggy_calculator_audit.txt",
            "input_prompt": "\nFICHIER √Ä CORRIGER : buggy_calculator.py\n\nCODE BUGU√â :\n```python\ndef calculate_average(numbers):\n    if not numbers:\n        return 0\n    total = 0\n    for i in numbers:\n        total += i\n    return total / len(numbers)\n\nclass Calculator:\n    def __init__(self):\n        self.result = 0\n    \n    def add(self, x, y):\n        self.result = x + y\n        return self.result\n    \n    def divide(self, a, b):\n        if b == 0:\n            return 0\n        return a / b\n    \n    def power(self, base, e...",
            "output_response": "Code corrig√© avec succ√®s (2514 caract√®res)",
            "code_length_before": 723,
            "code_length_after": 2514
        },
        "status": "SUCCESS"
    },
    {
        "id": "6b222da9-be99-4f54-9676-d257521acaa1",
        "timestamp": "2026-01-08T22:41:55.370377",
        "agent": "System",
        "model": "N/A",
        "action": "CODE_ANALYSIS",
        "details": {
            "files_analyzed": 1,
            "files_fixed": 1,
            "files_failed": 0,
            "total_delay_time": 0,
            "input_prompt": "Analyse compl√®te de 1 fichiers",
            "output_response": "Mission termin√©e avec succ√®s"
        },
        "status": "SUCCESS"
    },
    {
        "id": "adac88ff-50a8-4c10-bdef-6a111d387244",
        "timestamp": "2026-01-08T22:42:24.341282",
        "agent": "System",
        "model": "N/A",
        "action": "CODE_ANALYSIS",
        "details": {
            "target_dir": "sandbox",
            "delay_seconds": 10,
            "input_prompt": "Scan du dossier sandbox",
            "output_response": "D√©marrage du syst√®me"
        },
        "status": "SUCCESS"
    },
    {
        "id": "9972aebe-9f6d-4b1c-a331-f23dad2f3aef",
        "timestamp": "2026-01-08T22:42:24.381777",
        "agent": "System",
        "model": "N/A",
        "action": "CODE_ANALYSIS",
        "details": {
            "target_dir": "sandbox",
            "files_found": 1,
            "input_prompt": "Recherche de fichiers Python dans sandbox",
            "output_response": "1 fichiers trouv√©s"
        },
        "status": "SUCCESS"
    },
    {
        "id": "03d532dd-bfd5-4dfb-8564-c51f5afeea23",
        "timestamp": "2026-01-08T22:42:27.380892",
        "agent": "Auditor",
        "model": "gemini-2.5-flash",
        "action": "CODE_ANALYSIS",
        "details": {
            "input_prompt": "AUDIT FAILED BEFORE PROMPT COMPLETION",
            "output_response": "429 You exceeded your current quota, please check your plan and billing details. For more information on this error, head to: https://ai.google.dev/gemini-api/docs/rate-limits. To monitor your current usage, head to: https://ai.dev/rate-limit. \n* Quota exceeded for metric: generativelanguage.googleapis.com/generate_content_free_tier_requests, limit: 20, model: gemini-2.5-flash\nPlease retry in 30.178464912s. [links {\n  description: \"Learn more about Gemini API quotas\"\n  url: \"https://ai.google.dev/gemini-api/docs/rate-limits\"\n}\n, violations {\n  quota_metric: \"generativelanguage.googleapis.com/generate_content_free_tier_requests\"\n  quota_id: \"GenerateRequestsPerDayPerProjectPerModel-FreeTier\"\n  quota_dimensions {\n    key: \"model\"\n    value: \"gemini-2.5-flash\"\n  }\n  quota_dimensions {\n    key: \"location\"\n    value: \"global\"\n  }\n  quota_value: 20\n}\n, retry_delay {\n  seconds: 30\n}\n]",
            "file_path": "sandbox\\buggy_calculator.py",
            "error_type": "ResourceExhausted"
        },
        "status": "FAILURE"
    },
    {
        "id": "4cf46529-8217-4b87-8d6e-2f87d8558017",
        "timestamp": "2026-01-08T22:42:28.914397",
        "agent": "FixateurAgent",
        "model": "gemini-2.5-flash",
        "action": "CODE_ANALYSIS",
        "details": {
            "file_path": "sandbox\\buggy_calculator.py",
            "input_prompt": "\nFICHIER √Ä CORRIGER : buggy_calculator.py\n\nCODE BUGU√â :\n```python\n\"\"\"\nThis module provides basic calculator functions and a calculator class.\n\"\"\"\n\ndef calculate_average(numbers):\n    \"\"\"\n    Calculates the average of a list of numbers.\n\n    Args:\n        numbers (list): A list of numbers to calculate the average from.\n\n    Returns:\n        float: The average of the numbers in the list.\n               Returns 0 if the list is empty or contains non-numeric values.\n    \"\"\"\n    if not numbers:\n     ...",
            "output_response": "Erreur lors de l'appel √† Gemini : 429 You exceeded your current quota, please check your plan and billing details. For more information on this error, head to: https://ai.google.dev/gemini-api/docs/rate-limits. To monitor your current usage, head to: https://ai.dev/rate-limit. \n* Quota exceeded for metric: generativelanguage.googleapis.com/generate_content_free_tier_requests, limit: 20, model: gemini-2.5-flash\nPlease retry in 28.63354133s. [links {\n  description: \"Learn more about Gemini API quotas\"\n  url: \"https://ai.google.dev/gemini-api/docs/rate-limits\"\n}\n, violations {\n  quota_metric: \"generativelanguage.googleapis.com/generate_content_free_tier_requests\"\n  quota_id: \"GenerateRequestsPerDayPerProjectPerModel-FreeTier\"\n  quota_dimensions {\n    key: \"model\"\n    value: \"gemini-2.5-flash\"\n  }\n  quota_dimensions {\n    key: \"location\"\n    value: \"global\"\n  }\n  quota_value: 20\n}\n, retry_delay {\n  seconds: 28\n}\n]",
            "error_type": "ResourceExhausted"
        },
        "status": "FAILURE"
    },
    {
        "id": "46d6de65-5c65-473d-9f31-506e5fa4ee12",
        "timestamp": "2026-01-08T22:42:28.964156",
        "agent": "System",
        "model": "N/A",
        "action": "CODE_ANALYSIS",
        "details": {
            "files_analyzed": 1,
            "files_fixed": 0,
            "files_failed": 1,
            "total_delay_time": 0,
            "input_prompt": "Analyse compl√®te de 1 fichiers",
            "output_response": "Mission termin√©e avec succ√®s"
        },
        "status": "SUCCESS"
    },
    {
        "id": "d26b9e1f-b278-41f1-b73d-e2f7c286404e",
        "timestamp": "2026-01-08T22:49:22.138308",
        "agent": "System",
        "model": "N/A",
        "action": "CODE_ANALYSIS",
        "details": {
            "target_dir": "sandbox",
            "delay_seconds": 10,
            "input_prompt": "Scan du dossier sandbox",
            "output_response": "D√©marrage du syst√®me"
        },
        "status": "SUCCESS"
    },
    {
        "id": "ed1af1f7-61b9-4d29-ba9f-ed015d4c1612",
        "timestamp": "2026-01-08T22:49:22.185064",
        "agent": "System",
        "model": "N/A",
        "action": "CODE_ANALYSIS",
        "details": {
            "target_dir": "sandbox",
            "files_found": 1,
            "input_prompt": "Recherche de fichiers Python dans sandbox",
            "output_response": "1 fichiers trouv√©s"
        },
        "status": "SUCCESS"
    },
    {
        "id": "cd242cb5-dd0d-41b8-be2c-348b3e9968fe",
        "timestamp": "2026-01-08T22:49:25.479987",
        "agent": "Auditor",
        "model": "gemini-2.5-flash",
        "action": "CODE_ANALYSIS",
        "details": {
            "input_prompt": "AUDIT FAILED BEFORE PROMPT COMPLETION",
            "output_response": "429 You exceeded your current quota, please check your plan and billing details. For more information on this error, head to: https://ai.google.dev/gemini-api/docs/rate-limits. To monitor your current usage, head to: https://ai.dev/rate-limit. \n* Quota exceeded for metric: generativelanguage.googleapis.com/generate_content_free_tier_requests, limit: 20, model: gemini-2.5-flash\nPlease retry in 32.24480748s. [links {\n  description: \"Learn more about Gemini API quotas\"\n  url: \"https://ai.google.dev/gemini-api/docs/rate-limits\"\n}\n, violations {\n  quota_metric: \"generativelanguage.googleapis.com/generate_content_free_tier_requests\"\n  quota_id: \"GenerateRequestsPerDayPerProjectPerModel-FreeTier\"\n  quota_dimensions {\n    key: \"model\"\n    value: \"gemini-2.5-flash\"\n  }\n  quota_dimensions {\n    key: \"location\"\n    value: \"global\"\n  }\n  quota_value: 20\n}\n, retry_delay {\n  seconds: 32\n}\n]",
            "file_path": "sandbox\\buggy_calculator.py",
            "error_type": "ResourceExhausted"
        },
        "status": "FAILURE"
    },
    {
        "id": "376a9550-7add-4e3a-b50d-052f2b480795",
        "timestamp": "2026-01-08T22:49:26.297965",
        "agent": "FixateurAgent",
        "model": "gemini-2.5-flash",
        "action": "CODE_ANALYSIS",
        "details": {
            "file_path": "sandbox\\buggy_calculator.py",
            "input_prompt": "\nFICHIER √Ä CORRIGER : buggy_calculator.py\n\nCODE BUGU√â :\n```python\n\"\"\"\nThis module provides basic calculator functions and a calculator class.\n\"\"\"\n\ndef calculate_average(numbers):\n    \"\"\"\n    Calculates the average of a list of numbers.\n\n    Args:\n        numbers (list): A list of numbers to calculate the average from.\n\n    Returns:\n        float: The average of the numbers in the list.\n               Returns 0 if the list is empty or contains non-numeric values.\n    \"\"\"\n    if not numbers:\n     ...",
            "output_response": "Erreur lors de l'appel √† Gemini : 429 You exceeded your current quota, please check your plan and billing details. For more information on this error, head to: https://ai.google.dev/gemini-api/docs/rate-limits. To monitor your current usage, head to: https://ai.dev/rate-limit. \n* Quota exceeded for metric: generativelanguage.googleapis.com/generate_content_free_tier_requests, limit: 20, model: gemini-2.5-flash\nPlease retry in 31.318578814s. [links {\n  description: \"Learn more about Gemini API quotas\"\n  url: \"https://ai.google.dev/gemini-api/docs/rate-limits\"\n}\n, violations {\n  quota_metric: \"generativelanguage.googleapis.com/generate_content_free_tier_requests\"\n  quota_id: \"GenerateRequestsPerDayPerProjectPerModel-FreeTier\"\n  quota_dimensions {\n    key: \"model\"\n    value: \"gemini-2.5-flash\"\n  }\n  quota_dimensions {\n    key: \"location\"\n    value: \"global\"\n  }\n  quota_value: 20\n}\n, retry_delay {\n  seconds: 31\n}\n]",
            "error_type": "ResourceExhausted"
        },
        "status": "FAILURE"
    },
    {
        "id": "7e00782f-b4c5-4d44-b4f0-e758a1cc7761",
        "timestamp": "2026-01-08T22:49:26.355092",
        "agent": "System",
        "model": "N/A",
        "action": "CODE_ANALYSIS",
        "details": {
            "files_analyzed": 1,
            "files_fixed": 0,
            "files_failed": 1,
            "total_delay_time": 0,
            "input_prompt": "Analyse compl√®te de 1 fichiers",
            "output_response": "Mission termin√©e avec succ√®s"
        },
        "status": "SUCCESS"
    },
    {
        "id": "05ccaa84-3d54-43b9-b539-cde05d53fbd2",
        "timestamp": "2026-01-08T22:49:48.424927",
        "agent": "System",
        "model": "N/A",
        "action": "CODE_ANALYSIS",
        "details": {
            "target_dir": "sandbox",
            "delay_seconds": 10,
            "input_prompt": "Scan du dossier sandbox",
            "output_response": "D√©marrage du syst√®me"
        },
        "status": "SUCCESS"
    },
    {
        "id": "5bac973b-b5bc-4f69-ba49-561bbcecea6e",
        "timestamp": "2026-01-08T22:49:48.473092",
        "agent": "System",
        "model": "N/A",
        "action": "CODE_ANALYSIS",
        "details": {
            "target_dir": "sandbox",
            "files_found": 1,
            "input_prompt": "Recherche de fichiers Python dans sandbox",
            "output_response": "1 fichiers trouv√©s"
        },
        "status": "SUCCESS"
    },
    {
        "id": "7dd6a598-ec50-4109-9f5e-9df580d3a1bb",
        "timestamp": "2026-01-08T22:50:01.632886",
        "agent": "Auditor",
        "model": "gemma-3-27b-it",
        "action": "CODE_ANALYSIS",
        "details": {
            "file_path": "sandbox\\buggy_calculator.py",
            "code_length": 2514,
            "pylint_report": "************* Module buggy_calculator\nsandbox\\buggy_calculator.py:34:0: C0303: Trailing whitespace (trailing-whitespace)\nsandbox\\buggy_calculator.py:48:0: C0303: Trailing whitespace (trailing-whitespace)\nsandbox\\buggy_calculator.py:66:0: C0303: Trailing whitespace (trailing-whitespace)\nsandbox\\buggy_calculator.py:107:0: C0304: Final newline missing (missing-final-newline)\nsandbox\\buggy_calculator.py:93:4: R1705: Unnecessary \"else\" after \"return\", remove the \"else\" and de-indent the code inside it (no-else-return)\n\n------------------------------------------------------------------\nYour code has been rated at 8.44/10 (previous run: 8.44/10, +0.00)\n\n",
            "input_prompt": "Fichier analys√© : sandbox\\buggy_calculator.py\n\n--- CODE SOURCE ---\n```python\n\"\"\"\nThis module provides basic calculator functions and a calculator class.\n\"\"\"\n\ndef calculate_average(numbers):\n    \"\"\"\n    Calculates the average of a list of numbers.\n\n    Args:\n        numbers (list): A list of numbers to calculate the average from.\n\n    Returns:\n        float: The average of the numbers in the list.\n               Returns 0 if the list is empty or contains non-numeric values.\n    \"\"\"\n    if not numbers:\n        return 0\n    total = 0\n    for number in numbers:\n        if not isinstance(number, (int, float)):\n            return 0\n        total += number\n    return total / len(numbers)\n\nclass Calculator:\n    \"\"\"\n    A simple calculator class that performs basic arithmetic operations.\n    \"\"\"\n    def __init__(self):\n        \"\"\"\n        Initializes the calculator with a result of 0.\n        \"\"\"\n        self.result = 0\n    \n    def add(self, x, y):\n        \"\"\"\n        Adds two numbers and stores the result.\n\n        Args:\n            x (int or float): The first number.\n            y (int or float): The second number.\n\n        Returns:\n            int or float: The sum of x and y.\n        \"\"\"\n        self.result = x + y\n        return self.result\n    \n    def divide(self, a, b):\n        \"\"\"\n        Divides two numbers.\n\n        Args:\n            a (int or float): The numerator.\n            b (int or float): The denominator.\n\n        Returns:\n            float: The result of the division.\n\n        Raises:\n            ZeroDivisionError: If the denominator is zero.\n        \"\"\"\n        if b == 0:\n            raise ZeroDivisionError(\"Cannot divide by zero.\")\n        return a / b\n    \n    def power(self, base, exponent):\n        \"\"\"\n        Calculates the power of a number.\n\n        Args:\n            base (int or float): The base number.\n            exponent (int): The exponent.\n\n        Returns:\n            int or float: The result of raising the base to the exponent.\n        \"\"\"\n        result = 1\n        for _ in range(exponent):\n            result = result * base\n        return result\n\ndef process_data(data):\n    \"\"\"\n    Processes data based on its type.\n\n    Args:\n        data (list or other): The data to process.\n\n    Returns:\n        int or float: The sum of the data if it's a list, otherwise 0.\n    \"\"\"\n    if isinstance(data, list):\n        return sum(data)\n    else:\n        return 0\n\ndef buggy_function():\n    \"\"\"\n    A simple function that adds two numbers.\n\n    Returns:\n        int: The sum of 10 and 20.\n    \"\"\"\n    x = 10\n    y = 20\n    return x + y\n```\n\n--- RAPPORT PYLINT ---\n************* Module buggy_calculator\nsandbox\\buggy_calculator.py:34:0: C0303: Trailing whitespace (trailing-whitespace)\nsandbox\\buggy_calculator.py:48:0: C0303: Trailing whitespace (trailing-whitespace)\nsandbox\\buggy_calculator.py:66:0: C0303: Trailing whitespace (trailing-whitespace)\nsandbox\\buggy_calculator.py:107:0: C0304: Final newline missing (missing-final-newline)\nsandbox\\buggy_calculator.py:93:4: R1705: Unnecessary \"else\" after \"return\", remove the \"else\" and de-indent the code inside it (no-else-return)\n\n------------------------------------------------------------------\nYour code has been rated at 8.44/10 (previous run: 8.44/10, +0.00)\n\n\n\nG√©n√®re un plan de refactoring d√©taill√© bas√© sur :\n1. Les probl√®mes identifi√©s par Pylint\n2. Les bugs logiques potentiels que tu d√©tectes dans le code\n3. Les probl√®mes de s√©curit√© (division par z√©ro, fichiers non ferm√©s, etc.)\n4. Les violations des bonnes pratiques Python",
            "output_response": "## 1. Analyse des Probl√®mes\n- [CRITIQUE] : 1 probl√®me\n- [IMPORTANT] : 2 probl√®mes\n- [MINEUR] : 4 probl√®mes\n\n## 2. Plan de Correction\n\n### [CRITIQUE]\n1. Division par z√©ro - Ligne 56 : La division par z√©ro est g√©r√©e, mais la gestion pourrait √™tre am√©lior√©e en loggant l'erreur. ‚Üí Ajouter un logging pour l'erreur ZeroDivisionError.\n\n### [IMPORTANT]\n1. Redondance \"else\" - Ligne 93 : La clause \"else\" apr√®s un \"return\" est inutile et nuit √† la lisibilit√©. ‚Üí Supprimer la clause \"else\" et d√©-indenter le code.\n2. Type hinting - Lignes 1, 34, 48, 66, 93 : Absence de type hinting pour une meilleure lisibilit√© et maintenabilit√©. ‚Üí Ajouter des annotations de type pour les arguments et les valeurs de retour.\n\n### [MINEUR]\n1. Espaces en fin de ligne - Lignes 34, 48, 66 : Pr√©sence d'espaces inutiles en fin de ligne. ‚Üí Supprimer les espaces en fin de ligne.\n2. Nouvelle ligne finale - Ligne 107 : Absence de nouvelle ligne finale dans le fichier. ‚Üí Ajouter une nouvelle ligne √† la fin du fichier.\n3. Docstrings - Ligne 1 : Docstring du module trop g√©n√©rale. ‚Üí Pr√©ciser le but du module.\n4. Docstrings - Ligne 10 : Docstring de `buggy_function` inutilement d√©taill√©e. ‚Üí Simplifier la docstring.\n\n## 3. Remarques\nAm√©liorer la gestion des erreurs, notamment en ajoutant du logging.\nConsid√©rer l'ajout de tests unitaires pour valider le comportement des fonctions.\nL'utilisation de type hinting am√©liorera la lisibilit√© et la maintenabilit√© du code."
        },
        "status": "SUCCESS"
    },
    {
        "id": "55de15f0-4b20-4f20-9328-b4868e95bd8e",
        "timestamp": "2026-01-08T22:50:19.863494",
        "agent": "FixateurAgent",
        "model": "gemma-3-27b-it",
        "action": "CODE_ANALYSIS",
        "details": {
            "file_path": "sandbox\\buggy_calculator.py",
            "audit_file": "audit_reports\\buggy_calculator_audit.txt",
            "input_prompt": "\nFICHIER √Ä CORRIGER : buggy_calculator.py\n\nCODE BUGU√â :\n```python\n\"\"\"\nThis module provides basic calculator functions and a calculator class.\n\"\"\"\n\ndef calculate_average(numbers):\n    \"\"\"\n    Calculates the average of a list of numbers.\n\n    Args:\n        numbers (list): A list of numbers to calculate the average from.\n\n    Returns:\n        float: The average of the numbers in the list.\n               Returns 0 if the list is empty or contains non-numeric values.\n    \"\"\"\n    if not numbers:\n     ...",
            "output_response": "Code corrig√© avec succ√®s (2753 caract√®res)",
            "code_length_before": 2514,
            "code_length_after": 2753
        },
        "status": "SUCCESS"
    },
    {
        "id": "a0597a03-0936-4a55-ab32-d62956f7b192",
        "timestamp": "2026-01-08T22:50:19.925034",
        "agent": "System",
        "model": "N/A",
        "action": "CODE_ANALYSIS",
        "details": {
            "files_analyzed": 1,
            "files_fixed": 1,
            "files_failed": 0,
            "total_delay_time": 0,
            "input_prompt": "Analyse compl√®te de 1 fichiers",
            "output_response": "Mission termin√©e avec succ√®s"
        },
        "status": "SUCCESS"
    }
]